<?xml version="1.0" encoding="UTF-8"?>
<coverage generated="1683621261850" clover="3.2.0">
  <project timestamp="1683621261850" name="All files">
    <metrics statements="4092" coveredstatements="3462" conditionals="2312" coveredconditionals="1752" methods="1188" coveredmethods="941" elements="7592" coveredelements="6155" complexity="0" loc="4092" ncloc="4092" packages="95" files="203" classes="203"/>
    <package name="app">
      <metrics statements="51" coveredstatements="49" conditionals="2" coveredconditionals="2" methods="17" coveredmethods="2"/>
      <file name="constants.js" path="/Users/tr-hcakmak/Desktop/pwa-kit-starter-project/app/constants.js">
        <metrics statements="23" coveredstatements="23" conditionals="0" coveredconditionals="0" methods="0" coveredmethods="0"/>
        <line num="11" count="84" type="stmt"/>
        <line num="12" count="84" type="stmt"/>
        <line num="13" count="84" type="stmt"/>
        <line num="16" count="84" type="stmt"/>
        <line num="17" count="84" type="stmt"/>
        <line num="20" count="84" type="stmt"/>
        <line num="21" count="84" type="stmt"/>
        <line num="22" count="84" type="stmt"/>
        <line num="25" count="84" type="stmt"/>
        <line num="26" count="84" type="stmt"/>
        <line num="29" count="84" type="stmt"/>
        <line num="30" count="84" type="stmt"/>
        <line num="31" count="84" type="stmt"/>
        <line num="33" count="84" type="stmt"/>
        <line num="54" count="84" type="stmt"/>
        <line num="56" count="84" type="stmt"/>
        <line num="58" count="84" type="stmt"/>
        <line num="63" count="84" type="stmt"/>
        <line num="65" count="84" type="stmt"/>
        <line num="67" count="84" type="stmt"/>
        <line num="79" count="84" type="stmt"/>
        <line num="84" count="84" type="stmt"/>
        <line num="89" count="84" type="stmt"/>
      </file>
      <file name="request-processor.js" path="/Users/tr-hcakmak/Desktop/pwa-kit-starter-project/app/request-processor.js">
        <metrics statements="10" coveredstatements="10" conditionals="2" coveredconditionals="2" methods="2" coveredmethods="2"/>
        <line num="57" count="1" type="stmt"/>
        <line num="70" count="2" type="stmt"/>
        <line num="83" count="2" type="cond" truecount="2" falsecount="0"/>
        <line num="84" count="1" type="stmt"/>
        <line num="85" count="1" type="stmt"/>
        <line num="89" count="2" type="stmt"/>
        <line num="93" count="2" type="stmt"/>
        <line num="96" count="4" type="stmt"/>
        <line num="101" count="2" type="stmt"/>
        <line num="114" count="2" type="stmt"/>
      </file>
      <file name="routes.jsx" path="/Users/tr-hcakmak/Desktop/pwa-kit-starter-project/app/routes.jsx">
        <metrics statements="18" coveredstatements="16" conditionals="0" coveredconditionals="0" methods="15" coveredmethods="0"/>
        <line num="9" count="1" type="stmt"/>
        <line num="12" count="1" type="stmt"/>
        <line num="13" count="1" type="stmt"/>
        <line num="14" count="1" type="stmt"/>
        <line num="15" count="1" type="stmt"/>
        <line num="16" count="1" type="stmt"/>
        <line num="17" count="1" type="stmt"/>
        <line num="18" count="1" type="stmt"/>
        <line num="19" count="1" type="stmt"/>
        <line num="20" count="1" type="stmt"/>
        <line num="21" count="1" type="stmt"/>
        <line num="22" count="1" type="stmt"/>
        <line num="23" count="1" type="stmt"/>
        <line num="24" count="1" type="stmt"/>
        <line num="25" count="1" type="stmt"/>
        <line num="27" count="1" type="stmt"/>
        <line num="99" count="0" type="stmt"/>
        <line num="100" count="0" type="stmt"/>
      </file>
    </package>
    <package name="app.commerce-api">
      <metrics statements="613" coveredstatements="526" conditionals="227" coveredconditionals="171" methods="138" coveredmethods="112"/>
      <file name="auth.js" path="/Users/tr-hcakmak/Desktop/pwa-kit-starter-project/app/commerce-api/auth.js">
        <metrics statements="165" coveredstatements="139" conditionals="53" coveredconditionals="36" methods="39" coveredmethods="31"/>
        <line num="29" count="74" type="stmt"/>
        <line num="30" count="74" type="stmt"/>
        <line num="31" count="74" type="stmt"/>
        <line num="32" count="74" type="stmt"/>
        <line num="33" count="74" type="stmt"/>
        <line num="34" count="74" type="stmt"/>
        <line num="35" count="74" type="stmt"/>
        <line num="36" count="74" type="stmt"/>
        <line num="37" count="74" type="stmt"/>
        <line num="39" count="74" type="stmt"/>
        <line num="40" count="74" type="stmt"/>
        <line num="45" count="74" type="stmt"/>
        <line num="48" count="359" type="stmt"/>
        <line num="49" count="359" type="stmt"/>
        <line num="50" count="359" type="stmt"/>
        <line num="55" count="359" type="cond" truecount="1" falsecount="1"/>
        <line num="57" count="359" type="stmt"/>
        <line num="58" count="359" type="cond" truecount="2" falsecount="0"/>
        <line num="59" count="106" type="stmt"/>
        <line num="62" count="359" type="cond" truecount="1" falsecount="1"/>
        <line num="63" count="0" type="stmt"/>
        <line num="64" count="0" type="stmt"/>
        <line num="67" count="359" type="stmt"/>
        <line num="68" count="359" type="stmt"/>
        <line num="75" count="74" type="stmt"/>
        <line num="85" count="305" type="stmt"/>
        <line num="89" count="673" type="stmt"/>
        <line num="93" count="79" type="stmt"/>
        <line num="97" count="59" type="cond" truecount="2" falsecount="0"/>
        <line num="104" count="55" type="cond" truecount="2" falsecount="0"/>
        <line num="107" count="55" type="stmt"/>
        <line num="111" count="30" type="stmt"/>
        <line num="115" count="74" type="stmt"/>
        <line num="119" count="4" type="stmt"/>
        <line num="123" count="73" type="stmt"/>
        <line num="127" count="3" type="stmt"/>
        <line num="131" count="74" type="stmt"/>
        <line num="135" count="718" type="stmt"/>
        <line num="139" count="106" type="stmt"/>
        <line num="149" count="76" type="cond" truecount="2" falsecount="0"/>
        <line num="150" count="75" type="stmt"/>
        <line num="153" count="75" type="stmt"/>
        <line num="154" count="75" type="stmt"/>
        <line num="157" count="1" type="stmt"/>
        <line num="158" count="1" type="stmt"/>
        <line num="167" count="68" type="stmt"/>
        <line num="168" count="68" type="stmt"/>
        <line num="169" count="68" type="stmt"/>
        <line num="170" count="68" type="stmt"/>
        <line num="171" count="68" type="stmt"/>
        <line num="172" count="68" type="stmt"/>
        <line num="173" count="68" type="stmt"/>
        <line num="174" count="68" type="stmt"/>
        <line num="176" count="68" type="stmt"/>
        <line num="183" count="68" type="stmt"/>
        <line num="185" count="68" type="cond" truecount="1" falsecount="1"/>
        <line num="186" count="0" type="stmt"/>
        <line num="188" count="68" type="stmt"/>
        <line num="189" count="68" type="stmt"/>
        <line num="200" count="78" type="cond" truecount="2" falsecount="0"/>
        <line num="201" count="1" type="stmt"/>
        <line num="203" count="77" type="stmt"/>
        <line num="204" count="77" type="stmt"/>
        <line num="205" count="77" type="stmt"/>
        <line num="206" count="77" type="cond" truecount="2" falsecount="0"/>
        <line num="207" count="27" type="stmt"/>
        <line num="208" count="50" type="cond" truecount="2" falsecount="0"/>
        <line num="209" count="4" type="stmt"/>
        <line num="210" count="46" type="cond" truecount="2" falsecount="0"/>
        <line num="211" count="5" type="stmt"/>
        <line num="213" count="77" type="stmt"/>
        <line num="214" count="1" type="stmt"/>
        <line num="215" count="1" type="cond" truecount="3" falsecount="1"/>
        <line num="216" count="0" type="stmt"/>
        <line num="217" count="0" type="stmt"/>
        <line num="218" count="0" type="stmt"/>
        <line num="220" count="1" type="stmt"/>
        <line num="224" count="77" type="stmt"/>
        <line num="227" count="77" type="stmt"/>
        <line num="230" count="77" type="stmt"/>
        <line num="239" count="2" type="stmt"/>
        <line num="246" count="2" type="stmt"/>
        <line num="247" count="2" type="stmt"/>
        <line num="248" count="2" type="cond" truecount="1" falsecount="1"/>
        <line num="249" count="2" type="stmt"/>
        <line num="260" count="73" type="stmt"/>
        <line num="261" count="73" type="stmt"/>
        <line num="262" count="73" type="stmt"/>
        <line num="263" count="73" type="stmt"/>
        <line num="266" count="73" type="cond" truecount="1" falsecount="1"/>
        <line num="267" count="73" type="stmt"/>
        <line num="268" count="73" type="stmt"/>
        <line num="270" count="0" type="stmt"/>
        <line num="273" count="73" type="cond" truecount="1" falsecount="1"/>
        <line num="274" count="73" type="stmt"/>
        <line num="280" count="4" type="stmt"/>
        <line num="285" count="4" type="stmt"/>
        <line num="294" count="27" type="stmt"/>
        <line num="295" count="27" type="stmt"/>
        <line num="297" count="27" type="stmt"/>
        <line num="299" count="27" type="stmt"/>
        <line num="300" count="27" type="stmt"/>
        <line num="314" count="27" type="stmt"/>
        <line num="315" count="27" type="cond" truecount="2" falsecount="0"/>
        <line num="316" count="1" type="stmt"/>
        <line num="317" count="1" type="stmt"/>
        <line num="320" count="26" type="stmt"/>
        <line num="326" count="26" type="stmt"/>
        <line num="327" count="26" type="stmt"/>
        <line num="332" count="26" type="stmt"/>
        <line num="340" count="41" type="stmt"/>
        <line num="341" count="41" type="stmt"/>
        <line num="343" count="41" type="cond" truecount="1" falsecount="1"/>
        <line num="344" count="41" type="stmt"/>
        <line num="347" count="41" type="stmt"/>
        <line num="361" count="41" type="stmt"/>
        <line num="362" count="41" type="cond" truecount="1" falsecount="1"/>
        <line num="363" count="0" type="stmt"/>
        <line num="364" count="0" type="stmt"/>
        <line num="365" count="0" type="stmt"/>
        <line num="366" count="0" type="stmt"/>
        <line num="367" count="0" type="cond" truecount="0" falsecount="2"/>
        <line num="368" count="0" type="stmt"/>
        <line num="371" count="0" type="stmt"/>
        <line num="374" count="41" type="stmt"/>
        <line num="380" count="41" type="stmt"/>
        <line num="383" count="41" type="stmt"/>
        <line num="388" count="41" type="stmt"/>
        <line num="397" count="0" type="stmt"/>
        <line num="398" count="0" type="stmt"/>
        <line num="404" count="0" type="stmt"/>
        <line num="405" count="0" type="stmt"/>
        <line num="414" count="5" type="stmt"/>
        <line num="415" count="5" type="stmt"/>
        <line num="416" count="5" type="stmt"/>
        <line num="417" count="5" type="stmt"/>
        <line num="419" count="5" type="stmt"/>
        <line num="425" count="5" type="stmt"/>
        <line num="427" count="5" type="cond" truecount="1" falsecount="1"/>
        <line num="428" count="0" type="stmt"/>
        <line num="430" count="5" type="stmt"/>
        <line num="432" count="5" type="stmt"/>
        <line num="433" count="5" type="stmt"/>
        <line num="438" count="5" type="cond" truecount="3" falsecount="1"/>
        <line num="439" count="5" type="stmt"/>
        <line num="441" count="5" type="stmt"/>
        <line num="449" count="58" type="stmt"/>
        <line num="450" count="58" type="stmt"/>
        <line num="451" count="58" type="stmt"/>
        <line num="452" count="58" type="stmt"/>
        <line num="453" count="58" type="stmt"/>
        <line num="454" count="58" type="stmt"/>
        <line num="455" count="58" type="stmt"/>
        <line num="469" count="0" type="stmt"/>
        <line num="470" count="0" type="cond" truecount="0" falsecount="2"/>
        <line num="471" count="0" type="stmt"/>
        <line num="475" count="0" type="stmt"/>
        <line num="478" count="0" type="stmt"/>
        <line num="481" count="0" type="stmt"/>
        <line num="487" count="359" type="stmt"/>
        <line num="488" count="359" type="cond" truecount="1" falsecount="1"/>
        <line num="489" count="0" type="stmt"/>
        <line num="493" count="482" type="stmt"/>
        <line num="496" count="1542" type="stmt"/>
        <line num="499" count="482" type="stmt"/>
      </file>
      <file name="contexts.js" path="/Users/tr-hcakmak/Desktop/pwa-kit-starter-project/app/commerce-api/contexts.js">
        <metrics statements="47" coveredstatements="14" conditionals="13" coveredconditionals="0" methods="13" coveredmethods="2"/>
        <line num="12" count="77" type="stmt"/>
        <line num="13" count="77" type="stmt"/>
        <line num="14" count="8412" type="stmt"/>
        <line num="39" count="77" type="stmt"/>
        <line num="40" count="77" type="stmt"/>
        <line num="43" count="77" type="stmt"/>
        <line num="44" count="77" type="stmt"/>
        <line num="47" count="77" type="stmt"/>
        <line num="54" count="77" type="stmt"/>
        <line num="62" count="77" type="stmt"/>
        <line num="64" count="77" type="stmt"/>
        <line num="65" count="306" type="stmt"/>
        <line num="66" count="0" type="cond" truecount="0" falsecount="7"/>
        <line num="68" count="0" type="stmt"/>
        <line num="69" count="0" type="stmt"/>
        <line num="74" count="0" type="stmt"/>
        <line num="77" count="0" type="stmt"/>
        <line num="82" count="0" type="stmt"/>
        <line num="91" count="0" type="stmt"/>
        <line num="92" count="0" type="stmt"/>
        <line num="93" count="0" type="cond" truecount="0" falsecount="2"/>
        <line num="97" count="0" type="stmt"/>
        <line num="98" count="0" type="cond" truecount="0" falsecount="2"/>
        <line num="99" count="0" type="stmt"/>
        <line num="101" count="0" type="stmt"/>
        <line num="103" count="0" type="stmt"/>
        <line num="115" count="0" type="stmt"/>
        <line num="116" count="0" type="stmt"/>
        <line num="118" count="0" type="cond" truecount="0" falsecount="2"/>
        <line num="119" count="0" type="stmt"/>
        <line num="124" count="0" type="stmt"/>
        <line num="127" count="0" type="stmt"/>
        <line num="139" count="0" type="stmt"/>
        <line num="140" count="0" type="stmt"/>
        <line num="143" count="0" type="stmt"/>
        <line num="146" count="0" type="stmt"/>
        <line num="148" count="0" type="stmt"/>
        <line num="151" count="0" type="stmt"/>
        <line num="154" count="0" type="stmt"/>
        <line num="158" count="306" type="stmt"/>
        <line num="159" count="0" type="stmt"/>
        <line num="160" count="0" type="stmt"/>
        <line num="162" count="0" type="stmt"/>
        <line num="164" count="0" type="stmt"/>
        <line num="166" count="0" type="stmt"/>
        <line num="167" count="0" type="stmt"/>
        <line num="170" count="306" type="stmt"/>
      </file>
      <file name="einstein.js" path="/Users/tr-hcakmak/Desktop/pwa-kit-starter-project/app/commerce-api/einstein.js">
        <metrics statements="110" coveredstatements="101" conditionals="30" coveredconditionals="17" methods="28" coveredmethods="26"/>
        <line num="12" count="270" type="stmt"/>
        <line num="13" count="270" type="stmt"/>
        <line num="23" count="13" type="stmt"/>
        <line num="24" count="13" type="stmt"/>
        <line num="26" count="13" type="stmt"/>
        <line num="30" count="13" type="cond" truecount="1" falsecount="1"/>
        <line num="31" count="0" type="stmt"/>
        <line num="36" count="13" type="cond" truecount="1" falsecount="1"/>
        <line num="37" count="13" type="stmt"/>
        <line num="39" count="0" type="stmt"/>
        <line num="43" count="13" type="cond" truecount="1" falsecount="1"/>
        <line num="44" count="13" type="stmt"/>
        <line num="47" count="13" type="cond" truecount="1" falsecount="1"/>
        <line num="48" count="0" type="stmt"/>
        <line num="50" count="13" type="stmt"/>
        <line num="53" count="13" type="stmt"/>
        <line num="60" count="12" type="cond" truecount="4" falsecount="1"/>
        <line num="64" count="2" type="stmt"/>
        <line num="70" count="10" type="cond" truecount="1" falsecount="1"/>
        <line num="82" count="10" type="stmt"/>
        <line num="90" count="0" type="stmt"/>
        <line num="106" count="2" type="stmt"/>
        <line num="115" count="14" type="stmt"/>
        <line num="116" count="14" type="stmt"/>
        <line num="118" count="14" type="stmt"/>
        <line num="124" count="14" type="cond" truecount="2" falsecount="0"/>
        <line num="125" count="13" type="stmt"/>
        <line num="129" count="14" type="stmt"/>
        <line num="130" count="14" type="stmt"/>
        <line num="138" count="0" type="stmt"/>
        <line num="141" count="14" type="cond" truecount="1" falsecount="1"/>
        <line num="142" count="0" type="stmt"/>
        <line num="145" count="14" type="stmt"/>
        <line num="147" count="14" type="stmt"/>
        <line num="155" count="1" type="stmt"/>
        <line num="156" count="1" type="stmt"/>
        <line num="157" count="1" type="stmt"/>
        <line num="162" count="1" type="stmt"/>
        <line num="169" count="1" type="stmt"/>
        <line num="170" count="1" type="stmt"/>
        <line num="172" count="1" type="stmt"/>
        <line num="173" count="4" type="stmt"/>
        <line num="176" count="1" type="stmt"/>
        <line num="183" count="1" type="stmt"/>
        <line num="190" count="1" type="stmt"/>
        <line num="191" count="1" type="stmt"/>
        <line num="192" count="1" type="stmt"/>
        <line num="198" count="1" type="stmt"/>
        <line num="205" count="1" type="stmt"/>
        <line num="206" count="1" type="stmt"/>
        <line num="208" count="1" type="stmt"/>
        <line num="209" count="4" type="stmt"/>
        <line num="212" count="1" type="stmt"/>
        <line num="221" count="1" type="stmt"/>
        <line num="229" count="1" type="stmt"/>
        <line num="230" count="1" type="stmt"/>
        <line num="231" count="1" type="stmt"/>
        <line num="239" count="1" type="stmt"/>
        <line num="247" count="1" type="stmt"/>
        <line num="248" count="1" type="stmt"/>
        <line num="249" count="1" type="stmt"/>
        <line num="250" count="1" type="stmt"/>
        <line num="257" count="1" type="stmt"/>
        <line num="265" count="1" type="stmt"/>
        <line num="266" count="1" type="stmt"/>
        <line num="267" count="1" type="stmt"/>
        <line num="268" count="1" type="stmt"/>
        <line num="275" count="1" type="stmt"/>
        <line num="283" count="1" type="stmt"/>
        <line num="284" count="1" type="stmt"/>
        <line num="285" count="1" type="stmt"/>
        <line num="290" count="1" type="stmt"/>
        <line num="297" count="1" type="stmt"/>
        <line num="298" count="1" type="stmt"/>
        <line num="299" count="1" type="stmt"/>
        <line num="300" count="1" type="stmt"/>
        <line num="301" count="1" type="stmt"/>
        <line num="307" count="1" type="stmt"/>
        <line num="315" count="1" type="stmt"/>
        <line num="316" count="1" type="stmt"/>
        <line num="317" count="1" type="stmt"/>
        <line num="324" count="1" type="stmt"/>
        <line num="332" count="1" type="stmt"/>
        <line num="333" count="1" type="stmt"/>
        <line num="334" count="1" type="stmt"/>
        <line num="339" count="1" type="stmt"/>
        <line num="347" count="1" type="stmt"/>
        <line num="348" count="1" type="stmt"/>
        <line num="349" count="1" type="stmt"/>
        <line num="351" count="1" type="stmt"/>
        <line num="359" count="1" type="stmt"/>
        <line num="360" count="1" type="stmt"/>
        <line num="361" count="1" type="stmt"/>
        <line num="362" count="0" type="stmt"/>
        <line num="367" count="1" type="stmt"/>
        <line num="369" count="1" type="stmt"/>
        <line num="371" count="1" type="stmt"/>
        <line num="379" count="1" type="stmt"/>
        <line num="380" count="1" type="stmt"/>
        <line num="382" count="1" type="stmt"/>
        <line num="383" count="0" type="stmt"/>
        <line num="388" count="1" type="stmt"/>
        <line num="390" count="1" type="stmt"/>
        <line num="394" count="2" type="stmt"/>
        <line num="395" count="2" type="cond" truecount="1" falsecount="1"/>
        <line num="397" count="2" type="stmt"/>
        <line num="402" count="2" type="stmt"/>
        <line num="405" count="2" type="stmt"/>
        <line num="406" count="2" type="stmt"/>
        <line num="415" count="0" type="stmt"/>
      </file>
      <file name="index.js" path="/Users/tr-hcakmak/Desktop/pwa-kit-starter-project/app/commerce-api/index.js">
        <metrics statements="42" coveredstatements="42" conditionals="28" coveredconditionals="25" methods="10" coveredmethods="10"/>
        <line num="53" count="416" type="stmt"/>
        <line num="56" count="416" type="stmt"/>
        <line num="58" count="416" type="stmt"/>
        <line num="60" count="416" type="stmt"/>
        <line num="62" count="416" type="cond" truecount="1" falsecount="1"/>
        <line num="63" count="416" type="stmt"/>
        <line num="72" count="416" type="stmt"/>
        <line num="107" count="416" type="stmt"/>
        <line num="108" count="416" type="stmt"/>
        <line num="109" count="3744" type="stmt"/>
        <line num="110" count="3744" type="stmt"/>
        <line num="114" count="510" type="cond" truecount="2" falsecount="0"/>
        <line num="115" count="509" type="stmt"/>
        <line num="116" count="508" type="stmt"/>
        <line num="117" count="508" type="stmt"/>
        <line num="119" count="508" type="cond" truecount="2" falsecount="0"/>
        <line num="120" count="1" type="stmt"/>
        <line num="130" count="507" type="cond" truecount="2" falsecount="0"/>
        <line num="132" count="507" type="cond" truecount="1" falsecount="1"/>
        <line num="136" count="507" type="cond" truecount="2" falsecount="0"/>
        <line num="140" count="507" type="stmt"/>
        <line num="147" count="507" type="stmt"/>
        <line num="148" count="507" type="stmt"/>
        <line num="149" count="402" type="stmt"/>
        <line num="154" count="1" type="stmt"/>
        <line num="158" count="3744" type="stmt"/>
        <line num="160" count="518" type="stmt"/>
        <line num="164" count="416" type="stmt"/>
        <line num="172" count="1" type="stmt"/>
        <line num="185" count="505" type="cond" truecount="2" falsecount="0"/>
        <line num="190" count="141" type="stmt"/>
        <line num="194" count="364" type="stmt"/>
        <line num="195" count="364" type="cond" truecount="2" falsecount="0"/>
        <line num="196" count="27" type="stmt"/>
        <line num="202" count="364" type="cond" truecount="2" falsecount="0"/>
        <line num="204" count="37" type="stmt"/>
        <line num="208" count="364" type="stmt"/>
        <line num="209" count="364" type="stmt"/>
        <line num="213" count="364" type="stmt"/>
        <line num="225" count="401" type="cond" truecount="2" falsecount="0"/>
        <line num="226" count="16" type="stmt"/>
        <line num="229" count="385" type="stmt"/>
      </file>
      <file name="mock-data.js" path="/Users/tr-hcakmak/Desktop/pwa-kit-starter-project/app/commerce-api/mock-data.js">
        <metrics statements="26" coveredstatements="26" conditionals="0" coveredconditionals="0" methods="0" coveredmethods="0"/>
        <line num="8" count="102" type="stmt"/>
        <line num="9" count="102" type="stmt"/>
        <line num="22" count="102" type="stmt"/>
        <line num="35" count="102" type="stmt"/>
        <line num="36" count="102" type="stmt"/>
        <line num="37" count="102" type="stmt"/>
        <line num="39" count="102" type="stmt"/>
        <line num="43" count="102" type="stmt"/>
        <line num="78" count="102" type="stmt"/>
        <line num="202" count="102" type="stmt"/>
        <line num="386" count="102" type="stmt"/>
        <line num="426" count="102" type="stmt"/>
        <line num="538" count="102" type="stmt"/>
        <line num="548" count="102" type="stmt"/>
        <line num="599" count="102" type="stmt"/>
        <line num="669" count="102" type="stmt"/>
        <line num="724" count="102" type="stmt"/>
        <line num="730" count="102" type="stmt"/>
        <line num="1288" count="102" type="stmt"/>
        <line num="1752" count="102" type="stmt"/>
        <line num="2549" count="102" type="stmt"/>
        <line num="2576" count="102" type="stmt"/>
        <line num="2592" count="102" type="stmt"/>
        <line num="2988" count="102" type="stmt"/>
        <line num="3001" count="102" type="stmt"/>
        <line num="3021" count="102" type="stmt"/>
      </file>
      <file name="ocapi-shopper-baskets.js" path="/Users/tr-hcakmak/Desktop/pwa-kit-starter-project/app/commerce-api/ocapi-shopper-baskets.js">
        <metrics statements="98" coveredstatements="86" conditionals="34" coveredconditionals="30" methods="18" coveredmethods="16"/>
        <line num="21" count="412" type="stmt"/>
        <line num="25" count="3" type="stmt"/>
        <line num="29" count="2" type="stmt"/>
        <line num="30" count="2" type="stmt"/>
        <line num="31" count="2" type="cond" truecount="2" falsecount="0"/>
        <line num="32" count="1" type="stmt"/>
        <line num="37" count="1" type="stmt"/>
        <line num="38" count="1" type="stmt"/>
        <line num="42" count="4" type="stmt"/>
        <line num="43" count="4" type="stmt"/>
        <line num="44" count="4" type="cond" truecount="2" falsecount="0"/>
        <line num="45" count="2" type="stmt"/>
        <line num="47" count="2" type="stmt"/>
        <line num="48" count="2" type="stmt"/>
        <line num="52" count="5" type="stmt"/>
        <line num="53" count="5" type="stmt"/>
        <line num="54" count="5" type="cond" truecount="2" falsecount="0"/>
        <line num="55" count="2" type="stmt"/>
        <line num="60" count="3" type="stmt"/>
        <line num="61" count="3" type="stmt"/>
        <line num="71" count="4" type="stmt"/>
        <line num="72" count="4" type="stmt"/>
        <line num="73" count="4" type="cond" truecount="2" falsecount="0"/>
        <line num="74" count="2" type="stmt"/>
        <line num="79" count="2" type="stmt"/>
        <line num="80" count="2" type="stmt"/>
        <line num="90" count="4" type="stmt"/>
        <line num="91" count="4" type="stmt"/>
        <line num="92" count="4" type="cond" truecount="2" falsecount="0"/>
        <line num="93" count="2" type="stmt"/>
        <line num="95" count="2" type="stmt"/>
        <line num="96" count="2" type="stmt"/>
        <line num="105" count="6" type="stmt"/>
        <line num="106" count="6" type="stmt"/>
        <line num="107" count="6" type="cond" truecount="2" falsecount="0"/>
        <line num="108" count="2" type="stmt"/>
        <line num="113" count="4" type="stmt"/>
        <line num="114" count="4" type="stmt"/>
        <line num="124" count="4" type="stmt"/>
        <line num="125" count="4" type="stmt"/>
        <line num="126" count="4" type="cond" truecount="2" falsecount="0"/>
        <line num="127" count="2" type="stmt"/>
        <line num="131" count="2" type="stmt"/>
        <line num="132" count="2" type="stmt"/>
        <line num="141" count="6" type="stmt"/>
        <line num="142" count="6" type="stmt"/>
        <line num="143" count="6" type="cond" truecount="2" falsecount="0"/>
        <line num="144" count="1" type="stmt"/>
        <line num="146" count="5" type="stmt"/>
        <line num="147" count="5" type="stmt"/>
        <line num="156" count="8" type="stmt"/>
        <line num="157" count="8" type="stmt"/>
        <line num="158" count="8" type="cond" truecount="2" falsecount="0"/>
        <line num="159" count="2" type="stmt"/>
        <line num="161" count="6" type="stmt"/>
        <line num="162" count="6" type="stmt"/>
        <line num="171" count="6" type="stmt"/>
        <line num="172" count="6" type="stmt"/>
        <line num="173" count="6" type="cond" truecount="2" falsecount="0"/>
        <line num="174" count="2" type="stmt"/>
        <line num="179" count="4" type="stmt"/>
        <line num="180" count="4" type="stmt"/>
        <line num="190" count="8" type="stmt"/>
        <line num="191" count="8" type="stmt"/>
        <line num="192" count="8" type="cond" truecount="2" falsecount="0"/>
        <line num="193" count="2" type="stmt"/>
        <line num="198" count="6" type="stmt"/>
        <line num="199" count="6" type="stmt"/>
        <line num="209" count="6" type="stmt"/>
        <line num="210" count="6" type="stmt"/>
        <line num="211" count="6" type="cond" truecount="2" falsecount="0"/>
        <line num="212" count="2" type="stmt"/>
        <line num="217" count="4" type="stmt"/>
        <line num="218" count="4" type="stmt"/>
        <line num="228" count="8" type="stmt"/>
        <line num="229" count="8" type="stmt"/>
        <line num="230" count="8" type="cond" truecount="2" falsecount="0"/>
        <line num="231" count="2" type="stmt"/>
        <line num="236" count="6" type="stmt"/>
        <line num="237" count="6" type="stmt"/>
        <line num="247" count="4" type="stmt"/>
        <line num="248" count="4" type="stmt"/>
        <line num="249" count="4" type="cond" truecount="2" falsecount="0"/>
        <line num="250" count="2" type="stmt"/>
        <line num="252" count="2" type="stmt"/>
        <line num="253" count="2" type="stmt"/>
        <line num="257" count="0" type="stmt"/>
        <line num="258" count="0" type="stmt"/>
        <line num="259" count="0" type="cond" truecount="0" falsecount="2"/>
        <line num="260" count="0" type="stmt"/>
        <line num="265" count="0" type="stmt"/>
        <line num="266" count="0" type="stmt"/>
        <line num="276" count="0" type="stmt"/>
        <line num="277" count="0" type="stmt"/>
        <line num="278" count="0" type="cond" truecount="0" falsecount="2"/>
        <line num="279" count="0" type="stmt"/>
        <line num="283" count="0" type="stmt"/>
        <line num="284" count="0" type="stmt"/>
      </file>
      <file name="ocapi-shopper-orders.js" path="/Users/tr-hcakmak/Desktop/pwa-kit-starter-project/app/commerce-api/ocapi-shopper-orders.js">
        <metrics statements="13" coveredstatements="13" conditionals="4" coveredconditionals="4" methods="3" coveredmethods="3"/>
        <line num="21" count="420" type="stmt"/>
        <line num="25" count="7" type="stmt"/>
        <line num="26" count="7" type="stmt"/>
        <line num="27" count="7" type="cond" truecount="2" falsecount="0"/>
        <line num="28" count="2" type="stmt"/>
        <line num="31" count="5" type="stmt"/>
        <line num="32" count="5" type="stmt"/>
        <line num="42" count="4" type="stmt"/>
        <line num="43" count="4" type="stmt"/>
        <line num="44" count="4" type="cond" truecount="2" falsecount="0"/>
        <line num="45" count="2" type="stmt"/>
        <line num="47" count="2" type="stmt"/>
        <line num="48" count="2" type="stmt"/>
      </file>
      <file name="pkce.js" path="/Users/tr-hcakmak/Desktop/pwa-kit-starter-project/app/commerce-api/pkce.js">
        <metrics statements="14" coveredstatements="11" conditionals="4" coveredconditionals="2" methods="3" coveredmethods="2"/>
        <line num="11" count="72" type="stmt"/>
        <line num="14" count="72" type="stmt"/>
        <line num="21" count="72" type="stmt"/>
        <line num="22" count="68" type="cond" truecount="1" falsecount="1"/>
        <line num="31" count="72" type="stmt"/>
        <line num="34" count="67" type="cond" truecount="1" falsecount="1"/>
        <line num="35" count="0" type="stmt"/>
        <line num="36" count="0" type="stmt"/>
        <line num="37" count="0" type="stmt"/>
        <line num="40" count="67" type="stmt"/>
        <line num="41" count="67" type="stmt"/>
        <line num="42" count="67" type="stmt"/>
        <line num="44" count="67" type="stmt"/>
        <line num="47" count="67" type="stmt"/>
      </file>
      <file name="shopper-baskets.js" path="/Users/tr-hcakmak/Desktop/pwa-kit-starter-project/app/commerce-api/shopper-baskets.js">
        <metrics statements="3" coveredstatements="3" conditionals="0" coveredconditionals="0" methods="2" coveredmethods="2"/>
        <line num="14" count="416" type="stmt"/>
        <line num="15" count="416" type="stmt"/>
        <line num="19" count="3" type="stmt"/>
      </file>
      <file name="utils.js" path="/Users/tr-hcakmak/Desktop/pwa-kit-starter-project/app/commerce-api/utils.js">
        <metrics statements="95" coveredstatements="91" conditionals="61" coveredconditionals="57" methods="22" coveredmethods="20"/>
        <line num="20" count="87" type="cond" truecount="2" falsecount="0"/>
        <line num="21" count="77" type="stmt"/>
        <line num="23" count="10" type="stmt"/>
        <line num="24" count="10" type="stmt"/>
        <line num="25" count="10" type="stmt"/>
        <line num="26" count="10" type="cond" truecount="2" falsecount="0"/>
        <line num="27" count="2" type="stmt"/>
        <line num="30" count="8" type="stmt"/>
        <line num="35" count="68" type="stmt"/>
        <line num="36" count="68" type="stmt"/>
        <line num="37" count="68" type="stmt"/>
        <line num="38" count="68" type="stmt"/>
        <line num="39" count="68" type="stmt"/>
        <line num="50" count="86" type="stmt"/>
        <line num="51" count="6876" type="cond" truecount="4" falsecount="0"/>
        <line num="52" count="1033" type="stmt"/>
        <line num="54" count="5843" type="stmt"/>
        <line num="55" count="4747" type="stmt"/>
        <line num="59" count="86" type="stmt"/>
        <line num="60" count="7592" type="cond" truecount="3" falsecount="0"/>
        <line num="63" count="86" type="stmt"/>
        <line num="64" count="7592" type="cond" truecount="2" falsecount="0"/>
        <line num="65" count="971" type="stmt"/>
        <line num="67" count="971" type="stmt"/>
        <line num="68" count="6876" type="stmt"/>
        <line num="71" count="971" type="stmt"/>
        <line num="72" count="6621" type="cond" truecount="2" falsecount="0"/>
        <line num="73" count="379" type="stmt"/>
        <line num="74" count="596" type="stmt"/>
        <line num="78" count="6242" type="stmt"/>
        <line num="81" count="86" type="stmt"/>
        <line num="82" count="53" type="cond" truecount="1" falsecount="1"/>
        <line num="86" count="53" type="cond" truecount="2" falsecount="0"/>
        <line num="87" count="3" type="stmt"/>
        <line num="89" count="50" type="stmt"/>
        <line num="92" count="53" type="stmt"/>
        <line num="95" count="111" type="stmt"/>
        <line num="96" count="77" type="stmt"/>
        <line num="100" count="111" type="cond" truecount="2" falsecount="0"/>
        <line num="102" count="66" type="cond" truecount="1" falsecount="1"/>
        <line num="103" count="66" type="stmt"/>
        <line num="104" count="66" type="stmt"/>
        <line num="109" count="111" type="cond" truecount="2" falsecount="0"/>
        <line num="110" count="14" type="stmt"/>
        <line num="114" count="53" type="stmt"/>
        <line num="119" count="86" type="stmt"/>
        <line num="120" count="2" type="stmt"/>
        <line num="131" count="86" type="stmt"/>
        <line num="133" count="86" type="cond" truecount="2" falsecount="0"/>
        <line num="135" count="86" type="cond" truecount="4" falsecount="0"/>
        <line num="136" count="15" type="stmt"/>
        <line num="143" count="71" type="cond" truecount="4" falsecount="0"/>
        <line num="144" count="7" type="stmt"/>
        <line num="151" count="64" type="cond" truecount="2" falsecount="0"/>
        <line num="156" count="5" type="stmt"/>
        <line num="159" count="59" type="stmt"/>
        <line num="160" count="116" type="stmt"/>
        <line num="163" count="59" type="stmt"/>
        <line num="165" count="59" type="cond" truecount="2" falsecount="0"/>
        <line num="166" count="8" type="stmt"/>
        <line num="172" count="51" type="stmt"/>
        <line num="178" count="832" type="stmt"/>
        <line num="179" count="59" type="stmt"/>
        <line num="182" count="59" type="cond" truecount="2" falsecount="0"/>
        <line num="186" count="59" type="stmt"/>
        <line num="187" count="59" type="stmt"/>
        <line num="194" count="59" type="stmt"/>
        <line num="201" count="59" type="stmt"/>
        <line num="203" count="59" type="cond" truecount="3" falsecount="1"/>
        <line num="204" count="59" type="stmt"/>
        <line num="207" count="59" type="stmt"/>
        <line num="208" count="59" type="cond" truecount="2" falsecount="0"/>
        <line num="209" count="2" type="stmt"/>
        <line num="210" count="2" type="stmt"/>
        <line num="212" count="57" type="stmt"/>
        <line num="217" count="86" type="stmt"/>
        <line num="219" count="0" type="stmt"/>
        <line num="220" count="0" type="stmt"/>
        <line num="221" count="0" type="stmt"/>
        <line num="229" count="86" type="stmt"/>
        <line num="230" count="424" type="cond" truecount="1" falsecount="1"/>
        <line num="231" count="0" type="stmt"/>
        <line num="234" count="424" type="stmt"/>
        <line num="235" count="424" type="cond" truecount="5" falsecount="0"/>
        <line num="236" count="17" type="stmt"/>
        <line num="239" count="407" type="stmt"/>
        <line num="247" count="86" type="stmt"/>
        <line num="248" count="1307" type="stmt"/>
        <line num="249" count="3" type="stmt"/>
        <line num="250" count="3" type="cond" truecount="2" falsecount="0"/>
        <line num="251" count="1" type="stmt"/>
        <line num="253" count="2" type="stmt"/>
        <line num="263" count="86" type="stmt"/>
        <line num="264" count="1" type="stmt"/>
        <line num="273" count="86" type="stmt"/>
      </file>
    </package>
    <package name="app.commerce-api.hooks">
      <metrics statements="335" coveredstatements="212" conditionals="137" coveredconditionals="76" methods="129" coveredmethods="86"/>
      <file name="useBasket.js" path="/Users/tr-hcakmak/Desktop/pwa-kit-starter-project/app/commerce-api/hooks/useBasket.js">
        <metrics statements="91" coveredstatements="68" conditionals="51" coveredconditionals="28" methods="29" coveredmethods="26"/>
        <line num="14" count="1446" type="stmt"/>
        <line num="15" count="1446" type="stmt"/>
        <line num="16" count="1445" type="stmt"/>
        <line num="17" count="1445" type="stmt"/>
        <line num="18" count="1445" type="stmt"/>
        <line num="20" count="1445" type="stmt"/>
        <line num="21" count="68" type="stmt"/>
        <line num="22" count="68" type="stmt"/>
        <line num="25" count="1445" type="stmt"/>
        <line num="26" count="1445" type="stmt"/>
        <line num="31" count="193" type="cond" truecount="2" falsecount="0"/>
        <line num="35" count="64" type="cond" truecount="2" falsecount="0"/>
        <line num="40" count="102" type="cond" truecount="2" falsecount="0"/>
        <line num="45" count="4" type="stmt"/>
        <line num="47" count="0" type="stmt"/>
        <line num="60" count="20" type="stmt"/>
        <line num="65" count="20" type="cond" truecount="1" falsecount="1"/>
        <line num="66" count="0" type="stmt"/>
        <line num="70" count="20" type="cond" truecount="2" falsecount="0"/>
        <line num="72" count="20" type="cond" truecount="1" falsecount="1"/>
        <line num="74" count="0" type="stmt"/>
        <line num="77" count="0" type="cond" truecount="0" falsecount="2"/>
        <line num="78" count="0" type="stmt"/>
        <line num="83" count="20" type="cond" truecount="2" falsecount="2"/>
        <line num="84" count="0" type="stmt"/>
        <line num="86" count="20" type="stmt"/>
        <line num="89" count="20" type="stmt"/>
        <line num="99" count="0" type="stmt"/>
        <line num="103" count="0" type="cond" truecount="0" falsecount="2"/>
        <line num="104" count="0" type="stmt"/>
        <line num="106" count="0" type="stmt"/>
        <line num="118" count="1" type="stmt"/>
        <line num="122" count="1" type="cond" truecount="1" falsecount="1"/>
        <line num="123" count="0" type="stmt"/>
        <line num="125" count="1" type="stmt"/>
        <line num="126" count="3" type="stmt"/>
        <line num="136" count="1" type="stmt"/>
        <line num="139" count="1" type="cond" truecount="1" falsecount="1"/>
        <line num="140" count="0" type="stmt"/>
        <line num="142" count="1" type="stmt"/>
        <line num="155" count="2" type="stmt"/>
        <line num="159" count="2" type="cond" truecount="1" falsecount="1"/>
        <line num="160" count="0" type="stmt"/>
        <line num="162" count="2" type="stmt"/>
        <line num="173" count="56" type="cond" truecount="2" falsecount="0"/>
        <line num="174" count="35" type="stmt"/>
        <line num="177" count="21" type="stmt"/>
        <line num="181" count="21" type="stmt"/>
        <line num="182" count="21" type="stmt"/>
        <line num="183" count="21" type="stmt"/>
        <line num="184" count="21" type="stmt"/>
        <line num="187" count="21" type="stmt"/>
        <line num="192" count="21" type="stmt"/>
        <line num="201" count="4" type="stmt"/>
        <line num="210" count="4" type="stmt"/>
        <line num="219" count="4" type="stmt"/>
        <line num="224" count="4" type="stmt"/>
        <line num="233" count="2" type="stmt"/>
        <line num="238" count="2" type="stmt"/>
        <line num="257" count="2" type="cond" truecount="1" falsecount="1"/>
        <line num="260" count="2" type="stmt"/>
        <line num="269" count="2" type="cond" truecount="1" falsecount="1"/>
        <line num="270" count="0" type="stmt"/>
        <line num="278" count="2" type="stmt"/>
        <line num="286" count="0" type="cond" truecount="0" falsecount="2"/>
        <line num="288" count="0" type="cond" truecount="0" falsecount="2"/>
        <line num="289" count="0" type="stmt"/>
        <line num="292" count="0" type="stmt"/>
        <line num="299" count="0" type="stmt"/>
        <line num="309" count="4" type="stmt"/>
        <line num="314" count="4" type="stmt"/>
        <line num="322" count="1" type="stmt"/>
        <line num="327" count="1" type="cond" truecount="1" falsecount="1"/>
        <line num="328" count="0" type="stmt"/>
        <line num="331" count="1" type="stmt"/>
        <line num="339" count="1" type="stmt"/>
        <line num="343" count="1" type="cond" truecount="1" falsecount="1"/>
        <line num="344" count="0" type="stmt"/>
        <line num="347" count="1" type="stmt"/>
        <line num="356" count="1" type="stmt"/>
        <line num="360" count="1" type="stmt"/>
        <line num="367" count="2" type="stmt"/>
        <line num="376" count="2" type="cond" truecount="3" falsecount="3"/>
        <line num="377" count="0" type="stmt"/>
        <line num="383" count="2" type="stmt"/>
        <line num="391" count="6" type="stmt"/>
        <line num="401" count="3" type="stmt"/>
        <line num="410" count="3" type="cond" truecount="1" falsecount="1"/>
        <line num="411" count="0" type="stmt"/>
        <line num="414" count="3" type="stmt"/>
        <line num="419" count="1445" type="stmt"/>
      </file>
      <file name="useCustomer.js" path="/Users/tr-hcakmak/Desktop/pwa-kit-starter-project/app/commerce-api/hooks/useCustomer.js">
        <metrics statements="67" coveredstatements="59" conditionals="28" coveredconditionals="18" methods="23" coveredmethods="22"/>
        <line num="11" count="74" type="stmt"/>
        <line num="14" count="4457" type="stmt"/>
        <line num="15" count="4451" type="stmt"/>
        <line num="17" count="4451" type="stmt"/>
        <line num="18" count="1596" type="stmt"/>
        <line num="25" count="212" type="stmt"/>
        <line num="32" count="747" type="stmt"/>
        <line num="39" count="109" type="stmt"/>
        <line num="44" count="230" type="cond" truecount="2" falsecount="0"/>
        <line num="45" count="37" type="stmt"/>
        <line num="47" count="193" type="stmt"/>
        <line num="48" count="193" type="cond" truecount="1" falsecount="1"/>
        <line num="49" count="0" type="stmt"/>
        <line num="54" count="193" type="stmt"/>
        <line num="65" count="49" type="stmt"/>
        <line num="66" count="47" type="cond" truecount="2" falsecount="0"/>
        <line num="67" count="14" type="stmt"/>
        <line num="69" count="33" type="stmt"/>
        <line num="72" count="32" type="stmt"/>
        <line num="81" count="1" type="stmt"/>
        <line num="82" count="1" type="stmt"/>
        <line num="89" count="8" type="stmt"/>
        <line num="110" count="4" type="stmt"/>
        <line num="120" count="4" type="stmt"/>
        <line num="122" count="2" type="cond" truecount="5" falsecount="0"/>
        <line num="123" count="1" type="stmt"/>
        <line num="127" count="1" type="stmt"/>
        <line num="140" count="1" type="stmt"/>
        <line num="155" count="1" type="stmt"/>
        <line num="161" count="1" type="cond" truecount="2" falsecount="3"/>
        <line num="162" count="0" type="stmt"/>
        <line num="168" count="1" type="stmt"/>
        <line num="180" count="1" type="stmt"/>
        <line num="187" count="1" type="stmt"/>
        <line num="196" count="1" type="cond" truecount="1" falsecount="1"/>
        <line num="197" count="0" type="stmt"/>
        <line num="199" count="0" type="cond" truecount="0" falsecount="5"/>
        <line num="200" count="0" type="stmt"/>
        <line num="205" count="1" type="stmt"/>
        <line num="210" count="1" type="stmt"/>
        <line num="218" count="3" type="stmt"/>
        <line num="221" count="3" type="cond" truecount="5" falsecount="0"/>
        <line num="222" count="1" type="stmt"/>
        <line num="237" count="2" type="stmt"/>
        <line num="242" count="2" type="stmt"/>
        <line num="248" count="2" type="stmt"/>
        <line num="258" count="3" type="stmt"/>
        <line num="260" count="3" type="stmt"/>
        <line num="266" count="3" type="stmt"/>
        <line num="276" count="1" type="stmt"/>
        <line num="285" count="1" type="stmt"/>
        <line num="291" count="1" type="stmt"/>
        <line num="302" count="1" type="stmt"/>
        <line num="310" count="0" type="stmt"/>
        <line num="321" count="1" type="stmt"/>
        <line num="329" count="1" type="stmt"/>
        <line num="333" count="2" type="stmt"/>
        <line num="336" count="2" type="stmt"/>
        <line num="340" count="0" type="stmt"/>
        <line num="343" count="0" type="stmt"/>
        <line num="347" count="2" type="stmt"/>
        <line num="351" count="2" type="stmt"/>
        <line num="352" count="4" type="stmt"/>
        <line num="353" count="4" type="stmt"/>
        <line num="354" count="4" type="stmt"/>
        <line num="357" count="2" type="stmt"/>
        <line num="362" count="4451" type="stmt"/>
      </file>
      <file name="useCustomerProductList.js" path="/Users/tr-hcakmak/Desktop/pwa-kit-starter-project/app/commerce-api/hooks/useCustomerProductList.js">
        <metrics statements="21" coveredstatements="20" conditionals="6" coveredconditionals="4" methods="13" coveredmethods="13"/>
        <line num="15" count="70" type="stmt"/>
        <line num="17" count="216" type="stmt"/>
        <line num="18" count="216" type="stmt"/>
        <line num="19" count="57" type="stmt"/>
        <line num="23" count="117" type="stmt"/>
        <line num="27" count="2" type="cond" truecount="1" falsecount="1"/>
        <line num="31" count="1" type="stmt"/>
        <line num="35" count="109" type="stmt"/>
        <line num="41" count="1" type="stmt"/>
        <line num="48" count="1" type="stmt"/>
        <line num="58" count="2" type="cond" truecount="2" falsecount="0"/>
        <line num="59" count="1" type="stmt"/>
        <line num="60" count="1" type="stmt"/>
        <line num="62" count="1" type="stmt"/>
        <line num="72" count="1" type="stmt"/>
        <line num="81" count="1" type="stmt"/>
        <line num="90" count="1" type="stmt"/>
        <line num="99" count="64" type="cond" truecount="1" falsecount="1"/>
        <line num="100" count="64" type="stmt"/>
        <line num="102" count="0" type="stmt"/>
        <line num="106" count="216" type="stmt"/>
      </file>
      <file name="useCustomerProductLists.js" path="/Users/tr-hcakmak/Desktop/pwa-kit-starter-project/app/commerce-api/hooks/useCustomerProductLists.js">
        <metrics statements="86" coveredstatements="15" conditionals="22" coveredconditionals="1" methods="33" coveredmethods="4"/>
        <line num="25" count="209" type="stmt"/>
        <line num="26" count="209" type="stmt"/>
        <line num="27" count="209" type="stmt"/>
        <line num="29" count="209" type="stmt"/>
        <line num="30" count="0" type="stmt"/>
        <line num="37" count="209" type="stmt"/>
        <line num="38" count="0" type="stmt"/>
        <line num="49" count="209" type="stmt"/>
        <line num="50" count="0" type="stmt"/>
        <line num="58" count="209" type="stmt"/>
        <line num="59" count="0" type="stmt"/>
        <line num="60" count="0" type="stmt"/>
        <line num="75" count="209" type="stmt"/>
        <line num="76" count="0" type="stmt"/>
        <line num="77" count="0" type="stmt"/>
        <line num="92" count="209" type="stmt"/>
        <line num="93" count="0" type="stmt"/>
        <line num="105" count="209" type="stmt"/>
        <line num="106" count="50" type="stmt"/>
        <line num="110" count="50" type="stmt"/>
        <line num="114" count="0" type="stmt"/>
        <line num="121" count="0" type="stmt"/>
        <line num="122" count="0" type="stmt"/>
        <line num="123" count="0" type="stmt"/>
        <line num="132" count="0" type="stmt"/>
        <line num="133" count="0" type="stmt"/>
        <line num="134" count="0" type="stmt"/>
        <line num="143" count="0" type="cond" truecount="0" falsecount="2"/>
        <line num="144" count="0" type="stmt"/>
        <line num="146" count="0" type="cond" truecount="0" falsecount="2"/>
        <line num="148" count="0" type="stmt"/>
        <line num="151" count="0" type="stmt"/>
        <line num="152" count="0" type="stmt"/>
        <line num="166" count="0" type="cond" truecount="0" falsecount="2"/>
        <line num="167" count="0" type="stmt"/>
        <line num="171" count="0" type="stmt"/>
        <line num="173" count="0" type="cond" truecount="0" falsecount="2"/>
        <line num="174" count="0" type="stmt"/>
        <line num="177" count="0" type="cond" truecount="0" falsecount="4"/>
        <line num="178" count="0" type="stmt"/>
        <line num="181" count="0" type="stmt"/>
        <line num="182" count="0" type="stmt"/>
        <line num="191" count="0" type="stmt"/>
        <line num="192" count="0" type="stmt"/>
        <line num="193" count="0" type="stmt"/>
        <line num="205" count="0" type="stmt"/>
        <line num="206" count="0" type="cond" truecount="0" falsecount="2"/>
        <line num="207" count="0" type="stmt"/>
        <line num="208" count="0" type="stmt"/>
        <line num="209" count="0" type="stmt"/>
        <line num="211" count="0" type="stmt"/>
        <line num="212" count="0" type="stmt"/>
        <line num="213" count="0" type="stmt"/>
        <line num="223" count="0" type="stmt"/>
        <line num="224" count="0" type="stmt"/>
        <line num="234" count="0" type="stmt"/>
        <line num="235" count="0" type="cond" truecount="0" falsecount="2"/>
        <line num="236" count="0" type="stmt"/>
        <line num="239" count="0" type="stmt"/>
        <line num="241" count="0" type="stmt"/>
        <line num="255" count="0" type="cond" truecount="0" falsecount="2"/>
        <line num="256" count="0" type="stmt"/>
        <line num="259" count="0" type="stmt"/>
        <line num="260" count="0" type="stmt"/>
        <line num="269" count="0" type="stmt"/>
        <line num="270" count="0" type="stmt"/>
        <line num="272" count="0" type="stmt"/>
        <line num="279" count="0" type="stmt"/>
        <line num="282" count="0" type="stmt"/>
        <line num="284" count="0" type="stmt"/>
        <line num="289" count="0" type="stmt"/>
        <line num="290" count="0" type="stmt"/>
        <line num="301" count="0" type="stmt"/>
        <line num="302" count="0" type="stmt"/>
        <line num="303" count="0" type="stmt"/>
        <line num="305" count="0" type="stmt"/>
        <line num="310" count="0" type="stmt"/>
        <line num="322" count="106" type="cond" truecount="1" falsecount="1"/>
        <line num="323" count="106" type="stmt"/>
        <line num="325" count="0" type="stmt"/>
        <line num="334" count="0" type="cond" truecount="0" falsecount="2"/>
        <line num="335" count="0" type="stmt"/>
        <line num="337" count="0" type="stmt"/>
        <line num="347" count="0" type="stmt"/>
        <line num="349" count="0" type="stmt"/>
        <line num="353" count="209" type="stmt"/>
      </file>
      <file name="useEinstein.js" path="/Users/tr-hcakmak/Desktop/pwa-kit-starter-project/app/commerce-api/hooks/useEinstein.js">
        <metrics statements="22" coveredstatements="15" conditionals="0" coveredconditionals="0" methods="17" coveredmethods="11"/>
        <line num="10" count="70" type="stmt"/>
        <line num="11" count="1734" type="stmt"/>
        <line num="12" count="1734" type="stmt"/>
        <line num="14" count="1734" type="stmt"/>
        <line num="20" count="17" type="stmt"/>
        <line num="23" count="2" type="stmt"/>
        <line num="26" count="0" type="stmt"/>
        <line num="29" count="8" type="stmt"/>
        <line num="32" count="0" type="stmt"/>
        <line num="35" count="25" type="stmt"/>
        <line num="38" count="4" type="stmt"/>
        <line num="41" count="16" type="stmt"/>
        <line num="44" count="16" type="stmt"/>
        <line num="47" count="0" type="stmt"/>
        <line num="50" count="3" type="stmt"/>
        <line num="53" count="0" type="stmt"/>
        <line num="56" count="16" type="stmt"/>
        <line num="57" count="16" type="stmt"/>
        <line num="58" count="16" type="stmt"/>
        <line num="61" count="0" type="stmt"/>
        <line num="62" count="0" type="stmt"/>
        <line num="63" count="0" type="stmt"/>
      </file>
      <file name="useRefinementToggle.js" path="/Users/tr-hcakmak/Desktop/pwa-kit-starter-project/app/commerce-api/hooks/useRefinementToggle.js">
        <metrics statements="11" coveredstatements="0" conditionals="4" coveredconditionals="0" methods="4" coveredmethods="0"/>
        <line num="12" count="0" type="stmt"/>
        <line num="13" count="0" type="stmt"/>
        <line num="14" count="0" type="stmt"/>
        <line num="23" count="0" type="cond" truecount="0" falsecount="2"/>
        <line num="24" count="0" type="cond" truecount="0" falsecount="2"/>
        <line num="25" count="0" type="stmt"/>
        <line num="26" count="0" type="stmt"/>
        <line num="28" count="0" type="stmt"/>
        <line num="29" count="0" type="stmt"/>
        <line num="31" count="0" type="stmt"/>
        <line num="40" count="0" type="stmt"/>
      </file>
      <file name="useSearchSuggestions.js" path="/Users/tr-hcakmak/Desktop/pwa-kit-starter-project/app/commerce-api/hooks/useSearchSuggestions.js">
        <metrics statements="8" coveredstatements="8" conditionals="0" coveredconditionals="0" methods="3" coveredmethods="3"/>
        <line num="13" count="3" type="stmt"/>
        <line num="14" count="109" type="stmt"/>
        <line num="15" count="109" type="stmt"/>
        <line num="16" count="109" type="stmt"/>
        <line num="24" count="4" type="stmt"/>
        <line num="25" count="4" type="stmt"/>
        <line num="30" count="4" type="stmt"/>
        <line num="36" count="42" type="stmt"/>
      </file>
      <file name="useShopper.js" path="/Users/tr-hcakmak/Desktop/pwa-kit-starter-project/app/commerce-api/hooks/useShopper.js">
        <metrics statements="29" coveredstatements="27" conditionals="26" coveredconditionals="25" methods="7" coveredmethods="7"/>
        <line num="16" count="4" type="cond" truecount="1" falsecount="0"/>
        <line num="17" count="103" type="stmt"/>
        <line num="18" count="103" type="stmt"/>
        <line num="19" count="101" type="stmt"/>
        <line num="22" count="101" type="stmt"/>
        <line num="23" count="17" type="stmt"/>
        <line num="27" count="101" type="stmt"/>
        <line num="28" count="55" type="stmt"/>
        <line num="31" count="55" type="cond" truecount="4" falsecount="0"/>
        <line num="32" count="20" type="stmt"/>
        <line num="33" count="20" type="stmt"/>
        <line num="38" count="35" type="cond" truecount="1" falsecount="1"/>
        <line num="43" count="0" type="stmt"/>
        <line num="44" count="0" type="stmt"/>
        <line num="50" count="35" type="cond" truecount="2" falsecount="0"/>
        <line num="56" count="3" type="stmt"/>
        <line num="57" count="3" type="stmt"/>
        <line num="62" count="101" type="stmt"/>
        <line num="63" count="34" type="cond" truecount="2" falsecount="0"/>
        <line num="64" count="3" type="stmt"/>
        <line num="68" count="101" type="stmt"/>
        <line num="70" count="101" type="cond" truecount="4" falsecount="0"/>
        <line num="71" count="60" type="cond" truecount="2" falsecount="0"/>
        <line num="72" count="56" type="stmt"/>
        <line num="73" count="56" type="stmt"/>
        <line num="74" count="56" type="cond" truecount="2" falsecount="0"/>
        <line num="75" count="35" type="stmt"/>
        <line num="78" count="56" type="stmt"/>
        <line num="83" count="101" type="stmt"/>
      </file>
    </package>
    <package name="app.components._app">
      <metrics statements="68" coveredstatements="33" conditionals="27" coveredconditionals="7" methods="14" coveredmethods="6"/>
      <file name="index.jsx" path="/Users/tr-hcakmak/Desktop/pwa-kit-starter-project/app/components/_app/index.jsx">
        <metrics statements="68" coveredstatements="33" conditionals="27" coveredconditionals="7" methods="14" coveredmethods="6"/>
        <line num="59" count="1" type="stmt"/>
        <line num="65" count="6" type="stmt"/>
        <line num="67" count="6" type="stmt"/>
        <line num="69" count="6" type="stmt"/>
        <line num="70" count="6" type="stmt"/>
        <line num="71" count="6" type="stmt"/>
        <line num="72" count="6" type="stmt"/>
        <line num="73" count="6" type="stmt"/>
        <line num="75" count="6" type="stmt"/>
        <line num="76" count="6" type="stmt"/>
        <line num="78" count="6" type="stmt"/>
        <line num="81" count="6" type="stmt"/>
        <line num="83" count="6" type="stmt"/>
        <line num="85" count="6" type="cond" truecount="2" falsecount="0"/>
        <line num="88" count="6" type="stmt"/>
        <line num="90" count="6" type="stmt"/>
        <line num="91" count="6" type="stmt"/>
        <line num="92" count="4" type="cond" truecount="1" falsecount="1"/>
        <line num="93" count="4" type="stmt"/>
        <line num="95" count="0" type="cond" truecount="0" falsecount="2"/>
        <line num="96" count="0" type="stmt"/>
        <line num="98" count="0" type="cond" truecount="0" falsecount="2"/>
        <line num="99" count="0" type="stmt"/>
        <line num="103" count="6" type="stmt"/>
        <line num="105" count="2" type="stmt"/>
        <line num="106" count="0" type="stmt"/>
        <line num="110" count="6" type="stmt"/>
        <line num="113" count="2" type="stmt"/>
        <line num="116" count="6" type="stmt"/>
        <line num="118" count="0" type="stmt"/>
        <line num="120" count="0" type="stmt"/>
        <line num="123" count="0" type="stmt"/>
        <line num="126" count="6" type="stmt"/>
        <line num="127" count="0" type="stmt"/>
        <line num="128" count="0" type="stmt"/>
        <line num="131" count="0" type="stmt"/>
        <line num="134" count="6" type="stmt"/>
        <line num="136" count="0" type="cond" truecount="0" falsecount="2"/>
        <line num="137" count="0" type="stmt"/>
        <line num="138" count="0" type="stmt"/>
        <line num="141" count="0" type="cond" truecount="0" falsecount="2"/>
        <line num="142" count="0" type="stmt"/>
        <line num="146" count="6" type="stmt"/>
        <line num="147" count="0" type="stmt"/>
        <line num="148" count="0" type="stmt"/>
        <line num="151" count="6" type="stmt"/>
        <line num="155" count="0" type="cond" truecount="0" falsecount="2"/>
        <line num="158" count="0" type="stmt"/>
        <line num="159" count="0" type="stmt"/>
        <line num="161" count="0" type="stmt"/>
        <line num="185" count="18" type="stmt"/>
        <line num="270" count="1" type="stmt"/>
        <line num="272" count="2" type="stmt"/>
        <line num="275" count="1" type="stmt"/>
        <line num="276" count="0" type="stmt"/>
        <line num="277" count="0" type="stmt"/>
        <line num="278" count="0" type="stmt"/>
        <line num="296" count="0" type="stmt"/>
        <line num="298" count="0" type="stmt"/>
        <line num="302" count="0" type="stmt"/>
        <line num="305" count="0" type="stmt"/>
        <line num="308" count="0" type="stmt"/>
        <line num="315" count="0" type="cond" truecount="0" falsecount="2"/>
        <line num="317" count="0" type="cond" truecount="0" falsecount="2"/>
        <line num="323" count="0" type="stmt"/>
        <line num="328" count="0" type="stmt"/>
        <line num="330" count="0" type="stmt"/>
        <line num="338" count="1" type="stmt"/>
      </file>
    </package>
    <package name="app.components._app-config">
      <metrics statements="20" coveredstatements="20" conditionals="7" coveredconditionals="4" methods="4" coveredmethods="4"/>
      <file name="index.jsx" path="/Users/tr-hcakmak/Desktop/pwa-kit-starter-project/app/components/_app-config/index.jsx">
        <metrics statements="20" coveredstatements="20" conditionals="7" coveredconditionals="4" methods="4" coveredmethods="4"/>
        <line num="36" count="1" type="cond" truecount="1" falsecount="0"/>
        <line num="37" count="1" type="stmt"/>
        <line num="38" count="1" type="stmt"/>
        <line num="40" count="1" type="stmt"/>
        <line num="55" count="1" type="cond" truecount="1" falsecount="0"/>
        <line num="57" count="2" type="cond" truecount="1" falsecount="1"/>
        <line num="60" count="2" type="stmt"/>
        <line num="61" count="2" type="stmt"/>
        <line num="62" count="2" type="stmt"/>
        <line num="64" count="2" type="stmt"/>
        <line num="65" count="2" type="stmt"/>
        <line num="70" count="2" type="stmt"/>
        <line num="72" count="2" type="stmt"/>
        <line num="73" count="2" type="cond" truecount="1" falsecount="1"/>
        <line num="74" count="2" type="stmt"/>
        <line num="75" count="2" type="stmt"/>
        <line num="78" count="1" type="stmt"/>
        <line num="80" count="1" type="cond" truecount="0" falsecount="1"/>
        <line num="81" count="1" type="stmt"/>
        <line num="89" count="1" type="stmt"/>
      </file>
    </package>
    <package name="app.components._error">
      <metrics statements="8" coveredstatements="6" conditionals="4" coveredconditionals="3" methods="3" coveredmethods="1"/>
      <file name="index.jsx" path="/Users/tr-hcakmak/Desktop/pwa-kit-starter-project/app/components/_error/index.jsx">
        <metrics statements="8" coveredstatements="6" conditionals="4" coveredconditionals="3" methods="3" coveredmethods="1"/>
        <line num="23" count="1" type="stmt"/>
        <line num="24" count="3" type="stmt"/>
        <line num="25" count="3" type="stmt"/>
        <line num="27" count="3" type="stmt"/>
        <line num="28" count="3" type="stmt"/>
        <line num="47" count="0" type="stmt"/>
        <line num="102" count="0" type="stmt"/>
        <line num="133" count="1" type="stmt"/>
      </file>
    </package>
    <package name="app.components.action-card">
      <metrics statements="10" coveredstatements="8" conditionals="6" coveredconditionals="6" methods="2" coveredmethods="2"/>
      <file name="index.jsx" path="/Users/tr-hcakmak/Desktop/pwa-kit-starter-project/app/components/action-card/index.jsx">
        <metrics statements="10" coveredstatements="8" conditionals="6" coveredconditionals="6" methods="2" coveredmethods="2"/>
        <line num="19" count="7" type="stmt"/>
        <line num="20" count="111" type="stmt"/>
        <line num="22" count="111" type="stmt"/>
        <line num="23" count="2" type="stmt"/>
        <line num="24" count="2" type="stmt"/>
        <line num="25" count="2" type="stmt"/>
        <line num="27" count="0" type="stmt"/>
        <line num="28" count="0" type="stmt"/>
        <line num="32" count="111" type="stmt"/>
        <line num="65" count="7" type="stmt"/>
      </file>
    </package>
    <package name="app.components.address-display">
      <metrics statements="3" coveredstatements="3" conditionals="0" coveredconditionals="0" methods="1" coveredmethods="1"/>
      <file name="index.jsx" path="/Users/tr-hcakmak/Desktop/pwa-kit-starter-project/app/components/address-display/index.jsx">
        <metrics statements="3" coveredstatements="3" conditionals="0" coveredconditionals="0" methods="1" coveredmethods="1"/>
        <line num="11" count="7" type="stmt"/>
        <line num="12" count="199" type="stmt"/>
        <line num="26" count="7" type="stmt"/>
      </file>
    </package>
    <package name="app.components.basic-tile">
      <metrics statements="6" coveredstatements="6" conditionals="0" coveredconditionals="0" methods="1" coveredmethods="1"/>
      <file name="index.jsx" path="/Users/tr-hcakmak/Desktop/pwa-kit-starter-project/app/components/basic-tile/index.jsx">
        <metrics statements="6" coveredstatements="6" conditionals="0" coveredconditionals="0" methods="1" coveredmethods="1"/>
        <line num="20" count="1" type="stmt"/>
        <line num="21" count="1" type="stmt"/>
        <line num="22" count="1" type="stmt"/>
        <line num="23" count="1" type="stmt"/>
        <line num="54" count="1" type="stmt"/>
        <line num="56" count="1" type="stmt"/>
      </file>
    </package>
    <package name="app.components.breadcrumb">
      <metrics statements="7" coveredstatements="7" conditionals="0" coveredconditionals="0" methods="2" coveredmethods="2"/>
      <file name="index.jsx" path="/Users/tr-hcakmak/Desktop/pwa-kit-starter-project/app/components/breadcrumb/index.jsx">
        <metrics statements="7" coveredstatements="7" conditionals="0" coveredconditionals="0" methods="2" coveredmethods="2"/>
        <line num="32" count="12" type="stmt"/>
        <line num="33" count="25" type="stmt"/>
        <line num="34" count="25" type="stmt"/>
        <line num="36" count="25" type="stmt"/>
        <line num="44" count="3" type="stmt"/>
        <line num="58" count="12" type="stmt"/>
        <line num="60" count="12" type="stmt"/>
      </file>
    </package>
    <package name="app.components.confirmation-modal">
      <metrics statements="10" coveredstatements="10" conditionals="6" coveredconditionals="6" methods="3" coveredmethods="3"/>
      <file name="index.jsx" path="/Users/tr-hcakmak/Desktop/pwa-kit-starter-project/app/components/confirmation-modal/index.jsx">
        <metrics statements="10" coveredstatements="10" conditionals="6" coveredconditionals="6" methods="3" coveredmethods="3"/>
        <line num="24" count="9" type="stmt"/>
        <line num="33" count="94" type="stmt"/>
        <line num="35" count="94" type="stmt"/>
        <line num="36" count="5" type="stmt"/>
        <line num="37" count="5" type="stmt"/>
        <line num="40" count="94" type="stmt"/>
        <line num="41" count="1" type="stmt"/>
        <line num="42" count="1" type="stmt"/>
        <line num="45" count="94" type="stmt"/>
        <line num="72" count="9" type="stmt"/>
      </file>
    </package>
    <package name="app.components.drawer-menu">
      <metrics statements="38" coveredstatements="30" conditionals="14" coveredconditionals="9" methods="10" coveredmethods="6"/>
      <file name="index.jsx" path="/Users/tr-hcakmak/Desktop/pwa-kit-starter-project/app/components/drawer-menu/index.jsx">
        <metrics statements="38" coveredstatements="30" conditionals="14" coveredconditionals="9" methods="10" coveredmethods="6"/>
        <line num="61" count="2" type="stmt"/>
        <line num="62" count="2" type="stmt"/>
        <line num="63" count="2" type="stmt"/>
        <line num="64" count="2" type="stmt"/>
        <line num="66" count="2" type="stmt"/>
        <line num="67" count="6" type="stmt"/>
        <line num="73" count="2" type="stmt"/>
        <line num="74" count="2" type="stmt"/>
        <line num="81" count="2" type="cond" truecount="2" falsecount="0"/>
        <line num="82" count="10" type="stmt"/>
        <line num="83" count="10" type="stmt"/>
        <line num="84" count="10" type="stmt"/>
        <line num="85" count="10" type="stmt"/>
        <line num="86" count="10" type="stmt"/>
        <line num="87" count="10" type="stmt"/>
        <line num="88" count="10" type="stmt"/>
        <line num="89" count="10" type="stmt"/>
        <line num="90" count="10" type="stmt"/>
        <line num="91" count="10" type="stmt"/>
        <line num="92" count="10" type="stmt"/>
        <line num="93" count="10" type="stmt"/>
        <line num="94" count="0" type="stmt"/>
        <line num="95" count="0" type="stmt"/>
        <line num="96" count="0" type="stmt"/>
        <line num="97" count="0" type="stmt"/>
        <line num="100" count="30" type="stmt"/>
        <line num="101" count="10" type="stmt"/>
        <line num="103" count="10" type="stmt"/>
        <line num="104" count="4" type="stmt"/>
        <line num="107" count="10" type="stmt"/>
        <line num="143" count="1" type="cond" truecount="1" falsecount="1"/>
        <line num="183" count="0" type="stmt"/>
        <line num="186" count="0" type="cond" truecount="0" falsecount="2"/>
        <line num="286" count="0" type="stmt"/>
        <line num="289" count="0" type="stmt"/>
        <line num="302" count="24" type="stmt"/>
        <line num="391" count="2" type="stmt"/>
        <line num="393" count="2" type="stmt"/>
      </file>
    </package>
    <package name="app.components.dynamic-image">
      <metrics statements="7" coveredstatements="7" conditionals="2" coveredconditionals="1" methods="2" coveredmethods="2"/>
      <file name="index.jsx" path="/Users/tr-hcakmak/Desktop/pwa-kit-starter-project/app/components/dynamic-image/index.jsx">
        <metrics statements="7" coveredstatements="7" conditionals="2" coveredconditionals="1" methods="2" coveredmethods="2"/>
        <line num="21" count="70" type="stmt"/>
        <line num="22" count="683" type="cond" truecount="1" falsecount="1"/>
        <line num="23" count="683" type="stmt"/>
        <line num="25" count="683" type="stmt"/>
        <line num="26" count="683" type="stmt"/>
        <line num="30" count="683" type="stmt"/>
        <line num="37" count="70" type="stmt"/>
      </file>
    </package>
    <package name="app.components.field">
      <metrics statements="11" coveredstatements="10" conditionals="32" coveredconditionals="29" methods="5" coveredmethods="4"/>
      <file name="index.jsx" path="/Users/tr-hcakmak/Desktop/pwa-kit-starter-project/app/components/field/index.jsx">
        <metrics statements="11" coveredstatements="10" conditionals="32" coveredconditionals="29" methods="5" coveredmethods="4"/>
        <line num="23" count="70" type="stmt"/>
        <line num="38" count="1187" type="stmt"/>
        <line num="39" count="1187" type="cond" truecount="1" falsecount="1"/>
        <line num="41" count="1187" type="cond" truecount="5" falsecount="1"/>
        <line num="43" count="1187" type="stmt"/>
        <line num="51" count="1708" type="cond" truecount="2" falsecount="0"/>
        <line num="53" count="1708" type="stmt"/>
        <line num="89" count="0" type="stmt"/>
        <line num="103" count="3122" type="stmt"/>
        <line num="113" count="1" type="stmt"/>
        <line num="136" count="70" type="stmt"/>
      </file>
    </package>
    <package name="app.components.footer">
      <metrics statements="21" coveredstatements="18" conditionals="2" coveredconditionals="2" methods="6" coveredmethods="5"/>
      <file name="index.jsx" path="/Users/tr-hcakmak/Desktop/pwa-kit-starter-project/app/components/footer/index.jsx">
        <metrics statements="21" coveredstatements="18" conditionals="2" coveredconditionals="2" methods="6" coveredmethods="5"/>
        <line num="34" count="2" type="stmt"/>
        <line num="35" count="8" type="stmt"/>
        <line num="36" count="8" type="stmt"/>
        <line num="37" count="8" type="stmt"/>
        <line num="38" count="8" type="stmt"/>
        <line num="39" count="8" type="stmt"/>
        <line num="41" count="24" type="stmt"/>
        <line num="42" count="8" type="stmt"/>
        <line num="44" count="8" type="stmt"/>
        <line num="137" count="0" type="stmt"/>
        <line num="140" count="0" type="stmt"/>
        <line num="144" count="0" type="stmt"/>
        <line num="150" count="24" type="stmt"/>
        <line num="190" count="2" type="stmt"/>
        <line num="191" count="16" type="stmt"/>
        <line num="192" count="16" type="stmt"/>
        <line num="194" count="16" type="stmt"/>
        <line num="228" count="2" type="stmt"/>
        <line num="229" count="16" type="stmt"/>
        <line num="230" count="16" type="stmt"/>
        <line num="260" count="2" type="stmt"/>
      </file>
    </package>
    <package name="app.components.forms">
      <metrics statements="124" coveredstatements="120" conditionals="93" coveredconditionals="61" methods="47" coveredmethods="46"/>
      <file name="address-fields.jsx" path="/Users/tr-hcakmak/Desktop/pwa-kit-starter-project/app/components/forms/address-fields.jsx">
        <metrics statements="5" coveredstatements="5" conditionals="3" coveredconditionals="3" methods="1" coveredmethods="1"/>
        <line num="14" count="6" type="cond" truecount="1" falsecount="0"/>
        <line num="15" count="53" type="stmt"/>
        <line num="16" count="53" type="stmt"/>
        <line num="18" count="53" type="stmt"/>
        <line num="41" count="6" type="stmt"/>
      </file>
      <file name="credit-card-fields.jsx" path="/Users/tr-hcakmak/Desktop/pwa-kit-starter-project/app/components/forms/credit-card-fields.jsx">
        <metrics statements="26" coveredstatements="22" conditionals="20" coveredconditionals="16" methods="6" coveredmethods="6"/>
        <line num="17" count="6" type="cond" truecount="1" falsecount="0"/>
        <line num="18" count="41" type="stmt"/>
        <line num="19" count="41" type="stmt"/>
        <line num="24" count="41" type="stmt"/>
        <line num="26" count="41" type="stmt"/>
        <line num="32" count="41" type="cond" truecount="1" falsecount="1"/>
        <line num="44" count="41" type="stmt"/>
        <line num="60" count="41" type="stmt"/>
        <line num="63" count="32" type="stmt"/>
        <line num="64" count="32" type="stmt"/>
        <line num="65" count="32" type="cond" truecount="2" falsecount="0"/>
        <line num="68" count="32" type="cond" truecount="2" falsecount="0"/>
        <line num="69" count="32" type="stmt"/>
        <line num="85" count="49" type="stmt"/>
        <line num="88" count="8" type="stmt"/>
        <line num="92" count="8" type="cond" truecount="1" falsecount="1"/>
        <line num="93" count="0" type="stmt"/>
        <line num="97" count="8" type="cond" truecount="1" falsecount="1"/>
        <line num="98" count="0" type="stmt"/>
        <line num="100" count="8" type="cond" truecount="2" falsecount="0"/>
        <line num="101" count="6" type="stmt"/>
        <line num="104" count="8" type="stmt"/>
        <line num="107" count="8" type="cond" truecount="3" falsecount="1"/>
        <line num="108" count="0" type="stmt"/>
        <line num="109" count="0" type="stmt"/>
        <line num="133" count="6" type="stmt"/>
      </file>
      <file name="form-action-buttons.jsx" path="/Users/tr-hcakmak/Desktop/pwa-kit-starter-project/app/components/forms/form-action-buttons.jsx">
        <metrics statements="3" coveredstatements="3" conditionals="7" coveredconditionals="5" methods="2" coveredmethods="1"/>
        <line num="17" count="7" type="stmt"/>
        <line num="24" count="88" type="stmt"/>
        <line num="47" count="7" type="stmt"/>
      </file>
      <file name="login-fields.jsx" path="/Users/tr-hcakmak/Desktop/pwa-kit-starter-project/app/components/forms/login-fields.jsx">
        <metrics statements="4" coveredstatements="4" conditionals="1" coveredconditionals="1" methods="1" coveredmethods="1"/>
        <line num="13" count="70" type="cond" truecount="1" falsecount="0"/>
        <line num="14" count="33" type="stmt"/>
        <line num="16" count="33" type="stmt"/>
        <line num="24" count="70" type="stmt"/>
      </file>
      <file name="password-requirements.jsx" path="/Users/tr-hcakmak/Desktop/pwa-kit-starter-project/app/components/forms/password-requirements.jsx">
        <metrics statements="8" coveredstatements="8" conditionals="10" coveredconditionals="10" methods="2" coveredmethods="2"/>
        <line num="17" count="70" type="stmt"/>
        <line num="18" count="340" type="stmt"/>
        <line num="28" count="340" type="stmt"/>
        <line num="38" count="70" type="stmt"/>
        <line num="50" count="70" type="stmt"/>
        <line num="51" count="68" type="stmt"/>
        <line num="53" count="68" type="stmt"/>
        <line num="94" count="70" type="stmt"/>
      </file>
      <file name="post-checkout-registration-fields.jsx" path="/Users/tr-hcakmak/Desktop/pwa-kit-starter-project/app/components/forms/post-checkout-registration-fields.jsx">
        <metrics statements="5" coveredstatements="5" conditionals="1" coveredconditionals="1" methods="1" coveredmethods="1"/>
        <line num="14" count="1" type="cond" truecount="1" falsecount="0"/>
        <line num="15" count="32" type="stmt"/>
        <line num="16" count="32" type="stmt"/>
        <line num="18" count="32" type="stmt"/>
        <line num="35" count="1" type="stmt"/>
      </file>
      <file name="profile-fields.jsx" path="/Users/tr-hcakmak/Desktop/pwa-kit-starter-project/app/components/forms/profile-fields.jsx">
        <metrics statements="4" coveredstatements="4" conditionals="1" coveredconditionals="1" methods="1" coveredmethods="1"/>
[...]
        <line num="23" count="71" type="cond" truecount="0" falsecount="1"/>
        <line num="24" count="8" type="stmt"/>
        <line num="25" count="30" type="stmt"/>
        <line num="26" count="18" type="stmt"/>
        <line num="27" count="54" type="stmt"/>
        <line num="29" count="18" type="stmt"/>
        <line num="34" count="8" type="stmt"/>
      </file>
      <file name="queue.js" path="/Users/tr-hcakmak/Desktop/pwa-kit-starter-project/app/utils/queue.js">
        <metrics statements="8" coveredstatements="8" conditionals="0" coveredconditionals="0" methods="6" coveredmethods="6"/>
        <line num="11" count="4" type="stmt"/>
        <line num="15" count="1" type="stmt"/>
        <line num="19" count="4" type="stmt"/>
        <line num="23" count="6" type="stmt"/>
        <line num="27" count="3" type="stmt"/>
        <line num="31" count="1" type="stmt"/>
        <line num="32" count="1" type="stmt"/>
        <line num="33" count="1" type="stmt"/>
      </file>
      <file name="responsive-image.js" path="/Users/tr-hcakmak/Desktop/pwa-kit-starter-project/app/utils/responsive-image.js">
        <metrics statements="68" coveredstatements="66" conditionals="28" coveredconditionals="27" methods="24" coveredmethods="24"/>
        <line num="14" count="71" type="stmt"/>
        <line num="15" count="759" type="stmt"/>
        <line num="16" count="3795" type="stmt"/>
        <line num="17" count="4554" type="stmt"/>
        <line num="19" count="71" type="stmt"/>
        <line num="20" count="71" type="stmt"/>
        <line num="21" count="71" type="stmt"/>
        <line num="30" count="71" type="cond" truecount="1" falsecount="0"/>
        <line num="31" count="692" type="cond" truecount="2" falsecount="0"/>
        <line num="32" count="4" type="stmt"/>
        <line num="37" count="688" type="stmt"/>
        <line num="38" count="688" type="stmt"/>
        <line num="40" count="688" type="stmt"/>
        <line num="51" count="71" type="stmt"/>
        <line num="52" count="688" type="cond" truecount="2" falsecount="0"/>
        <line num="54" count="688" type="stmt"/>
        <line num="57" count="3272" type="cond" truecount="2" falsecount="0"/>
        <line num="67" count="71" type="stmt"/>
        <line num="68" count="688" type="cond" truecount="2" falsecount="0"/>
        <line num="70" count="688" type="cond" truecount="2" falsecount="0"/>
        <line num="71" count="687" type="stmt"/>
        <line num="72" count="687" type="stmt"/>
        <line num="74" count="687" type="stmt"/>
        <line num="77" count="688" type="stmt"/>
        <line num="79" count="688" type="stmt"/>
        <line num="80" count="688" type="stmt"/>
        <line num="81" count="2834" type="stmt"/>
        <line num="82" count="2834" type="stmt"/>
        <line num="85" count="5668" type="stmt"/>
        <line num="88" count="71" type="stmt"/>
        <line num="89" count="71" type="stmt"/>
        <line num="95" count="71" type="stmt"/>
        <line num="96" count="688" type="stmt"/>
        <line num="98" count="4128" type="cond" truecount="2" falsecount="0"/>
        <line num="99" count="21" type="stmt"/>
        <line num="102" count="4107" type="cond" truecount="2" falsecount="0"/>
        <line num="103" count="3896" type="stmt"/>
        <line num="104" count="3896" type="stmt"/>
        <line num="107" count="3896" type="stmt"/>
        <line num="109" count="3896" type="cond" truecount="2" falsecount="0"/>
        <line num="110" count="3282" type="stmt"/>
        <line num="113" count="614" type="cond" truecount="2" falsecount="0"/>
        <line num="115" count="211" type="cond" truecount="1" falsecount="1"/>
        <line num="116" count="211" type="stmt"/>
        <line num="118" count="0" type="stmt"/>
        <line num="119" count="0" type="stmt"/>
        <line num="122" count="4128" type="stmt"/>
        <line num="125" count="688" type="stmt"/>
        <line num="130" count="71" type="stmt"/>
        <line num="132" count="3272" type="cond" truecount="2" falsecount="0"/>
        <line num="134" count="688" type="stmt"/>
        <line num="142" count="71" type="stmt"/>
        <line num="143" count="876" type="stmt"/>
        <line num="146" count="146" type="stmt"/>
        <line num="147" count="584" type="cond" truecount="2" falsecount="0"/>
        <line num="148" count="296" type="stmt"/>
        <line num="149" count="296" type="stmt"/>
        <line num="151" count="288" type="stmt"/>
        <line num="160" count="71" type="stmt"/>
        <line num="161" count="3283" type="stmt"/>
        <line num="162" count="19693" type="stmt"/>
        <line num="166" count="3283" type="cond" truecount="2" falsecount="0"/>
        <line num="173" count="3282" type="cond" truecount="1" falsecount="0"/>
        <line num="183" count="71" type="stmt"/>
        <line num="186" count="5716" type="stmt"/>
        <line num="195" count="71" type="stmt"/>
        <line num="196" count="692" type="stmt"/>
        <line num="197" count="692" type="stmt"/>
      </file>
      <file name="routes-utils.js" path="/Users/tr-hcakmak/Desktop/pwa-kit-starter-project/app/utils/routes-utils.js">
        <metrics statements="37" coveredstatements="37" conditionals="24" coveredconditionals="19" methods="9" coveredmethods="9"/>
        <line num="21" count="2" type="cond" truecount="0" falsecount="2"/>
        <line num="22" count="9" type="cond" truecount="1" falsecount="1"/>
        <line num="23" count="9" type="cond" truecount="1" falsecount="1"/>
        <line num="25" count="9" type="stmt"/>
        <line num="27" count="9" type="stmt"/>
        <line num="28" count="9" type="cond" truecount="1" falsecount="1"/>
        <line num="30" count="9" type="stmt"/>
        <line num="31" count="9" type="stmt"/>
        <line num="32" count="18" type="stmt"/>
        <line num="34" count="18" type="cond" truecount="2" falsecount="0"/>
        <line num="35" count="1" type="stmt"/>
        <line num="37" count="17" type="stmt"/>
        <line num="39" count="34" type="stmt"/>
        <line num="40" count="34" type="stmt"/>
        <line num="42" count="34" type="stmt"/>
        <line num="43" count="85" type="stmt"/>
        <line num="44" count="85" type="stmt"/>
        <line num="46" count="34" type="stmt"/>
        <line num="47" count="34" type="stmt"/>
        <line num="49" count="34" type="cond" truecount="2" falsecount="0"/>
        <line num="53" count="10" type="stmt"/>
        <line num="55" count="20" type="stmt"/>
        <line num="59" count="20" type="stmt"/>
        <line num="61" count="60" type="stmt"/>
        <line num="66" count="60" type="stmt"/>
        <line num="74" count="34" type="cond" truecount="2" falsecount="0"/>
        <line num="79" count="8" type="stmt"/>
        <line num="80" count="16" type="stmt"/>
        <line num="86" count="34" type="cond" truecount="2" falsecount="0"/>
        <line num="91" count="8" type="stmt"/>
        <line num="92" count="24" type="stmt"/>
        <line num="100" count="17" type="stmt"/>
        <line num="104" count="9" type="stmt"/>
        <line num="105" count="3196" type="cond" truecount="2" falsecount="0"/>
        <line num="106" count="168" type="stmt"/>
        <line num="108" count="198" type="stmt"/>
        <line num="110" count="9" type="stmt"/>
      </file>
      <file name="site-utils.js" path="/Users/tr-hcakmak/Desktop/pwa-kit-starter-project/app/utils/site-utils.js">
        <metrics statements="32" coveredstatements="32" conditionals="23" coveredconditionals="23" methods="8" coveredmethods="8"/>
        <line num="18" count="81" type="stmt"/>
        <line num="19" count="16" type="cond" truecount="2" falsecount="0"/>
        <line num="20" count="1" type="stmt"/>
        <line num="22" count="15" type="stmt"/>
        <line num="23" count="15" type="stmt"/>
        <line num="27" count="15" type="stmt"/>
        <line num="28" count="15" type="stmt"/>
        <line num="32" count="26" type="cond" truecount="3" falsecount="0"/>
        <line num="33" count="15" type="cond" truecount="2" falsecount="0"/>
        <line num="34" count="7" type="stmt"/>
        <line num="38" count="8" type="stmt"/>
        <line num="40" count="8" type="cond" truecount="2" falsecount="0"/>
        <line num="41" count="1" type="stmt"/>
        <line num="45" count="7" type="stmt"/>
        <line num="52" count="81" type="stmt"/>
        <line num="53" count="1543" type="stmt"/>
        <line num="54" count="1543" type="stmt"/>
        <line num="56" count="1543" type="cond" truecount="2" falsecount="0"/>
        <line num="57" count="1" type="stmt"/>
        <line num="60" count="1545" type="stmt"/>
        <line num="67" count="81" type="stmt"/>
        <line num="68" count="2503" type="cond" truecount="4" falsecount="0"/>
        <line num="70" count="2503" type="cond" truecount="2" falsecount="0"/>
        <line num="71" count="1" type="stmt"/>
        <line num="74" count="2502" type="stmt"/>
        <line num="75" count="5003" type="stmt"/>
        <line num="76" count="5003" type="stmt"/>
        <line num="88" count="81" type="stmt"/>
        <line num="89" count="919" type="stmt"/>
        <line num="90" count="919" type="stmt"/>
        <line num="92" count="919" type="stmt"/>
        <line num="94" count="1214" type="cond" truecount="2" falsecount="0"/>
      </file>
      <file name="url.js" path="/Users/tr-hcakmak/Desktop/pwa-kit-starter-project/app/utils/url.js">
        <metrics statements="71" coveredstatements="71" conditionals="87" coveredconditionals="81" methods="15" coveredmethods="15"/>
        <line num="24" count="81" type="stmt"/>
        <line num="25" count="69" type="stmt"/>
        <line num="45" count="81" type="stmt"/>
        <line num="46" count="206" type="stmt"/>
        <line num="47" count="206" type="stmt"/>
        <line num="49" count="206" type="stmt"/>
        <line num="52" count="206" type="stmt"/>
        <line num="55" count="206" type="cond" truecount="2" falsecount="0"/>
        <line num="58" count="81" type="stmt"/>
        <line num="59" count="777" type="stmt"/>
        <line num="61" count="1787" type="cond" truecount="4" falsecount="0"/>
        <line num="62" count="5" type="stmt"/>
        <line num="64" count="1782" type="stmt"/>
        <line num="91" count="81" type="cond" truecount="4" falsecount="0"/>
        <line num="92" count="192" type="stmt"/>
        <line num="100" count="81" type="stmt"/>
        <line num="108" count="629" type="stmt"/>
        <line num="116" count="81" type="stmt"/>
        <line num="128" count="81" type="cond" truecount="0" falsecount="1"/>
        <line num="129" count="5" type="cond" truecount="1" falsecount="1"/>
        <line num="130" count="5" type="stmt"/>
        <line num="131" count="5" type="stmt"/>
        <line num="134" count="5" type="cond" truecount="2" falsecount="0"/>
        <line num="135" count="3" type="stmt"/>
        <line num="136" count="3" type="stmt"/>
        <line num="139" count="5" type="cond" truecount="2" falsecount="0"/>
        <line num="140" count="3" type="stmt"/>
        <line num="141" count="3" type="stmt"/>
        <line num="144" count="5" type="stmt"/>
        <line num="146" count="5" type="stmt"/>
        <line num="149" count="5" type="cond" truecount="1" falsecount="0"/>
        <line num="151" count="5" type="stmt"/>
        <line num="153" count="5" type="cond" truecount="2" falsecount="0"/>
        <line num="154" count="1" type="stmt"/>
        <line num="155" count="1" type="stmt"/>
        <line num="159" count="5" type="stmt"/>
        <line num="161" count="5" type="stmt"/>
        <line num="164" count="5" type="stmt"/>
        <line num="171" count="5" type="stmt"/>
        <line num="183" count="81" type="stmt"/>
        <line num="184" count="609" type="stmt"/>
        <line num="185" count="609" type="stmt"/>
        <line num="186" count="609" type="stmt"/>
        <line num="187" count="609" type="stmt"/>
        <line num="190" count="609" type="cond" truecount="3" falsecount="0"/>
        <line num="192" count="609" type="cond" truecount="2" falsecount="1"/>
        <line num="195" count="609" type="cond" truecount="5" falsecount="0"/>
        <line num="198" count="609" type="cond" truecount="5" falsecount="0"/>
        <line num="201" count="609" type="cond" truecount="2" falsecount="0"/>
        <line num="204" count="609" type="cond" truecount="5" falsecount="0"/>
        <line num="207" count="609" type="cond" truecount="5" falsecount="0"/>
        <line num="210" count="609" type="stmt"/>
        <line num="212" count="1558" type="cond" truecount="6" falsecount="1"/>
        <line num="216" count="1558" type="cond" truecount="5" falsecount="0"/>
        <line num="218" count="1558" type="cond" truecount="5" falsecount="0"/>
        <line num="220" count="1558" type="cond" truecount="3" falsecount="1"/>
        <line num="221" count="1558" type="stmt"/>
        <line num="222" count="1558" type="cond" truecount="2" falsecount="0"/>
        <line num="223" count="29" type="stmt"/>
        <line num="224" count="29" type="cond" truecount="3" falsecount="0"/>
        <line num="225" count="29" type="cond" truecount="3" falsecount="0"/>
        <line num="226" count="29" type="stmt"/>
        <line num="228" count="1558" type="stmt"/>
        <line num="248" count="81" type="stmt"/>
        <line num="249" count="17" type="stmt"/>
        <line num="250" count="17" type="stmt"/>
        <line num="251" count="17" type="stmt"/>
        <line num="252" count="64" type="cond" truecount="2" falsecount="0"/>
        <line num="253" count="4" type="stmt"/>
        <line num="258" count="17" type="stmt"/>
        <line num="260" count="17" type="cond" truecount="2" falsecount="0"/>
      </file>
      <file name="utils.js" path="/Users/tr-hcakmak/Desktop/pwa-kit-starter-project/app/utils/utils.js">
        <metrics statements="108" coveredstatements="97" conditionals="44" coveredconditionals="34" methods="29" coveredmethods="27"/>
        <line num="17" count="81" type="stmt"/>
        <line num="18" count="2" type="cond" truecount="2" falsecount="0"/>
        <line num="19" count="1" type="stmt"/>
        <line num="21" count="1" type="stmt"/>
        <line num="25" count="81" type="cond" truecount="1" falsecount="0"/>
        <line num="26" count="3" type="stmt"/>
        <line num="27" count="3" type="stmt"/>
        <line num="28" count="3" type="stmt"/>
        <line num="29" count="3" type="stmt"/>
        <line num="30" count="3" type="stmt"/>
        <line num="31" count="1" type="stmt"/>
        <line num="32" count="1" type="stmt"/>
        <line num="34" count="3" type="stmt"/>
        <line num="43" count="81" type="stmt"/>
        <line num="44" count="54" type="stmt"/>
        <line num="46" count="108" type="stmt"/>
        <line num="47" count="108" type="stmt"/>
        <line num="49" count="54" type="stmt"/>
        <line num="58" count="81" type="stmt"/>
        <line num="59" count="58" type="stmt"/>
        <line num="60" count="498" type="cond" truecount="4" falsecount="0"/>
        <line num="61" count="2" type="stmt"/>
        <line num="64" count="56" type="stmt"/>
        <line num="65" count="497" type="cond" truecount="4" falsecount="0"/>
        <line num="66" count="1" type="stmt"/>
        <line num="69" count="55" type="stmt"/>
        <line num="78" count="81" type="stmt"/>
        <line num="85" count="81" type="cond" truecount="1" falsecount="0"/>
        <line num="86" count="2" type="cond" truecount="1" falsecount="1"/>
        <line num="87" count="2" type="cond" truecount="4" falsecount="0"/>
        <line num="92" count="2" type="stmt"/>
        <line num="103" count="81" type="stmt"/>
        <line num="110" count="81" type="stmt"/>
        <line num="111" count="117" type="cond" truecount="1" falsecount="1"/>
        <line num="112" count="0" type="stmt"/>
        <line num="114" count="117" type="stmt"/>
        <line num="115" count="117" type="cond" truecount="2" falsecount="0"/>
        <line num="116" count="35" type="stmt"/>
        <line num="118" count="82" type="stmt"/>
        <line num="126" count="81" type="stmt"/>
        <line num="127" count="8" type="stmt"/>
        <line num="134" count="81" type="stmt"/>
        <line num="135" count="10" type="stmt"/>
        <line num="143" count="81" type="stmt"/>
        <line num="151" count="81" type="stmt"/>
        <line num="152" count="23" type="stmt"/>
        <line num="160" count="81" type="stmt"/>
        <line num="161" count="22" type="stmt"/>
        <line num="164" count="24" type="stmt"/>
        <line num="174" count="81" type="stmt"/>
        <line num="175" count="52" type="stmt"/>
        <line num="177" count="52" type="stmt"/>
        <line num="178" count="52" type="stmt"/>
        <line num="179" count="52" type="stmt"/>
        <line num="180" count="52" type="stmt"/>
        <line num="181" count="52" type="stmt"/>
        <line num="184" count="52" type="cond" truecount="2" falsecount="0"/>
        <line num="186" count="52" type="cond" truecount="2" falsecount="0"/>
        <line num="187" count="52" type="stmt"/>
        <line num="194" count="81" type="stmt"/>
        <line num="195" count="0" type="stmt"/>
        <line num="196" count="0" type="cond" truecount="0" falsecount="2"/>
        <line num="197" count="0" type="stmt"/>
        <line num="199" count="0" type="stmt"/>
        <line num="208" count="81" type="stmt"/>
        <line num="209" count="52" type="cond" truecount="1" falsecount="1"/>
        <line num="210" count="0" type="stmt"/>
        <line num="213" count="52" type="stmt"/>
        <line num="214" count="52" type="stmt"/>
        <line num="215" count="52" type="stmt"/>
        <line num="216" count="52" type="stmt"/>
        <line num="217" count="52" type="stmt"/>
        <line num="218" count="52" type="stmt"/>
        <line num="219" count="104" type="stmt"/>
        <line num="220" count="104" type="stmt"/>
        <line num="221" count="104" type="stmt"/>
        <line num="222" count="104" type="stmt"/>
        <line num="223" count="237" type="stmt"/>
        <line num="224" count="237" type="stmt"/>
        <line num="227" count="52" type="stmt"/>
        <line num="228" count="52" type="stmt"/>
        <line num="232" count="52" type="stmt"/>
        <line num="235" count="52" type="stmt"/>
        <line num="238" count="52" type="stmt"/>
        <line num="239" count="52" type="stmt"/>
        <line num="240" count="52" type="stmt"/>
        <line num="241" count="52" type="stmt"/>
        <line num="242" count="52" type="stmt"/>
        <line num="255" count="81" type="stmt"/>
        <line num="256" count="614" type="cond" truecount="1" falsecount="1"/>
        <line num="257" count="0" type="stmt"/>
        <line num="259" count="614" type="stmt"/>
        <line num="260" count="618" type="cond" truecount="2" falsecount="0"/>
        <line num="272" count="81" type="stmt"/>
        <line num="273" count="9" type="cond" truecount="1" falsecount="1"/>
        <line num="274" count="0" type="stmt"/>
        <line num="276" count="9" type="stmt"/>
        <line num="277" count="9" type="stmt"/>
        <line num="278" count="9" type="stmt"/>
        <line num="280" count="9" type="cond" truecount="2" falsecount="0"/>
        <line num="281" count="3" type="stmt"/>
        <line num="283" count="9" type="stmt"/>
        <line num="284" count="11" type="cond" truecount="2" falsecount="0"/>
        <line num="286" count="9" type="cond" truecount="1" falsecount="1"/>
        <line num="287" count="9" type="stmt"/>
        <line num="290" count="0" type="stmt"/>
        <line num="291" count="0" type="stmt"/>
        <line num="292" count="0" type="cond" truecount="0" falsecount="2"/>
      </file>
    </package>
  </project>
</coverage>
