{"/Users/tr-hcakmak/Desktop/pwa-kit-starter-project/app/constants.js": {"path":"/Users/tr-hcakmak/Desktop/pwa-kit-starter-project/app/constants.js","statementMap":{"0":{"start":{"line":11,"column":30},"end":{"line":11,"column":37}},"1":{"start":{"line":12,"column":34},"end":{"line":12,"column":52}},"2":{"start":{"line":13,"column":29},"end":{"line":13,"column":36}},"3":{"start":{"line":16,"column":37},"end":{"line":16,"column":93}},"4":{"start":{"line":17,"column":36},"end":{"line":17,"column":49}},"5":{"start":{"line":20,"column":35},"end":{"line":20,"column":36}},"6":{"start":{"line":21,"column":33},"end":{"line":21,"column":52}},"7":{"start":{"line":22,"column":40},"end":{"line":22,"column":41}},"8":{"start":{"line":25,"column":46},"end":{"line":25,"column":59}},"9":{"start":{"line":26,"column":40},"end":{"line":26,"column":42}},"10":{"start":{"line":29,"column":42},"end":{"line":29,"column":43}},"11":{"start":{"line":30,"column":46},"end":{"line":30,"column":52}},"12":{"start":{"line":31,"column":35},"end":{"line":31,"column":40}},"13":{"start":{"line":33,"column":30},"end":{"line":51,"column":1}},"14":{"start":{"line":54,"column":27},"end":{"line":54,"column":36}},"15":{"start":{"line":56,"column":37},"end":{"line":56,"column":61}},"16":{"start":{"line":58,"column":33},"end":{"line":61,"column":2}},"17":{"start":{"line":63,"column":25},"end":{"line":63,"column":28}},"18":{"start":{"line":65,"column":34},"end":{"line":65,"column":36}},"19":{"start":{"line":67,"column":32},"end":{"line":71,"column":1}},"20":{"start":{"line":79,"column":47},"end":{"line":82,"column":2}},"21":{"start":{"line":84,"column":42},"end":{"line":87,"column":2}},"22":{"start":{"line":89,"column":51},"end":{"line":92,"column":2}}},"fnMap":{},"branchMap":{},"s":{"0":84,"1":84,"2":84,"3":84,"4":84,"5":84,"6":84,"7":84,"8":84,"9":84,"10":84,"11":84,"12":84,"13":84,"14":84,"15":84,"16":84,"17":84,"18":84,"19":84,"20":84,"21":84,"22":84},"f":{},"b":{},"_coverageSchema":"1a1c01bbd47fc00a2c39e90264f33305004495a9","hash":"86ffc094b4ba6ba989c7c57f814b04f2048b9aa1"}
,"/Users/tr-hcakmak/Desktop/pwa-kit-starter-project/app/request-processor.js": {"path":"/Users/tr-hcakmak/Desktop/pwa-kit-starter-project/app/request-processor.js","statementMap":{"0":{"start":{"line":57,"column":30},"end":{"line":118,"column":1}},"1":{"start":{"line":70,"column":23},"end":{"line":76,"column":5}},"2":{"start":{"line":83,"column":4},"end":{"line":86,"column":5}},"3":{"start":{"line":84,"column":8},"end":{"line":84,"column":31}},"4":{"start":{"line":85,"column":8},"end":{"line":85,"column":31}},"5":{"start":{"line":89,"column":31},"end":{"line":89,"column":63}},"6":{"start":{"line":93,"column":31},"end":{"line":98,"column":5}},"7":{"start":{"line":96,"column":27},"end":{"line":96,"column":62}},"8":{"start":{"line":101,"column":4},"end":{"line":101,"column":47}},"9":{"start":{"line":114,"column":4},"end":{"line":117,"column":5}}},"fnMap":{"0":{"name":"(anonymous_0)","decl":{"start":{"line":57,"column":30},"end":{"line":57,"column":31}},"loc":{"start":{"line":64,"column":6},"end":{"line":118,"column":1}},"line":64},"1":{"name":"(anonymous_1)","decl":{"start":{"line":96,"column":12},"end":{"line":96,"column":13}},"loc":{"start":{"line":96,"column":27},"end":{"line":96,"column":62}},"line":96}},"branchMap":{"0":{"loc":{"start":{"line":83,"column":4},"end":{"line":86,"column":5}},"type":"if","locations":[{"start":{"line":83,"column":4},"end":{"line":86,"column":5}},{"start":{},"end":{}}],"line":83}},"s":{"0":1,"1":2,"2":2,"3":1,"4":1,"5":2,"6":2,"7":4,"8":2,"9":2},"f":{"0":2,"1":4},"b":{"0":[1,1]},"_coverageSchema":"1a1c01bbd47fc00a2c39e90264f33305004495a9","hash":"cfc869321a0af1e63be5168dfbc01c68ac9d9066"}
,"/Users/tr-hcakmak/Desktop/pwa-kit-starter-project/app/routes.jsx": {"path":"/Users/tr-hcakmak/Desktop/pwa-kit-starter-project/app/routes.jsx","statementMap":{"0":{"start":{"line":9,"column":17},"end":{"line":9,"column":56}},"1":{"start":{"line":12,"column":13},"end":{"line":12,"column":63}},"2":{"start":{"line":12,"column":28},"end":{"line":12,"column":50}},"3":{"start":{"line":13,"column":14},"end":{"line":13,"column":65}},"4":{"start":{"line":13,"column":29},"end":{"line":13,"column":52}},"5":{"start":{"line":14,"column":21},"end":{"line":14,"column":79}},"6":{"start":{"line":14,"column":36},"end":{"line":14,"column":66}},"7":{"start":{"line":15,"column":22},"end":{"line":15,"column":82}},"8":{"start":{"line":15,"column":37},"end":{"line":15,"column":69}},"9":{"start":{"line":16,"column":16},"end":{"line":16,"column":69}},"10":{"start":{"line":16,"column":31},"end":{"line":16,"column":56}},"11":{"start":{"line":17,"column":13},"end":{"line":17,"column":63}},"12":{"start":{"line":17,"column":28},"end":{"line":17,"column":50}},"13":{"start":{"line":18,"column":17},"end":{"line":18,"column":71}},"14":{"start":{"line":18,"column":32},"end":{"line":18,"column":58}},"15":{"start":{"line":19,"column":29},"end":{"line":19,"column":96}},"16":{"start":{"line":19,"column":44},"end":{"line":19,"column":83}},"17":{"start":{"line":20,"column":22},"end":{"line":20,"column":82}},"18":{"start":{"line":20,"column":37},"end":{"line":20,"column":69}},"19":{"start":{"line":21,"column":22},"end":{"line":21,"column":82}},"20":{"start":{"line":21,"column":37},"end":{"line":21,"column":69}},"21":{"start":{"line":22,"column":20},"end":{"line":22,"column":78}},"22":{"start":{"line":22,"column":35},"end":{"line":22,"column":65}},"23":{"start":{"line":23,"column":17},"end":{"line":23,"column":79}},"24":{"start":{"line":23,"column":32},"end":{"line":23,"column":66}},"25":{"start":{"line":24,"column":16},"end":{"line":24,"column":69}},"26":{"start":{"line":24,"column":31},"end":{"line":24,"column":56}},"27":{"start":{"line":25,"column":21},"end":{"line":25,"column":69}},"28":{"start":{"line":25,"column":36},"end":{"line":25,"column":68}},"29":{"start":{"line":27,"column":15},"end":{"line":96,"column":1}},"30":{"start":{"line":99,"column":19},"end":{"line":99,"column":30}},"31":{"start":{"line":100,"column":4},"end":{"line":102,"column":6}}},"fnMap":{"0":{"name":"(anonymous_0)","decl":{"start":{"line":12,"column":22},"end":{"line":12,"column":23}},"loc":{"start":{"line":12,"column":28},"end":{"line":12,"column":50}},"line":12},"1":{"name":"(anonymous_1)","decl":{"start":{"line":13,"column":23},"end":{"line":13,"column":24}},"loc":{"start":{"line":13,"column":29},"end":{"line":13,"column":52}},"line":13},"2":{"name":"(anonymous_2)","decl":{"start":{"line":14,"column":30},"end":{"line":14,"column":31}},"loc":{"start":{"line":14,"column":36},"end":{"line":14,"column":66}},"line":14},"3":{"name":"(anonymous_3)","decl":{"start":{"line":15,"column":31},"end":{"line":15,"column":32}},"loc":{"start":{"line":15,"column":37},"end":{"line":15,"column":69}},"line":15},"4":{"name":"(anonymous_4)","decl":{"start":{"line":16,"column":25},"end":{"line":16,"column":26}},"loc":{"start":{"line":16,"column":31},"end":{"line":16,"column":56}},"line":16},"5":{"name":"(anonymous_5)","decl":{"start":{"line":17,"column":22},"end":{"line":17,"column":23}},"loc":{"start":{"line":17,"column":28},"end":{"line":17,"column":50}},"line":17},"6":{"name":"(anonymous_6)","decl":{"start":{"line":18,"column":26},"end":{"line":18,"column":27}},"loc":{"start":{"line":18,"column":32},"end":{"line":18,"column":58}},"line":18},"7":{"name":"(anonymous_7)","decl":{"start":{"line":19,"column":38},"end":{"line":19,"column":39}},"loc":{"start":{"line":19,"column":44},"end":{"line":19,"column":83}},"line":19},"8":{"name":"(anonymous_8)","decl":{"start":{"line":20,"column":31},"end":{"line":20,"column":32}},"loc":{"start":{"line":20,"column":37},"end":{"line":20,"column":69}},"line":20},"9":{"name":"(anonymous_9)","decl":{"start":{"line":21,"column":31},"end":{"line":21,"column":32}},"loc":{"start":{"line":21,"column":37},"end":{"line":21,"column":69}},"line":21},"10":{"name":"(anonymous_10)","decl":{"start":{"line":22,"column":29},"end":{"line":22,"column":30}},"loc":{"start":{"line":22,"column":35},"end":{"line":22,"column":65}},"line":22},"11":{"name":"(anonymous_11)","decl":{"start":{"line":23,"column":26},"end":{"line":23,"column":27}},"loc":{"start":{"line":23,"column":32},"end":{"line":23,"column":66}},"line":23},"12":{"name":"(anonymous_12)","decl":{"start":{"line":24,"column":25},"end":{"line":24,"column":26}},"loc":{"start":{"line":24,"column":31},"end":{"line":24,"column":56}},"line":24},"13":{"name":"(anonymous_13)","decl":{"start":{"line":25,"column":30},"end":{"line":25,"column":31}},"loc":{"start":{"line":25,"column":36},"end":{"line":25,"column":68}},"line":25},"14":{"name":"(anonymous_14)","decl":{"start":{"line":98,"column":15},"end":{"line":98,"column":16}},"loc":{"start":{"line":98,"column":21},"end":{"line":103,"column":1}},"line":98}},"branchMap":{},"s":{"0":1,"1":1,"2":0,"3":1,"4":0,"5":1,"6":0,"7":1,"8":0,"9":1,"10":0,"11":1,"12":0,"13":1,"14":0,"15":1,"16":0,"17":1,"18":0,"19":1,"20":0,"21":1,"22":0,"23":1,"24":0,"25":1,"26":0,"27":1,"28":0,"29":1,"30":0,"31":0},"f":{"0":0,"1":0,"2":0,"3":0,"4":0,"5":0,"6":0,"7":0,"8":0,"9":0,"10":0,"11":0,"12":0,"13":0,"14":0},"b":{},"_coverageSchema":"1a1c01bbd47fc00a2c39e90264f33305004495a9","hash":"15d503c71be60fbbab11fbf7547cdb371599ffe9"}
,"/Users/tr-hcakmak/Desktop/pwa-kit-starter-project/app/commerce-api/auth.js": {"path":"/Users/tr-hcakmak/Desktop/pwa-kit-starter-project/app/commerce-api/auth.js","statementMap":{"0":{"start":{"line":29,"column":23},"end":{"line":29,"column":29}},"1":{"start":{"line":30,"column":22},"end":{"line":30,"column":27}},"2":{"start":{"line":31,"column":28},"end":{"line":31,"column":41}},"3":{"start":{"line":32,"column":24},"end":{"line":32,"column":31}},"4":{"start":{"line":33,"column":41},"end":{"line":33,"column":48}},"5":{"start":{"line":34,"column":36},"end":{"line":34,"column":45}},"6":{"start":{"line":35,"column":22},"end":{"line":35,"column":27}},"7":{"start":{"line":36,"column":23},"end":{"line":36,"column":30}},"8":{"start":{"line":37,"column":33},"end":{"line":37,"column":35}},"9":{"start":{"line":39,"column":22},"end":{"line":39,"column":37}},"10":{"start":{"line":40,"column":22},"end":{"line":40,"column":45}},"11":{"start":{"line":45,"column":29},"end":{"line":45,"column":40}},"12":{"start":{"line":48,"column":8},"end":{"line":48,"column":23}},"13":{"start":{"line":49,"column":8},"end":{"line":49,"column":34}},"14":{"start":{"line":50,"column":8},"end":{"line":50,"column":54}},"15":{"start":{"line":55,"column":8},"end":{"line":55,"column":71}},"16":{"start":{"line":57,"column":26},"end":{"line":57,"column":63}},"17":{"start":{"line":58,"column":8},"end":{"line":60,"column":9}},"18":{"start":{"line":59,"column":12},"end":{"line":59,"column":32}},"19":{"start":{"line":62,"column":8},"end":{"line":65,"column":9}},"20":{"start":{"line":63,"column":12},"end":{"line":63,"column":29}},"21":{"start":{"line":64,"column":12},"end":{"line":64,"column":32}},"22":{"start":{"line":67,"column":8},"end":{"line":67,"column":42}},"23":{"start":{"line":68,"column":8},"end":{"line":68,"column":44}},"24":{"start":{"line":75,"column":23},"end":{"line":78,"column":5}},"25":{"start":{"line":85,"column":8},"end":{"line":85,"column":33}},"26":{"start":{"line":89,"column":8},"end":{"line":89,"column":49}},"27":{"start":{"line":93,"column":8},"end":{"line":93,"column":49}},"28":{"start":{"line":97,"column":8},"end":{"line":99,"column":34}},"29":{"start":{"line":104,"column":12},"end":{"line":106,"column":45}},"30":{"start":{"line":107,"column":8},"end":{"line":107,"column":44}},"31":{"start":{"line":111,"column":8},"end":{"line":111,"column":48}},"32":{"start":{"line":115,"column":8},"end":{"line":115,"column":47}},"33":{"start":{"line":119,"column":8},"end":{"line":119,"column":47}},"34":{"start":{"line":123,"column":8},"end":{"line":123,"column":45}},"35":{"start":{"line":127,"column":8},"end":{"line":127,"column":53}},"36":{"start":{"line":131,"column":8},"end":{"line":131,"column":57}},"37":{"start":{"line":135,"column":8},"end":{"line":135,"column":47}},"38":{"start":{"line":139,"column":8},"end":{"line":139,"column":45}},"39":{"start":{"line":149,"column":8},"end":{"line":155,"column":9}},"40":{"start":{"line":150,"column":12},"end":{"line":152,"column":14}},"41":{"start":{"line":153,"column":12},"end":{"line":153,"column":61}},"42":{"start":{"line":154,"column":12},"end":{"line":154,"column":18}},"43":{"start":{"line":157,"column":8},"end":{"line":157,"column":98}},"44":{"start":{"line":158,"column":8},"end":{"line":158,"column":62}},"45":{"start":{"line":167,"column":21},"end":{"line":167,"column":42}},"46":{"start":{"line":168,"column":67},"end":{"line":168,"column":81}},"47":{"start":{"line":169,"column":8},"end":{"line":169,"column":33}},"48":{"start":{"line":170,"column":8},"end":{"line":170,"column":44}},"49":{"start":{"line":171,"column":8},"end":{"line":171,"column":33}},"50":{"start":{"line":172,"column":8},"end":{"line":172,"column":50}},"51":{"start":{"line":173,"column":8},"end":{"line":173,"column":66}},"52":{"start":{"line":174,"column":8},"end":{"line":174,"column":48}},"53":{"start":{"line":176,"column":24},"end":{"line":181,"column":9}},"54":{"start":{"line":183,"column":25},"end":{"line":183,"column":77}},"55":{"start":{"line":185,"column":8},"end":{"line":187,"column":9}},"56":{"start":{"line":186,"column":12},"end":{"line":186,"column":71}},"57":{"start":{"line":188,"column":8},"end":{"line":188,"column":55}},"58":{"start":{"line":189,"column":8},"end":{"line":189,"column":23}},"59":{"start":{"line":200,"column":8},"end":{"line":202,"column":9}},"60":{"start":{"line":201,"column":12},"end":{"line":201,"column":37}},"61":{"start":{"line":203,"column":22},"end":{"line":203,"column":23}},"62":{"start":{"line":204,"column":31},"end":{"line":222,"column":9}},"63":{"start":{"line":205,"column":38},"end":{"line":205,"column":53}},"64":{"start":{"line":206,"column":12},"end":{"line":212,"column":13}},"65":{"start":{"line":207,"column":16},"end":{"line":207,"column":61}},"66":{"start":{"line":208,"column":19},"end":{"line":212,"column":13}},"67":{"start":{"line":209,"column":16},"end":{"line":209,"column":58}},"68":{"start":{"line":210,"column":19},"end":{"line":212,"column":13}},"69":{"start":{"line":211,"column":16},"end":{"line":211,"column":59}},"70":{"start":{"line":213,"column":12},"end":{"line":221,"column":14}},"71":{"start":{"line":214,"column":36},"end":{"line":214,"column":66}},"72":{"start":{"line":215,"column":16},"end":{"line":219,"column":17}},"73":{"start":{"line":216,"column":20},"end":{"line":216,"column":31}},"74":{"start":{"line":217,"column":20},"end":{"line":217,"column":37}},"75":{"start":{"line":218,"column":20},"end":{"line":218,"column":43}},"76":{"start":{"line":220,"column":16},"end":{"line":220,"column":27}},"77":{"start":{"line":224,"column":8},"end":{"line":228,"column":10}},"78":{"start":{"line":227,"column":12},"end":{"line":227,"column":42}},"79":{"start":{"line":230,"column":8},"end":{"line":230,"column":33}},"80":{"start":{"line":239,"column":24},"end":{"line":245,"column":9}},"81":{"start":{"line":246,"column":8},"end":{"line":246,"column":66}},"82":{"start":{"line":247,"column":8},"end":{"line":247,"column":31}},"83":{"start":{"line":248,"column":8},"end":{"line":250,"column":9}},"84":{"start":{"line":249,"column":12},"end":{"line":249,"column":31}},"85":{"start":{"line":260,"column":12},"end":{"line":260,"column":25}},"86":{"start":{"line":261,"column":8},"end":{"line":261,"column":49}},"87":{"start":{"line":262,"column":8},"end":{"line":262,"column":24}},"88":{"start":{"line":263,"column":8},"end":{"line":263,"column":30}},"89":{"start":{"line":266,"column":8},"end":{"line":271,"column":9}},"90":{"start":{"line":267,"column":12},"end":{"line":267,"column":40}},"91":{"start":{"line":268,"column":12},"end":{"line":268,"column":76}},"92":{"start":{"line":270,"column":12},"end":{"line":270,"column":71}},"93":{"start":{"line":273,"column":8},"end":{"line":275,"column":9}},"94":{"start":{"line":274,"column":12},"end":{"line":274,"column":53}},"95":{"start":{"line":280,"column":25},"end":{"line":283,"column":9}},"96":{"start":{"line":285,"column":8},"end":{"line":285,"column":23}},"97":{"start":{"line":294,"column":29},"end":{"line":294,"column":49}},"98":{"start":{"line":295,"column":30},"end":{"line":295,"column":71}},"99":{"start":{"line":297,"column":8},"end":{"line":297,"column":60}},"100":{"start":{"line":299,"column":30},"end":{"line":299,"column":93}},"101":{"start":{"line":300,"column":24},"end":{"line":312,"column":9}},"102":{"start":{"line":314,"column":25},"end":{"line":314,"column":89}},"103":{"start":{"line":315,"column":8},"end":{"line":318,"column":9}},"104":{"start":{"line":316,"column":25},"end":{"line":316,"column":46}},"105":{"start":{"line":317,"column":12},"end":{"line":317,"column":62}},"106":{"start":{"line":320,"column":26},"end":{"line":324,"column":9}},"107":{"start":{"line":326,"column":30},"end":{"line":326,"column":68}},"108":{"start":{"line":327,"column":25},"end":{"line":330,"column":9}},"109":{"start":{"line":332,"column":8},"end":{"line":332,"column":23}},"110":{"start":{"line":340,"column":29},"end":{"line":340,"column":49}},"111":{"start":{"line":341,"column":30},"end":{"line":341,"column":71}},"112":{"start":{"line":343,"column":8},"end":{"line":345,"column":9}},"113":{"start":{"line":344,"column":12},"end":{"line":344,"column":64}},"114":{"start":{"line":347,"column":24},"end":{"line":359,"column":9}},"115":{"start":{"line":361,"column":25},"end":{"line":361,"column":86}},"116":{"start":{"line":362,"column":8},"end":{"line":372,"column":9}},"117":{"start":{"line":363,"column":23},"end":{"line":363,"column":44}},"118":{"start":{"line":364,"column":31},"end":{"line":364,"column":35}},"119":{"start":{"line":365,"column":12},"end":{"line":370,"column":22}},"120":{"start":{"line":366,"column":29},"end":{"line":366,"column":45}},"121":{"start":{"line":367,"column":16},"end":{"line":369,"column":17}},"122":{"start":{"line":368,"column":20},"end":{"line":368,"column":47}},"123":{"start":{"line":371,"column":12},"end":{"line":371,"column":62}},"124":{"start":{"line":374,"column":26},"end":{"line":378,"column":9}},"125":{"start":{"line":380,"column":30},"end":{"line":380,"column":68}},"126":{"start":{"line":383,"column":25},"end":{"line":386,"column":9}},"127":{"start":{"line":388,"column":8},"end":{"line":388,"column":23}},"128":{"start":{"line":397,"column":26},"end":{"line":397,"column":33}},"129":{"start":{"line":398,"column":24},"end":{"line":402,"column":9}},"130":{"start":{"line":404,"column":28},"end":{"line":404,"column":93}},"131":{"start":{"line":405,"column":8},"end":{"line":405,"column":26}},"132":{"start":{"line":414,"column":21},"end":{"line":414,"column":42}},"133":{"start":{"line":415,"column":8},"end":{"line":415,"column":50}},"134":{"start":{"line":416,"column":8},"end":{"line":416,"column":55}},"135":{"start":{"line":417,"column":8},"end":{"line":417,"column":66}},"136":{"start":{"line":419,"column":24},"end":{"line":424,"column":9}},"137":{"start":{"line":425,"column":25},"end":{"line":425,"column":77}},"138":{"start":{"line":427,"column":8},"end":{"line":429,"column":9}},"139":{"start":{"line":428,"column":12},"end":{"line":428,"column":71}},"140":{"start":{"line":430,"column":8},"end":{"line":430,"column":55}},"141":{"start":{"line":432,"column":53},"end":{"line":432,"column":61}},"142":{"start":{"line":433,"column":23},"end":{"line":436,"column":9}},"143":{"start":{"line":438,"column":8},"end":{"line":440,"column":9}},"144":{"start":{"line":439,"column":12},"end":{"line":439,"column":57}},"145":{"start":{"line":441,"column":8},"end":{"line":441,"column":23}},"146":{"start":{"line":449,"column":8},"end":{"line":449,"column":45}},"147":{"start":{"line":450,"column":8},"end":{"line":450,"column":62}},"148":{"start":{"line":451,"column":8},"end":{"line":451,"column":57}},"149":{"start":{"line":452,"column":8},"end":{"line":452,"column":44}},"150":{"start":{"line":453,"column":8},"end":{"line":453,"column":43}},"151":{"start":{"line":454,"column":8},"end":{"line":454,"column":49}},"152":{"start":{"line":455,"column":8},"end":{"line":455,"column":44}},"153":{"start":{"line":469,"column":8},"end":{"line":469,"column":19}},"154":{"start":{"line":470,"column":8},"end":{"line":472,"column":9}},"155":{"start":{"line":471,"column":12},"end":{"line":471,"column":89}},"156":{"start":{"line":475,"column":8},"end":{"line":475,"column":59}},"157":{"start":{"line":478,"column":8},"end":{"line":478,"column":31}},"158":{"start":{"line":481,"column":8},"end":{"line":481,"column":27}},"159":{"start":{"line":487,"column":8},"end":{"line":487,"column":19}},"160":{"start":{"line":488,"column":8},"end":{"line":490,"column":9}},"161":{"start":{"line":489,"column":12},"end":{"line":489,"column":88}},"162":{"start":{"line":493,"column":8},"end":{"line":493,"column":47}},"163":{"start":{"line":496,"column":8},"end":{"line":496,"column":47}},"164":{"start":{"line":499,"column":8},"end":{"line":499,"column":43}}},"fnMap":{"0":{"name":"(anonymous_0)","decl":{"start":{"line":47,"column":4},"end":{"line":47,"column":5}},"loc":{"start":{"line":47,"column":21},"end":{"line":69,"column":5}},"line":47},"1":{"name":"(anonymous_1)","decl":{"start":{"line":84,"column":4},"end":{"line":84,"column":5}},"loc":{"start":{"line":84,"column":23},"end":{"line":86,"column":5}},"line":84},"2":{"name":"(anonymous_2)","decl":{"start":{"line":88,"column":4},"end":{"line":88,"column":5}},"loc":{"start":{"line":88,"column":20},"end":{"line":90,"column":5}},"line":88},"3":{"name":"(anonymous_3)","decl":{"start":{"line":92,"column":4},"end":{"line":92,"column":5}},"loc":{"start":{"line":92,"column":25},"end":{"line":94,"column":5}},"line":92},"4":{"name":"(anonymous_4)","decl":{"start":{"line":96,"column":4},"end":{"line":96,"column":5}},"loc":{"start":{"line":96,"column":19},"end":{"line":100,"column":5}},"line":96},"5":{"name":"(anonymous_5)","decl":{"start":{"line":102,"column":4},"end":{"line":102,"column":5}},"loc":{"start":{"line":102,"column":23},"end":{"line":108,"column":5}},"line":102},"6":{"name":"(anonymous_6)","decl":{"start":{"line":110,"column":4},"end":{"line":110,"column":5}},"loc":{"start":{"line":110,"column":15},"end":{"line":112,"column":5}},"line":110},"7":{"name":"(anonymous_7)","decl":{"start":{"line":114,"column":4},"end":{"line":114,"column":5}},"loc":{"start":{"line":114,"column":19},"end":{"line":116,"column":5}},"line":114},"8":{"name":"(anonymous_8)","decl":{"start":{"line":118,"column":4},"end":{"line":118,"column":5}},"loc":{"start":{"line":118,"column":14},"end":{"line":120,"column":5}},"line":118},"9":{"name":"(anonymous_9)","decl":{"start":{"line":122,"column":4},"end":{"line":122,"column":5}},"loc":{"start":{"line":122,"column":17},"end":{"line":124,"column":5}},"line":122},"10":{"name":"(anonymous_10)","decl":{"start":{"line":126,"column":4},"end":{"line":126,"column":5}},"loc":{"start":{"line":126,"column":20},"end":{"line":128,"column":5}},"line":126},"11":{"name":"(anonymous_11)","decl":{"start":{"line":130,"column":4},"end":{"line":130,"column":5}},"loc":{"start":{"line":130,"column":29},"end":{"line":132,"column":5}},"line":130},"12":{"name":"(anonymous_12)","decl":{"start":{"line":134,"column":4},"end":{"line":134,"column":5}},"loc":{"start":{"line":134,"column":14},"end":{"line":136,"column":5}},"line":134},"13":{"name":"(anonymous_13)","decl":{"start":{"line":138,"column":4},"end":{"line":138,"column":5}},"loc":{"start":{"line":138,"column":17},"end":{"line":140,"column":5}},"line":138},"14":{"name":"(anonymous_14)","decl":{"start":{"line":148,"column":4},"end":{"line":148,"column":5}},"loc":{"start":{"line":148,"column":35},"end":{"line":159,"column":5}},"line":148},"15":{"name":"(anonymous_15)","decl":{"start":{"line":166,"column":4},"end":{"line":166,"column":5}},"loc":{"start":{"line":166,"column":43},"end":{"line":190,"column":5}},"line":166},"16":{"name":"(anonymous_16)","decl":{"start":{"line":197,"column":4},"end":{"line":197,"column":5}},"loc":{"start":{"line":197,"column":29},"end":{"line":231,"column":5}},"line":197},"17":{"name":"(anonymous_17)","decl":{"start":{"line":204,"column":31},"end":{"line":204,"column":32}},"loc":{"start":{"line":204,"column":37},"end":{"line":222,"column":9}},"line":204},"18":{"name":"(anonymous_18)","decl":{"start":{"line":213,"column":64},"end":{"line":213,"column":65}},"loc":{"start":{"line":213,"column":75},"end":{"line":221,"column":13}},"line":213},"19":{"name":"(anonymous_19)","decl":{"start":{"line":224,"column":54},"end":{"line":224,"column":55}},"loc":{"start":{"line":224,"column":60},"end":{"line":228,"column":9}},"line":224},"20":{"name":"(anonymous_20)","decl":{"start":{"line":238,"column":4},"end":{"line":238,"column":5}},"loc":{"start":{"line":238,"column":44},"end":{"line":251,"column":5}},"line":238},"21":{"name":"(anonymous_21)","decl":{"start":{"line":258,"column":4},"end":{"line":258,"column":5}},"loc":{"start":{"line":258,"column":52},"end":{"line":276,"column":5}},"line":258},"22":{"name":"(anonymous_22)","decl":{"start":{"line":278,"column":4},"end":{"line":278,"column":5}},"loc":{"start":{"line":278,"column":31},"end":{"line":286,"column":5}},"line":278},"23":{"name":"(anonymous_23)","decl":{"start":{"line":293,"column":4},"end":{"line":293,"column":5}},"loc":{"start":{"line":293,"column":45},"end":{"line":333,"column":5}},"line":293},"24":{"name":"(anonymous_24)","decl":{"start":{"line":339,"column":4},"end":{"line":339,"column":5}},"loc":{"start":{"line":339,"column":26},"end":{"line":389,"column":5}},"line":339},"25":{"name":"(anonymous_25)","decl":{"start":{"line":396,"column":4},"end":{"line":396,"column":5}},"loc":{"start":{"line":396,"column":32},"end":{"line":406,"column":5}},"line":396},"26":{"name":"(anonymous_26)","decl":{"start":{"line":413,"column":4},"end":{"line":413,"column":5}},"loc":{"start":{"line":413,"column":32},"end":{"line":442,"column":5}},"line":413},"27":{"name":"(anonymous_27)","decl":{"start":{"line":448,"column":4},"end":{"line":448,"column":5}},"loc":{"start":{"line":448,"column":17},"end":{"line":456,"column":5}},"line":448},"28":{"name":"(anonymous_28)","decl":{"start":{"line":462,"column":4},"end":{"line":462,"column":5}},"loc":{"start":{"line":462,"column":29},"end":{"line":462,"column":31}},"line":462},"29":{"name":"(anonymous_29)","decl":{"start":{"line":463,"column":4},"end":{"line":463,"column":5}},"loc":{"start":{"line":463,"column":13},"end":{"line":463,"column":15}},"line":463},"30":{"name":"(anonymous_30)","decl":{"start":{"line":464,"column":4},"end":{"line":464,"column":5}},"loc":{"start":{"line":464,"column":16},"end":{"line":464,"column":18}},"line":464},"31":{"name":"(anonymous_31)","decl":{"start":{"line":468,"column":4},"end":{"line":468,"column":5}},"loc":{"start":{"line":468,"column":25},"end":{"line":473,"column":5}},"line":468},"32":{"name":"(anonymous_32)","decl":{"start":{"line":474,"column":4},"end":{"line":474,"column":5}},"loc":{"start":{"line":474,"column":29},"end":{"line":476,"column":5}},"line":474},"33":{"name":"(anonymous_33)","decl":{"start":{"line":477,"column":4},"end":{"line":477,"column":5}},"loc":{"start":{"line":477,"column":13},"end":{"line":479,"column":5}},"line":477},"34":{"name":"(anonymous_34)","decl":{"start":{"line":480,"column":4},"end":{"line":480,"column":5}},"loc":{"start":{"line":480,"column":16},"end":{"line":482,"column":5}},"line":480},"35":{"name":"(anonymous_35)","decl":{"start":{"line":486,"column":4},"end":{"line":486,"column":5}},"loc":{"start":{"line":486,"column":25},"end":{"line":491,"column":5}},"line":486},"36":{"name":"(anonymous_36)","decl":{"start":{"line":492,"column":4},"end":{"line":492,"column":5}},"loc":{"start":{"line":492,"column":20},"end":{"line":494,"column":5}},"line":492},"37":{"name":"(anonymous_37)","decl":{"start":{"line":495,"column":4},"end":{"line":495,"column":5}},"loc":{"start":{"line":495,"column":13},"end":{"line":497,"column":5}},"line":495},"38":{"name":"(anonymous_38)","decl":{"start":{"line":498,"column":4},"end":{"line":498,"column":5}},"loc":{"start":{"line":498,"column":16},"end":{"line":500,"column":5}},"line":498}},"branchMap":{"0":{"loc":{"start":{"line":55,"column":24},"end":{"line":55,"column":71}},"type":"cond-expr","locations":[{"start":{"line":55,"column":41},"end":{"line":55,"column":59}},{"start":{"line":55,"column":62},"end":{"line":55,"column":71}}],"line":55},"1":{"loc":{"start":{"line":58,"column":8},"end":{"line":60,"column":9}},"type":"if","locations":[{"start":{"line":58,"column":8},"end":{"line":60,"column":9}},{"start":{},"end":{}}],"line":58},"2":{"loc":{"start":{"line":62,"column":8},"end":{"line":65,"column":9}},"type":"if","locations":[{"start":{"line":62,"column":8},"end":{"line":65,"column":9}},{"start":{},"end":{}}],"line":62},"3":{"loc":{"start":{"line":97,"column":15},"end":{"line":99,"column":34}},"type":"cond-expr","locations":[{"start":{"line":98,"column":14},"end":{"line":98,"column":39}},{"start":{"line":99,"column":14},"end":{"line":99,"column":34}}],"line":97},"4":{"loc":{"start":{"line":104,"column":12},"end":{"line":106,"column":45}},"type":"cond-expr","locations":[{"start":{"line":105,"column":18},"end":{"line":105,"column":50}},{"start":{"line":106,"column":18},"end":{"line":106,"column":45}}],"line":104},"5":{"loc":{"start":{"line":149,"column":8},"end":{"line":155,"column":9}},"type":"if","locations":[{"start":{"line":149,"column":8},"end":{"line":155,"column":9}},{"start":{},"end":{}}],"line":149},"6":{"loc":{"start":{"line":185,"column":8},"end":{"line":187,"column":9}},"type":"if","locations":[{"start":{"line":185,"column":8},"end":{"line":187,"column":9}},{"start":{},"end":{}}],"line":185},"7":{"loc":{"start":{"line":200,"column":8},"end":{"line":202,"column":9}},"type":"if","locations":[{"start":{"line":200,"column":8},"end":{"line":202,"column":9}},{"start":{},"end":{}}],"line":200},"8":{"loc":{"start":{"line":206,"column":12},"end":{"line":212,"column":13}},"type":"if","locations":[{"start":{"line":206,"column":12},"end":{"line":212,"column":13}},{"start":{"line":208,"column":19},"end":{"line":212,"column":13}}],"line":206},"9":{"loc":{"start":{"line":208,"column":19},"end":{"line":212,"column":13}},"type":"if","locations":[{"start":{"line":208,"column":19},"end":{"line":212,"column":13}},{"start":{"line":210,"column":19},"end":{"line":212,"column":13}}],"line":208},"10":{"loc":{"start":{"line":210,"column":19},"end":{"line":212,"column":13}},"type":"if","locations":[{"start":{"line":210,"column":19},"end":{"line":212,"column":13}},{"start":{},"end":{}}],"line":210},"11":{"loc":{"start":{"line":215,"column":16},"end":{"line":219,"column":17}},"type":"if","locations":[{"start":{"line":215,"column":16},"end":{"line":219,"column":17}},{"start":{},"end":{}}],"line":215},"12":{"loc":{"start":{"line":215,"column":20},"end":{"line":215,"column":72}},"type":"binary-expr","locations":[{"start":{"line":215,"column":20},"end":{"line":215,"column":33}},{"start":{"line":215,"column":37},"end":{"line":215,"column":72}}],"line":215},"13":{"loc":{"start":{"line":238,"column":17},"end":{"line":238,"column":42}},"type":"default-arg","locations":[{"start":{"line":238,"column":38},"end":{"line":238,"column":42}}],"line":238},"14":{"loc":{"start":{"line":248,"column":8},"end":{"line":250,"column":9}},"type":"if","locations":[{"start":{"line":248,"column":8},"end":{"line":250,"column":9}},{"start":{},"end":{}}],"line":248},"15":{"loc":{"start":{"line":266,"column":8},"end":{"line":271,"column":9}},"type":"if","locations":[{"start":{"line":266,"column":8},"end":{"line":271,"column":9}},{"start":{"line":269,"column":15},"end":{"line":271,"column":9}}],"line":266},"16":{"loc":{"start":{"line":273,"column":8},"end":{"line":275,"column":9}},"type":"if","locations":[{"start":{"line":273,"column":8},"end":{"line":275,"column":9}},{"start":{},"end":{}}],"line":273},"17":{"loc":{"start":{"line":315,"column":8},"end":{"line":318,"column":9}},"type":"if","locations":[{"start":{"line":315,"column":8},"end":{"line":318,"column":9}},{"start":{},"end":{}}],"line":315},"18":{"loc":{"start":{"line":343,"column":8},"end":{"line":345,"column":9}},"type":"if","locations":[{"start":{"line":343,"column":8},"end":{"line":345,"column":9}},{"start":{},"end":{}}],"line":343},"19":{"loc":{"start":{"line":362,"column":8},"end":{"line":372,"column":9}},"type":"if","locations":[{"start":{"line":362,"column":8},"end":{"line":372,"column":9}},{"start":{},"end":{}}],"line":362},"20":{"loc":{"start":{"line":367,"column":16},"end":{"line":369,"column":17}},"type":"if","locations":[{"start":{"line":367,"column":16},"end":{"line":369,"column":17}},{"start":{},"end":{}}],"line":367},"21":{"loc":{"start":{"line":377,"column":12},"end":{"line":377,"column":89}},"type":"cond-expr","locations":[{"start":{"line":377,"column":29},"end":{"line":377,"column":74}},{"start":{"line":377,"column":77},"end":{"line":377,"column":89}}],"line":377},"22":{"loc":{"start":{"line":427,"column":8},"end":{"line":429,"column":9}},"type":"if","locations":[{"start":{"line":427,"column":8},"end":{"line":429,"column":9}},{"start":{},"end":{}}],"line":427},"23":{"loc":{"start":{"line":438,"column":8},"end":{"line":440,"column":9}},"type":"if","locations":[{"start":{"line":438,"column":8},"end":{"line":440,"column":9}},{"start":{},"end":{}}],"line":438},"24":{"loc":{"start":{"line":438,"column":12},"end":{"line":438,"column":57}},"type":"binary-expr","locations":[{"start":{"line":438,"column":12},"end":{"line":438,"column":31}},{"start":{"line":438,"column":35},"end":{"line":438,"column":57}}],"line":438},"25":{"loc":{"start":{"line":470,"column":8},"end":{"line":472,"column":9}},"type":"if","locations":[{"start":{"line":470,"column":8},"end":{"line":472,"column":9}},{"start":{},"end":{}}],"line":470},"26":{"loc":{"start":{"line":488,"column":8},"end":{"line":490,"column":9}},"type":"if","locations":[{"start":{"line":488,"column":8},"end":{"line":490,"column":9}},{"start":{},"end":{}}],"line":488}},"s":{"0":74,"1":74,"2":74,"3":74,"4":74,"5":74,"6":74,"7":74,"8":74,"9":74,"10":74,"11":74,"12":359,"13":359,"14":359,"15":359,"16":359,"17":359,"18":106,"19":359,"20":0,"21":0,"22":359,"23":359,"24":74,"25":305,"26":673,"27":79,"28":59,"29":55,"30":55,"31":30,"32":74,"33":4,"34":73,"35":3,"36":74,"37":718,"38":106,"39":76,"40":75,"41":75,"42":75,"43":1,"44":1,"45":68,"46":68,"47":68,"48":68,"49":68,"50":68,"51":68,"52":68,"53":68,"54":68,"55":68,"56":0,"57":68,"58":68,"59":78,"60":1,"61":77,"62":77,"63":77,"64":77,"65":27,"66":50,"67":4,"68":46,"69":5,"70":77,"71":1,"72":1,"73":0,"74":0,"75":0,"76":1,"77":77,"78":77,"79":77,"80":2,"81":2,"82":2,"83":2,"84":2,"85":73,"86":73,"87":73,"88":73,"89":73,"90":73,"91":73,"92":0,"93":73,"94":73,"95":4,"96":4,"97":27,"98":27,"99":27,"100":27,"101":27,"102":27,"103":27,"104":1,"105":1,"106":26,"107":26,"108":26,"109":26,"110":41,"111":41,"112":41,"113":41,"114":41,"115":41,"116":41,"117":0,"118":0,"119":0,"120":0,"121":0,"122":0,"123":0,"124":41,"125":41,"126":41,"127":41,"128":0,"129":0,"130":0,"131":0,"132":5,"133":5,"134":5,"135":5,"136":5,"137":5,"138":5,"139":0,"140":5,"141":5,"142":5,"143":5,"144":5,"145":5,"146":58,"147":58,"148":58,"149":58,"150":58,"151":58,"152":58,"153":0,"154":0,"155":0,"156":0,"157":0,"158":0,"159":359,"160":359,"161":0,"162":482,"163":1542,"164":482},"f":{"0":359,"1":305,"2":673,"3":79,"4":59,"5":55,"6":30,"7":74,"8":4,"9":73,"10":3,"11":74,"12":718,"13":106,"14":76,"15":68,"16":78,"17":77,"18":1,"19":77,"20":2,"21":73,"22":4,"23":27,"24":41,"25":0,"26":5,"27":58,"28":0,"29":0,"30":0,"31":0,"32":0,"33":0,"34":0,"35":359,"36":482,"37":1542,"38":482},"b":{"0":[359,0],"1":[106,253],"2":[0,359],"3":[12,47],"4":[12,43],"5":[75,1],"6":[0,68],"7":[1,77],"8":[27,50],"9":[4,46],"10":[5,41],"11":[0,1],"12":[1,1],"13":[2],"14":[2,0],"15":[73,0],"16":[73,0],"17":[1,26],"18":[41,0],"19":[0,41],"20":[0,0],"21":[41,0],"22":[0,5],"23":[5,0],"24":[5,5],"25":[0,0],"26":[0,359]},"_coverageSchema":"1a1c01bbd47fc00a2c39e90264f33305004495a9","hash":"b3bc23911d62b71e95db9d94f82e3f4cb210aaa2"}
,"/Users/tr-hcakmak/Desktop/pwa-kit-starter-project/app/commerce-api/contexts.js": {"path":"/Users/tr-hcakmak/Desktop/pwa-kit-starter-project/app/commerce-api/contexts.js","statementMap":{"0":{"start":{"line":12,"column":34},"end":{"line":12,"column":49}},"1":{"start":{"line":13,"column":35},"end":{"line":13,"column":62}},"2":{"start":{"line":14,"column":30},"end":{"line":14,"column":66}},"3":{"start":{"line":14,"column":36},"end":{"line":14,"column":66}},"4":{"start":{"line":39,"column":29},"end":{"line":39,"column":44}},"5":{"start":{"line":40,"column":30},"end":{"line":40,"column":52}},"6":{"start":{"line":43,"column":31},"end":{"line":43,"column":46}},"7":{"start":{"line":44,"column":32},"end":{"line":44,"column":56}},"8":{"start":{"line":47,"column":24},"end":{"line":53,"column":1}},"9":{"start":{"line":54,"column":23},"end":{"line":61,"column":1}},"10":{"start":{"line":62,"column":43},"end":{"line":62,"column":73}},"11":{"start":{"line":64,"column":44},"end":{"line":175,"column":1}},"12":{"start":{"line":65,"column":30},"end":{"line":156,"column":23}},"13":{"start":{"line":66,"column":8},"end":{"line":155,"column":9}},"14":{"start":{"line":68,"column":37},"end":{"line":73,"column":22}},"15":{"start":{"line":69,"column":20},"end":{"line":72,"column":21}},"16":{"start":{"line":74,"column":16},"end":{"line":74,"column":47}},"17":{"start":{"line":77,"column":29},"end":{"line":77,"column":36}},"18":{"start":{"line":82,"column":16},"end":{"line":88,"column":17}},"19":{"start":{"line":91,"column":39},"end":{"line":91,"column":46}},"20":{"start":{"line":92,"column":36},"end":{"line":92,"column":40}},"21":{"start":{"line":93,"column":30},"end":{"line":93,"column":88}},"22":{"start":{"line":97,"column":42},"end":{"line":97,"column":91}},"23":{"start":{"line":97,"column":65},"end":{"line":97,"column":90}},"24":{"start":{"line":98,"column":16},"end":{"line":102,"column":17}},"25":{"start":{"line":99,"column":20},"end":{"line":99,"column":51}},"26":{"start":{"line":101,"column":20},"end":{"line":101,"column":36}},"27":{"start":{"line":103,"column":16},"end":{"line":112,"column":17}},"28":{"start":{"line":115,"column":39},"end":{"line":115,"column":46}},"29":{"start":{"line":116,"column":30},"end":{"line":126,"column":17}},"30":{"start":{"line":118,"column":24},"end":{"line":123,"column":25}},"31":{"start":{"line":119,"column":28},"end":{"line":122,"column":29}},"32":{"start":{"line":124,"column":24},"end":{"line":124,"column":39}},"33":{"start":{"line":127,"column":16},"end":{"line":136,"column":17}},"34":{"start":{"line":139,"column":41},"end":{"line":139,"column":48}},"35":{"start":{"line":140,"column":37},"end":{"line":142,"column":17}},"36":{"start":{"line":143,"column":16},"end":{"line":147,"column":18}},"37":{"start":{"line":146,"column":20},"end":{"line":146,"column":49}},"38":{"start":{"line":148,"column":16},"end":{"line":148,"column":47}},"39":{"start":{"line":151,"column":16},"end":{"line":151,"column":43}},"40":{"start":{"line":154,"column":16},"end":{"line":154,"column":50}},"41":{"start":{"line":158,"column":20},"end":{"line":168,"column":5}},"42":{"start":{"line":159,"column":33},"end":{"line":159,"column":95}},"43":{"start":{"line":160,"column":31},"end":{"line":160,"column":91}},"44":{"start":{"line":162,"column":12},"end":{"line":162,"column":86}},"45":{"start":{"line":164,"column":12},"end":{"line":164,"column":86}},"46":{"start":{"line":166,"column":12},"end":{"line":166,"column":88}},"47":{"start":{"line":167,"column":21},"end":{"line":167,"column":59}},"48":{"start":{"line":170,"column":4},"end":{"line":174,"column":5}}},"fnMap":{"0":{"name":"(anonymous_0)","decl":{"start":{"line":14,"column":30},"end":{"line":14,"column":31}},"loc":{"start":{"line":14,"column":36},"end":{"line":14,"column":66}},"line":14},"1":{"name":"(anonymous_1)","decl":{"start":{"line":64,"column":44},"end":{"line":64,"column":45}},"loc":{"start":{"line":64,"column":60},"end":{"line":175,"column":1}},"line":64},"2":{"name":"(anonymous_2)","decl":{"start":{"line":65,"column":41},"end":{"line":65,"column":42}},"loc":{"start":{"line":65,"column":69},"end":{"line":156,"column":5}},"line":65},"3":{"name":"(anonymous_3)","decl":{"start":{"line":68,"column":52},"end":{"line":68,"column":53}},"loc":{"start":{"line":68,"column":67},"end":{"line":73,"column":17}},"line":68},"4":{"name":"(anonymous_4)","decl":{"start":{"line":97,"column":58},"end":{"line":97,"column":59}},"loc":{"start":{"line":97,"column":65},"end":{"line":97,"column":90}},"line":97},"5":{"name":"(anonymous_5)","decl":{"start":{"line":117,"column":20},"end":{"line":117,"column":21}},"loc":{"start":{"line":117,"column":34},"end":{"line":125,"column":21}},"line":117},"6":{"name":"(anonymous_6)","decl":{"start":{"line":145,"column":51},"end":{"line":145,"column":52}},"loc":{"start":{"line":145,"column":65},"end":{"line":147,"column":17}},"line":145},"7":{"name":"(anonymous_7)","decl":{"start":{"line":159,"column":22},"end":{"line":159,"column":23}},"loc":{"start":{"line":159,"column":33},"end":{"line":159,"column":95}},"line":159},"8":{"name":"(anonymous_8)","decl":{"start":{"line":160,"column":21},"end":{"line":160,"column":22}},"loc":{"start":{"line":160,"column":31},"end":{"line":160,"column":91}},"line":160},"9":{"name":"(anonymous_9)","decl":{"start":{"line":161,"column":24},"end":{"line":161,"column":25}},"loc":{"start":{"line":162,"column":12},"end":{"line":162,"column":86}},"line":162},"10":{"name":"(anonymous_10)","decl":{"start":{"line":163,"column":24},"end":{"line":163,"column":25}},"loc":{"start":{"line":164,"column":12},"end":{"line":164,"column":86}},"line":164},"11":{"name":"(anonymous_11)","decl":{"start":{"line":165,"column":24},"end":{"line":165,"column":25}},"loc":{"start":{"line":166,"column":12},"end":{"line":166,"column":88}},"line":166},"12":{"name":"(anonymous_12)","decl":{"start":{"line":167,"column":15},"end":{"line":167,"column":16}},"loc":{"start":{"line":167,"column":21},"end":{"line":167,"column":59}},"line":167}},"branchMap":{"0":{"loc":{"start":{"line":66,"column":8},"end":{"line":155,"column":9}},"type":"switch","locations":[{"start":{"line":67,"column":12},"end":{"line":75,"column":13}},{"start":{"line":76,"column":12},"end":{"line":89,"column":13}},{"start":{"line":90,"column":12},"end":{"line":113,"column":13}},{"start":{"line":114,"column":12},"end":{"line":137,"column":13}},{"start":{"line":138,"column":12},"end":{"line":149,"column":13}},{"start":{"line":150,"column":12},"end":{"line":152,"column":13}},{"start":{"line":153,"column":12},"end":{"line":154,"column":50}}],"line":66},"1":{"loc":{"start":{"line":93,"column":30},"end":{"line":93,"column":88}},"type":"binary-expr","locations":[{"start":{"line":93,"column":30},"end":{"line":93,"column":82}},{"start":{"line":93,"column":86},"end":{"line":93,"column":88}}],"line":93},"2":{"loc":{"start":{"line":98,"column":16},"end":{"line":102,"column":17}},"type":"if","locations":[{"start":{"line":98,"column":16},"end":{"line":102,"column":17}},{"start":{"line":100,"column":23},"end":{"line":102,"column":17}}],"line":98},"3":{"loc":{"start":{"line":118,"column":24},"end":{"line":123,"column":25}},"type":"if","locations":[{"start":{"line":118,"column":24},"end":{"line":123,"column":25}},{"start":{},"end":{}}],"line":118}},"s":{"0":77,"1":77,"2":77,"3":8412,"4":77,"5":77,"6":77,"7":77,"8":77,"9":77,"10":77,"11":77,"12":306,"13":0,"14":0,"15":0,"16":0,"17":0,"18":0,"19":0,"20":0,"21":0,"22":0,"23":0,"24":0,"25":0,"26":0,"27":0,"28":0,"29":0,"30":0,"31":0,"32":0,"33":0,"34":0,"35":0,"36":0,"37":0,"38":0,"39":0,"40":0,"41":306,"42":0,"43":0,"44":0,"45":0,"46":0,"47":0,"48":306},"f":{"0":8412,"1":306,"2":0,"3":0,"4":0,"5":0,"6":0,"7":0,"8":0,"9":0,"10":0,"11":0,"12":0},"b":{"0":[0,0,0,0,0,0,0],"1":[0,0],"2":[0,0],"3":[0,0]},"_coverageSchema":"1a1c01bbd47fc00a2c39e90264f33305004495a9","hash":"26a1425f0c922043708c99f776aeaa0d332f374c"}
,"/Users/tr-hcakmak/Desktop/pwa-kit-starter-project/app/commerce-api/einstein.js": {"path":"/Users/tr-hcakmak/Desktop/pwa-kit-starter-project/app/commerce-api/einstein.js","statementMap":{"0":{"start":{"line":12,"column":8},"end":{"line":12,"column":38}},"1":{"start":{"line":13,"column":8},"end":{"line":13,"column":58}},"2":{"start":{"line":23,"column":33},"end":{"line":23,"column":38}},"3":{"start":{"line":24,"column":33},"end":{"line":24,"column":38}},"4":{"start":{"line":26,"column":21},"end":{"line":26,"column":32}},"5":{"start":{"line":30,"column":8},"end":{"line":32,"column":9}},"6":{"start":{"line":31,"column":12},"end":{"line":31,"column":57}},"7":{"start":{"line":36,"column":8},"end":{"line":40,"column":9}},"8":{"start":{"line":37,"column":12},"end":{"line":37,"column":54}},"9":{"start":{"line":39,"column":12},"end":{"line":39,"column":95}},"10":{"start":{"line":43,"column":8},"end":{"line":45,"column":9}},"11":{"start":{"line":44,"column":12},"end":{"line":44,"column":57}},"12":{"start":{"line":47,"column":8},"end":{"line":51,"column":9}},"13":{"start":{"line":48,"column":12},"end":{"line":48,"column":48}},"14":{"start":{"line":50,"column":12},"end":{"line":50,"column":48}},"15":{"start":{"line":53,"column":8},"end":{"line":53,"column":19}},"16":{"start":{"line":60,"column":8},"end":{"line":96,"column":9}},"17":{"start":{"line":64,"column":12},"end":{"line":69,"column":13}},"18":{"start":{"line":70,"column":15},"end":{"line":96,"column":9}},"19":{"start":{"line":82,"column":12},"end":{"line":87,"column":13}},"20":{"start":{"line":90,"column":12},"end":{"line":95,"column":13}},"21":{"start":{"line":106,"column":8},"end":{"line":111,"column":9}},"22":{"start":{"line":115,"column":23},"end":{"line":115,"column":34}},"23":{"start":{"line":116,"column":35},"end":{"line":116,"column":41}},"24":{"start":{"line":118,"column":24},"end":{"line":121,"column":9}},"25":{"start":{"line":124,"column":8},"end":{"line":126,"column":9}},"26":{"start":{"line":125,"column":12},"end":{"line":125,"column":40}},"27":{"start":{"line":129,"column":8},"end":{"line":139,"column":9}},"28":{"start":{"line":130,"column":12},"end":{"line":136,"column":14}},"29":{"start":{"line":138,"column":12},"end":{"line":138,"column":51}},"30":{"start":{"line":141,"column":8},"end":{"line":143,"column":9}},"31":{"start":{"line":142,"column":12},"end":{"line":142,"column":21}},"32":{"start":{"line":145,"column":29},"end":{"line":145,"column":50}},"33":{"start":{"line":147,"column":8},"end":{"line":147,"column":40}},"34":{"start":{"line":155,"column":25},"end":{"line":155,"column":72}},"35":{"start":{"line":156,"column":23},"end":{"line":156,"column":29}},"36":{"start":{"line":157,"column":21},"end":{"line":160,"column":9}},"37":{"start":{"line":162,"column":8},"end":{"line":162,"column":57}},"38":{"start":{"line":169,"column":25},"end":{"line":169,"column":71}},"39":{"start":{"line":170,"column":23},"end":{"line":170,"column":29}},"40":{"start":{"line":172,"column":25},"end":{"line":174,"column":9}},"41":{"start":{"line":173,"column":12},"end":{"line":173,"column":51}},"42":{"start":{"line":176,"column":21},"end":{"line":181,"column":9}},"43":{"start":{"line":183,"column":8},"end":{"line":183,"column":57}},"44":{"start":{"line":190,"column":25},"end":{"line":190,"column":72}},"45":{"start":{"line":191,"column":23},"end":{"line":191,"column":29}},"46":{"start":{"line":192,"column":21},"end":{"line":196,"column":9}},"47":{"start":{"line":198,"column":8},"end":{"line":198,"column":57}},"48":{"start":{"line":205,"column":25},"end":{"line":205,"column":73}},"49":{"start":{"line":206,"column":23},"end":{"line":206,"column":29}},"50":{"start":{"line":208,"column":25},"end":{"line":210,"column":9}},"51":{"start":{"line":209,"column":12},"end":{"line":209,"column":51}},"52":{"start":{"line":212,"column":21},"end":{"line":219,"column":9}},"53":{"start":{"line":221,"column":8},"end":{"line":221,"column":57}},"54":{"start":{"line":229,"column":25},"end":{"line":229,"column":74}},"55":{"start":{"line":230,"column":23},"end":{"line":230,"column":29}},"56":{"start":{"line":231,"column":21},"end":{"line":237,"column":9}},"57":{"start":{"line":239,"column":8},"end":{"line":239,"column":57}},"58":{"start":{"line":247,"column":25},"end":{"line":247,"column":69}},"59":{"start":{"line":248,"column":23},"end":{"line":248,"column":29}},"60":{"start":{"line":249,"column":46},"end":{"line":249,"column":64}},"61":{"start":{"line":250,"column":21},"end":{"line":255,"column":9}},"62":{"start":{"line":257,"column":8},"end":{"line":257,"column":57}},"63":{"start":{"line":265,"column":25},"end":{"line":265,"column":70}},"64":{"start":{"line":266,"column":23},"end":{"line":266,"column":29}},"65":{"start":{"line":267,"column":46},"end":{"line":267,"column":64}},"66":{"start":{"line":268,"column":21},"end":{"line":273,"column":9}},"67":{"start":{"line":275,"column":8},"end":{"line":275,"column":57}},"68":{"start":{"line":283,"column":25},"end":{"line":283,"column":69}},"69":{"start":{"line":284,"column":23},"end":{"line":284,"column":29}},"70":{"start":{"line":285,"column":21},"end":{"line":288,"column":9}},"71":{"start":{"line":290,"column":8},"end":{"line":290,"column":57}},"72":{"start":{"line":297,"column":25},"end":{"line":297,"column":74}},"73":{"start":{"line":298,"column":23},"end":{"line":298,"column":29}},"74":{"start":{"line":299,"column":25},"end":{"line":299,"column":93}},"75":{"start":{"line":299,"column":59},"end":{"line":299,"column":92}},"76":{"start":{"line":300,"column":25},"end":{"line":300,"column":47}},"77":{"start":{"line":301,"column":21},"end":{"line":305,"column":9}},"78":{"start":{"line":307,"column":8},"end":{"line":307,"column":57}},"79":{"start":{"line":315,"column":25},"end":{"line":315,"column":73}},"80":{"start":{"line":316,"column":23},"end":{"line":316,"column":29}},"81":{"start":{"line":317,"column":21},"end":{"line":322,"column":9}},"82":{"start":{"line":324,"column":8},"end":{"line":324,"column":57}},"83":{"start":{"line":332,"column":25},"end":{"line":332,"column":70}},"84":{"start":{"line":333,"column":23},"end":{"line":333,"column":29}},"85":{"start":{"line":334,"column":21},"end":{"line":337,"column":9}},"86":{"start":{"line":339,"column":8},"end":{"line":339,"column":57}},"87":{"start":{"line":347,"column":25},"end":{"line":347,"column":78}},"88":{"start":{"line":348,"column":23},"end":{"line":348,"column":28}},"89":{"start":{"line":349,"column":21},"end":{"line":349,"column":25}},"90":{"start":{"line":351,"column":8},"end":{"line":351,"column":57}},"91":{"start":{"line":359,"column":25},"end":{"line":359,"column":89}},"92":{"start":{"line":360,"column":23},"end":{"line":360,"column":29}},"93":{"start":{"line":361,"column":21},"end":{"line":364,"column":9}},"94":{"start":{"line":362,"column":49},"end":{"line":362,"column":88}},"95":{"start":{"line":367,"column":21},"end":{"line":367,"column":69}},"96":{"start":{"line":369,"column":8},"end":{"line":369,"column":46}},"97":{"start":{"line":371,"column":8},"end":{"line":371,"column":48}},"98":{"start":{"line":379,"column":25},"end":{"line":379,"column":88}},"99":{"start":{"line":380,"column":23},"end":{"line":380,"column":29}},"100":{"start":{"line":382,"column":21},"end":{"line":385,"column":9}},"101":{"start":{"line":383,"column":49},"end":{"line":383,"column":88}},"102":{"start":{"line":388,"column":21},"end":{"line":388,"column":69}},"103":{"start":{"line":390,"column":8},"end":{"line":390,"column":48}},"104":{"start":{"line":394,"column":20},"end":{"line":394,"column":51}},"105":{"start":{"line":394,"column":44},"end":{"line":394,"column":50}},"106":{"start":{"line":395,"column":8},"end":{"line":414,"column":9}},"107":{"start":{"line":397,"column":29},"end":{"line":399,"column":14}},"108":{"start":{"line":402,"column":12},"end":{"line":413,"column":13}},"109":{"start":{"line":405,"column":36},"end":{"line":405,"column":92}},"110":{"start":{"line":405,"column":70},"end":{"line":405,"column":91}},"111":{"start":{"line":406,"column":20},"end":{"line":411,"column":21}},"112":{"start":{"line":415,"column":8},"end":{"line":415,"column":19}}},"fnMap":{"0":{"name":"(anonymous_0)","decl":{"start":{"line":11,"column":4},"end":{"line":11,"column":5}},"loc":{"start":{"line":11,"column":29},"end":{"line":14,"column":5}},"line":11},"1":{"name":"(anonymous_1)","decl":{"start":{"line":22,"column":4},"end":{"line":22,"column":5}},"loc":{"start":{"line":22,"column":23},"end":{"line":54,"column":5}},"line":22},"2":{"name":"(anonymous_2)","decl":{"start":{"line":59,"column":4},"end":{"line":59,"column":5}},"loc":{"start":{"line":59,"column":39},"end":{"line":97,"column":5}},"line":59},"3":{"name":"(anonymous_3)","decl":{"start":{"line":105,"column":4},"end":{"line":105,"column":5}},"loc":{"start":{"line":105,"column":33},"end":{"line":112,"column":5}},"line":105},"4":{"name":"(anonymous_4)","decl":{"start":{"line":114,"column":4},"end":{"line":114,"column":5}},"loc":{"start":{"line":114,"column":48},"end":{"line":148,"column":5}},"line":114},"5":{"name":"(anonymous_5)","decl":{"start":{"line":154,"column":4},"end":{"line":154,"column":5}},"loc":{"start":{"line":154,"column":41},"end":{"line":163,"column":5}},"line":154},"6":{"name":"(anonymous_6)","decl":{"start":{"line":168,"column":4},"end":{"line":168,"column":5}},"loc":{"start":{"line":168,"column":58},"end":{"line":184,"column":5}},"line":168},"7":{"name":"(anonymous_7)","decl":{"start":{"line":172,"column":50},"end":{"line":172,"column":51}},"loc":{"start":{"line":173,"column":12},"end":{"line":173,"column":51}},"line":173},"8":{"name":"(anonymous_8)","decl":{"start":{"line":189,"column":4},"end":{"line":189,"column":5}},"loc":{"start":{"line":189,"column":53},"end":{"line":199,"column":5}},"line":189},"9":{"name":"(anonymous_9)","decl":{"start":{"line":204,"column":4},"end":{"line":204,"column":5}},"loc":{"start":{"line":204,"column":58},"end":{"line":222,"column":5}},"line":204},"10":{"name":"(anonymous_10)","decl":{"start":{"line":208,"column":50},"end":{"line":208,"column":51}},"loc":{"start":{"line":209,"column":12},"end":{"line":209,"column":51}},"line":209},"11":{"name":"(anonymous_11)","decl":{"start":{"line":228,"column":4},"end":{"line":228,"column":5}},"loc":{"start":{"line":228,"column":53},"end":{"line":240,"column":5}},"line":228},"12":{"name":"(anonymous_12)","decl":{"start":{"line":246,"column":4},"end":{"line":246,"column":5}},"loc":{"start":{"line":246,"column":59},"end":{"line":258,"column":5}},"line":246},"13":{"name":"(anonymous_13)","decl":{"start":{"line":264,"column":4},"end":{"line":264,"column":5}},"loc":{"start":{"line":264,"column":59},"end":{"line":276,"column":5}},"line":264},"14":{"name":"(anonymous_14)","decl":{"start":{"line":282,"column":4},"end":{"line":282,"column":5}},"loc":{"start":{"line":282,"column":35},"end":{"line":291,"column":5}},"line":282},"15":{"name":"(anonymous_15)","decl":{"start":{"line":296,"column":4},"end":{"line":296,"column":5}},"loc":{"start":{"line":296,"column":42},"end":{"line":308,"column":5}},"line":296},"16":{"name":"(anonymous_16)","decl":{"start":{"line":299,"column":49},"end":{"line":299,"column":50}},"loc":{"start":{"line":299,"column":59},"end":{"line":299,"column":92}},"line":299},"17":{"name":"(anonymous_17)","decl":{"start":{"line":314,"column":4},"end":{"line":314,"column":5}},"loc":{"start":{"line":314,"column":63},"end":{"line":325,"column":5}},"line":314},"18":{"name":"(anonymous_18)","decl":{"start":{"line":331,"column":4},"end":{"line":331,"column":5}},"loc":{"start":{"line":331,"column":36},"end":{"line":340,"column":5}},"line":331},"19":{"name":"(anonymous_19)","decl":{"start":{"line":346,"column":4},"end":{"line":346,"column":5}},"loc":{"start":{"line":346,"column":28},"end":{"line":352,"column":5}},"line":346},"20":{"name":"(anonymous_20)","decl":{"start":{"line":358,"column":4},"end":{"line":358,"column":5}},"loc":{"start":{"line":358,"column":62},"end":{"line":372,"column":5}},"line":358},"21":{"name":"(anonymous_21)","decl":{"start":{"line":362,"column":36},"end":{"line":362,"column":37}},"loc":{"start":{"line":362,"column":49},"end":{"line":362,"column":88}},"line":362},"22":{"name":"(anonymous_22)","decl":{"start":{"line":378,"column":4},"end":{"line":378,"column":5}},"loc":{"start":{"line":378,"column":59},"end":{"line":391,"column":5}},"line":378},"23":{"name":"(anonymous_23)","decl":{"start":{"line":383,"column":36},"end":{"line":383,"column":37}},"loc":{"start":{"line":383,"column":49},"end":{"line":383,"column":88}},"line":383},"24":{"name":"(anonymous_24)","decl":{"start":{"line":393,"column":4},"end":{"line":393,"column":5}},"loc":{"start":{"line":393,"column":39},"end":{"line":416,"column":5}},"line":393},"25":{"name":"(anonymous_25)","decl":{"start":{"line":394,"column":35},"end":{"line":394,"column":36}},"loc":{"start":{"line":394,"column":44},"end":{"line":394,"column":50}},"line":394},"26":{"name":"(anonymous_26)","decl":{"start":{"line":404,"column":36},"end":{"line":404,"column":37}},"loc":{"start":{"line":404,"column":45},"end":{"line":412,"column":17}},"line":404},"27":{"name":"(anonymous_27)","decl":{"start":{"line":405,"column":57},"end":{"line":405,"column":58}},"loc":{"start":{"line":405,"column":70},"end":{"line":405,"column":91}},"line":405}},"branchMap":{"0":{"loc":{"start":{"line":30,"column":8},"end":{"line":32,"column":9}},"type":"if","locations":[{"start":{"line":30,"column":8},"end":{"line":32,"column":9}},{"start":{},"end":{}}],"line":30},"1":{"loc":{"start":{"line":36,"column":8},"end":{"line":40,"column":9}},"type":"if","locations":[{"start":{"line":36,"column":8},"end":{"line":40,"column":9}},{"start":{"line":38,"column":15},"end":{"line":40,"column":9}}],"line":36},"2":{"loc":{"start":{"line":43,"column":8},"end":{"line":45,"column":9}},"type":"if","locations":[{"start":{"line":43,"column":8},"end":{"line":45,"column":9}},{"start":{},"end":{}}],"line":43},"3":{"loc":{"start":{"line":47,"column":8},"end":{"line":51,"column":9}},"type":"if","locations":[{"start":{"line":47,"column":8},"end":{"line":51,"column":9}},{"start":{"line":49,"column":15},"end":{"line":51,"column":9}}],"line":47},"4":{"loc":{"start":{"line":60,"column":8},"end":{"line":96,"column":9}},"type":"if","locations":[{"start":{"line":60,"column":8},"end":{"line":96,"column":9}},{"start":{"line":70,"column":15},"end":{"line":96,"column":9}}],"line":60},"5":{"loc":{"start":{"line":60,"column":12},"end":{"line":60,"column":73}},"type":"binary-expr","locations":[{"start":{"line":60,"column":12},"end":{"line":60,"column":24}},{"start":{"line":60,"column":29},"end":{"line":60,"column":48}},{"start":{"line":60,"column":52},"end":{"line":60,"column":72}}],"line":60},"6":{"loc":{"start":{"line":70,"column":15},"end":{"line":96,"column":9}},"type":"if","locations":[{"start":{"line":70,"column":15},"end":{"line":96,"column":9}},{"start":{"line":88,"column":15},"end":{"line":96,"column":9}}],"line":70},"7":{"loc":{"start":{"line":71,"column":12},"end":{"line":77,"column":41}},"type":"binary-expr","locations":[{"start":{"line":71,"column":12},"end":{"line":71,"column":31}},{"start":{"line":72,"column":13},"end":{"line":72,"column":39}},{"start":{"line":73,"column":16},"end":{"line":73,"column":43}},{"start":{"line":74,"column":16},"end":{"line":74,"column":39}},{"start":{"line":75,"column":16},"end":{"line":75,"column":42}},{"start":{"line":76,"column":16},"end":{"line":76,"column":50}},{"start":{"line":77,"column":16},"end":{"line":77,"column":40}}],"line":71},"8":{"loc":{"start":{"line":124,"column":8},"end":{"line":126,"column":9}},"type":"if","locations":[{"start":{"line":124,"column":8},"end":{"line":126,"column":9}},{"start":{},"end":{}}],"line":124},"9":{"loc":{"start":{"line":133,"column":20},"end":{"line":135,"column":17}},"type":"binary-expr","locations":[{"start":{"line":133,"column":20},"end":{"line":133,"column":24}},{"start":{"line":133,"column":28},"end":{"line":135,"column":17}}],"line":133},"10":{"loc":{"start":{"line":141,"column":8},"end":{"line":143,"column":9}},"type":"if","locations":[{"start":{"line":141,"column":8},"end":{"line":143,"column":9}},{"start":{},"end":{}}],"line":141},"11":{"loc":{"start":{"line":395,"column":8},"end":{"line":414,"column":9}},"type":"if","locations":[{"start":{"line":395,"column":8},"end":{"line":414,"column":9}},{"start":{},"end":{}}],"line":395}},"s":{"0":270,"1":270,"2":13,"3":13,"4":13,"5":13,"6":0,"7":13,"8":13,"9":0,"10":13,"11":13,"12":13,"13":0,"14":13,"15":13,"16":12,"17":2,"18":10,"19":10,"20":0,"21":2,"22":14,"23":14,"24":14,"25":14,"26":13,"27":14,"28":14,"29":0,"30":14,"31":0,"32":14,"33":14,"34":1,"35":1,"36":1,"37":1,"38":1,"39":1,"40":1,"41":4,"42":1,"43":1,"44":1,"45":1,"46":1,"47":1,"48":1,"49":1,"50":1,"51":4,"52":1,"53":1,"54":1,"55":1,"56":1,"57":1,"58":1,"59":1,"60":1,"61":1,"62":1,"63":1,"64":1,"65":1,"66":1,"67":1,"68":1,"69":1,"70":1,"71":1,"72":1,"73":1,"74":1,"75":1,"76":1,"77":1,"78":1,"79":1,"80":1,"81":1,"82":1,"83":1,"84":1,"85":1,"86":1,"87":1,"88":1,"89":1,"90":1,"91":1,"92":1,"93":1,"94":0,"95":1,"96":1,"97":1,"98":1,"99":1,"100":1,"101":0,"102":1,"103":1,"104":2,"105":2,"106":2,"107":2,"108":2,"109":2,"110":2,"111":2,"112":0},"f":{"0":270,"1":13,"2":12,"3":2,"4":14,"5":1,"6":1,"7":4,"8":1,"9":1,"10":4,"11":1,"12":1,"13":1,"14":1,"15":1,"16":1,"17":1,"18":1,"19":1,"20":1,"21":0,"22":1,"23":0,"24":2,"25":2,"26":2,"27":2},"b":{"0":[0,13],"1":[13,0],"2":[13,0],"3":[0,13],"4":[2,10],"5":[12,2,0],"6":[10,0],"7":[10,10,0,0,0,0,0],"8":[13,1],"9":[14,13],"10":[0,14],"11":[2,0]},"_coverageSchema":"1a1c01bbd47fc00a2c39e90264f33305004495a9","hash":"40dfe31b6b2e265af9673f7622c7db765bdab4d7"}
,"/Users/tr-hcakmak/Desktop/pwa-kit-starter-project/app/commerce-api/index.js": {"path":"/Users/tr-hcakmak/Desktop/pwa-kit-starter-project/app/commerce-api/index.js","statementMap":{"0":{"start":{"line":53,"column":43},"end":{"line":53,"column":49}},"1":{"start":{"line":56,"column":22},"end":{"line":56,"column":53}},"2":{"start":{"line":58,"column":8},"end":{"line":58,"column":45}},"3":{"start":{"line":60,"column":8},"end":{"line":60,"column":34}},"4":{"start":{"line":62,"column":8},"end":{"line":64,"column":9}},"5":{"start":{"line":63,"column":12},"end":{"line":63,"column":49}},"6":{"start":{"line":72,"column":27},"end":{"line":101,"column":9}},"7":{"start":{"line":107,"column":21},"end":{"line":107,"column":25}},"8":{"start":{"line":108,"column":8},"end":{"line":163,"column":10}},"9":{"start":{"line":109,"column":29},"end":{"line":109,"column":48}},"10":{"start":{"line":110,"column":12},"end":{"line":157,"column":13}},"11":{"start":{"line":114,"column":24},"end":{"line":153,"column":25}},"12":{"start":{"line":115,"column":28},"end":{"line":152,"column":29}},"13":{"start":{"line":116,"column":53},"end":{"line":116,"column":60}},"14":{"start":{"line":117,"column":59},"end":{"line":117,"column":71}},"15":{"start":{"line":119,"column":32},"end":{"line":121,"column":33}},"16":{"start":{"line":120,"column":36},"end":{"line":120,"column":61}},"17":{"start":{"line":130,"column":82},"end":{"line":130,"column":97}},"18":{"start":{"line":132,"column":60},"end":{"line":134,"column":50}},"19":{"start":{"line":136,"column":62},"end":{"line":138,"column":52}},"20":{"start":{"line":140,"column":32},"end":{"line":145,"column":33}},"21":{"start":{"line":147,"column":32},"end":{"line":151,"column":34}},"22":{"start":{"line":148,"column":36},"end":{"line":150,"column":37}},"23":{"start":{"line":149,"column":40},"end":{"line":149,"column":77}},"24":{"start":{"line":154,"column":24},"end":{"line":154,"column":40}},"25":{"start":{"line":158,"column":12},"end":{"line":162,"column":14}},"26":{"start":{"line":160,"column":20},"end":{"line":160,"column":50}},"27":{"start":{"line":164,"column":8},"end":{"line":164,"column":50}},"28":{"start":{"line":172,"column":8},"end":{"line":172,"column":27}},"29":{"start":{"line":185,"column":8},"end":{"line":191,"column":9}},"30":{"start":{"line":190,"column":12},"end":{"line":190,"column":25}},"31":{"start":{"line":194,"column":29},"end":{"line":194,"column":51}},"32":{"start":{"line":195,"column":8},"end":{"line":197,"column":9}},"33":{"start":{"line":196,"column":12},"end":{"line":196,"column":30}},"34":{"start":{"line":202,"column":8},"end":{"line":205,"column":9}},"35":{"start":{"line":204,"column":12},"end":{"line":204,"column":35}},"36":{"start":{"line":208,"column":46},"end":{"line":208,"column":52}},"37":{"start":{"line":209,"column":32},"end":{"line":212,"column":9}},"38":{"start":{"line":213,"column":8},"end":{"line":213,"column":47}},"39":{"start":{"line":225,"column":8},"end":{"line":227,"column":9}},"40":{"start":{"line":226,"column":12},"end":{"line":226,"column":73}},"41":{"start":{"line":229,"column":8},"end":{"line":229,"column":23}}},"fnMap":{"0":{"name":"(anonymous_0)","decl":{"start":{"line":52,"column":4},"end":{"line":52,"column":5}},"loc":{"start":{"line":52,"column":29},"end":{"line":165,"column":5}},"line":52},"1":{"name":"(anonymous_1)","decl":{"start":{"line":108,"column":40},"end":{"line":108,"column":41}},"loc":{"start":{"line":108,"column":49},"end":{"line":163,"column":9}},"line":108},"2":{"name":"(anonymous_2)","decl":{"start":{"line":113,"column":25},"end":{"line":113,"column":26}},"loc":{"start":{"line":113,"column":46},"end":{"line":155,"column":21}},"line":113},"3":{"name":"(anonymous_3)","decl":{"start":{"line":115,"column":35},"end":{"line":115,"column":36}},"loc":{"start":{"line":115,"column":48},"end":{"line":152,"column":29}},"line":115},"4":{"name":"(anonymous_4)","decl":{"start":{"line":147,"column":80},"end":{"line":147,"column":81}},"loc":{"start":{"line":147,"column":93},"end":{"line":151,"column":33}},"line":147},"5":{"name":"(anonymous_5)","decl":{"start":{"line":148,"column":70},"end":{"line":148,"column":71}},"loc":{"start":{"line":149,"column":40},"end":{"line":149,"column":77}},"line":149},"6":{"name":"(anonymous_6)","decl":{"start":{"line":159,"column":16},"end":{"line":159,"column":17}},"loc":{"start":{"line":159,"column":22},"end":{"line":161,"column":17}},"line":159},"7":{"name":"(anonymous_7)","decl":{"start":{"line":171,"column":4},"end":{"line":171,"column":5}},"loc":{"start":{"line":171,"column":16},"end":{"line":173,"column":5}},"line":171},"8":{"name":"(anonymous_8)","decl":{"start":{"line":183,"column":4},"end":{"line":183,"column":5}},"loc":{"start":{"line":183,"column":49},"end":{"line":214,"column":5}},"line":183},"9":{"name":"(anonymous_9)","decl":{"start":{"line":224,"column":4},"end":{"line":224,"column":5}},"loc":{"start":{"line":224,"column":39},"end":{"line":230,"column":5}},"line":224}},"branchMap":{"0":{"loc":{"start":{"line":52,"column":16},"end":{"line":52,"column":27}},"type":"default-arg","locations":[{"start":{"line":52,"column":25},"end":{"line":52,"column":27}}],"line":52},"1":{"loc":{"start":{"line":62,"column":8},"end":{"line":64,"column":9}},"type":"if","locations":[{"start":{"line":62,"column":8},"end":{"line":64,"column":9}},{"start":{},"end":{}}],"line":62},"2":{"loc":{"start":{"line":114,"column":24},"end":{"line":153,"column":25}},"type":"if","locations":[{"start":{"line":114,"column":24},"end":{"line":153,"column":25}},{"start":{},"end":{}}],"line":114},"3":{"loc":{"start":{"line":119,"column":32},"end":{"line":121,"column":33}},"type":"if","locations":[{"start":{"line":119,"column":32},"end":{"line":121,"column":33}},{"start":{},"end":{}}],"line":119},"4":{"loc":{"start":{"line":130,"column":39},"end":{"line":130,"column":56}},"type":"default-arg","locations":[{"start":{"line":130,"column":52},"end":{"line":130,"column":56}}],"line":130},"5":{"loc":{"start":{"line":130,"column":58},"end":{"line":130,"column":78}},"type":"default-arg","locations":[{"start":{"line":130,"column":73},"end":{"line":130,"column":78}}],"line":130},"6":{"loc":{"start":{"line":132,"column":60},"end":{"line":134,"column":50}},"type":"cond-expr","locations":[{"start":{"line":133,"column":38},"end":{"line":133,"column":63}},{"start":{"line":134,"column":38},"end":{"line":134,"column":50}}],"line":132},"7":{"loc":{"start":{"line":136,"column":62},"end":{"line":138,"column":52}},"type":"cond-expr","locations":[{"start":{"line":137,"column":38},"end":{"line":137,"column":65}},{"start":{"line":138,"column":38},"end":{"line":138,"column":52}}],"line":136},"8":{"loc":{"start":{"line":141,"column":40},"end":{"line":141,"column":75}},"type":"cond-expr","locations":[{"start":{"line":141,"column":62},"end":{"line":141,"column":70}},{"start":{"line":141,"column":73},"end":{"line":141,"column":75}}],"line":141},"9":{"loc":{"start":{"line":142,"column":40},"end":{"line":142,"column":79}},"type":"cond-expr","locations":[{"start":{"line":142,"column":64},"end":{"line":142,"column":74}},{"start":{"line":142,"column":77},"end":{"line":142,"column":79}}],"line":142},"10":{"loc":{"start":{"line":185,"column":8},"end":{"line":191,"column":9}},"type":"if","locations":[{"start":{"line":185,"column":8},"end":{"line":191,"column":9}},{"start":{},"end":{}}],"line":185},"11":{"loc":{"start":{"line":186,"column":12},"end":{"line":188,"column":43}},"type":"binary-expr","locations":[{"start":{"line":186,"column":12},"end":{"line":186,"column":49}},{"start":{"line":187,"column":12},"end":{"line":187,"column":46}},{"start":{"line":188,"column":12},"end":{"line":188,"column":43}}],"line":186},"12":{"loc":{"start":{"line":195,"column":8},"end":{"line":197,"column":9}},"type":"if","locations":[{"start":{"line":195,"column":8},"end":{"line":197,"column":9}},{"start":{},"end":{}}],"line":195},"13":{"loc":{"start":{"line":202,"column":8},"end":{"line":205,"column":9}},"type":"if","locations":[{"start":{"line":202,"column":8},"end":{"line":205,"column":9}},{"start":{},"end":{}}],"line":202},"14":{"loc":{"start":{"line":225,"column":8},"end":{"line":227,"column":9}},"type":"if","locations":[{"start":{"line":225,"column":8},"end":{"line":227,"column":9}},{"start":{},"end":{}}],"line":225}},"s":{"0":416,"1":416,"2":416,"3":416,"4":416,"5":416,"6":416,"7":416,"8":416,"9":3744,"10":3744,"11":510,"12":509,"13":508,"14":508,"15":508,"16":1,"17":507,"18":507,"19":507,"20":507,"21":507,"22":507,"23":402,"24":1,"25":3744,"26":518,"27":416,"28":1,"29":505,"30":141,"31":364,"32":364,"33":27,"34":364,"35":37,"36":364,"37":364,"38":364,"39":401,"40":16,"41":385},"f":{"0":416,"1":3744,"2":510,"3":508,"4":507,"5":402,"6":518,"7":1,"8":505,"9":401},"b":{"0":[0],"1":[416,0],"2":[509,1],"3":[1,507],"4":[223],"5":[231],"6":[0,507],"7":[276,231],"8":[223,284],"9":[37,470],"10":[141,364],"11":[505,478,437],"12":[27,337],"13":[37,327],"14":[16,385]},"_coverageSchema":"1a1c01bbd47fc00a2c39e90264f33305004495a9","hash":"e210cbf7a5505a84761d06140227db621962ae6a"}
,"/Users/tr-hcakmak/Desktop/pwa-kit-starter-project/app/commerce-api/mock-data.js": {"path":"/Users/tr-hcakmak/Desktop/pwa-kit-starter-project/app/commerce-api/mock-data.js","statementMap":{"0":{"start":{"line":8,"column":4},"end":{"line":8,"column":134}},"1":{"start":{"line":9,"column":35},"end":{"line":20,"column":1}},"2":{"start":{"line":22,"column":45},"end":{"line":33,"column":1}},"3":{"start":{"line":35,"column":4},"end":{"line":35,"column":178}},"4":{"start":{"line":36,"column":21},"end":{"line":36,"column":41}},"5":{"start":{"line":37,"column":24},"end":{"line":37,"column":37}},"6":{"start":{"line":39,"column":4},"end":{"line":39,"column":1282}},"7":{"start":{"line":43,"column":35},"end":{"line":76,"column":1}},"8":{"start":{"line":78,"column":35},"end":{"line":200,"column":1}},"9":{"start":{"line":202,"column":65},"end":{"line":384,"column":1}},"10":{"start":{"line":386,"column":35},"end":{"line":424,"column":1}},"11":{"start":{"line":426,"column":34},"end":{"line":536,"column":1}},"12":{"start":{"line":538,"column":34},"end":{"line":546,"column":1}},"13":{"start":{"line":548,"column":34},"end":{"line":597,"column":1}},"14":{"start":{"line":599,"column":56},"end":{"line":667,"column":1}},"15":{"start":{"line":669,"column":40},"end":{"line":722,"column":1}},"16":{"start":{"line":724,"column":35},"end":{"line":728,"column":1}},"17":{"start":{"line":730,"column":32},"end":{"line":1286,"column":1}},"18":{"start":{"line":1288,"column":32},"end":{"line":1750,"column":1}},"19":{"start":{"line":1752,"column":33},"end":{"line":2547,"column":1}},"20":{"start":{"line":2549,"column":42},"end":{"line":2574,"column":1}},"21":{"start":{"line":2576,"column":46},"end":{"line":2590,"column":1}},"22":{"start":{"line":2592,"column":49},"end":{"line":2986,"column":1}},"23":{"start":{"line":2988,"column":28},"end":{"line":2999,"column":1}},"24":{"start":{"line":3001,"column":30},"end":{"line":3019,"column":1}},"25":{"start":{"line":3021,"column":33},"end":{"line":5625,"column":1}}},"fnMap":{},"branchMap":{},"s":{"0":102,"1":102,"2":102,"3":102,"4":102,"5":102,"6":102,"7":102,"8":102,"9":102,"10":102,"11":102,"12":102,"13":102,"14":102,"15":102,"16":102,"17":102,"18":102,"19":102,"20":102,"21":102,"22":102,"23":102,"24":102,"25":102},"f":{},"b":{},"_coverageSchema":"1a1c01bbd47fc00a2c39e90264f33305004495a9","hash":"07984fb0775b68bbfa95c5fa56d6755cc3549df4"}
,"/Users/tr-hcakmak/Desktop/pwa-kit-starter-project/app/commerce-api/ocapi-shopper-baskets.js": {"path":"/Users/tr-hcakmak/Desktop/pwa-kit-starter-project/app/commerce-api/ocapi-shopper-baskets.js","statementMap":{"0":{"start":{"line":21,"column":8},"end":{"line":21,"column":45}},"1":{"start":{"line":25,"column":8},"end":{"line":25,"column":72}},"2":{"start":{"line":29,"column":25},"end":{"line":29,"column":45}},"3":{"start":{"line":30,"column":38},"end":{"line":30,"column":80}},"4":{"start":{"line":31,"column":8},"end":{"line":33,"column":9}},"5":{"start":{"line":32,"column":12},"end":{"line":32,"column":42}},"6":{"start":{"line":37,"column":12},"end":{"line":37,"column":19}},"7":{"start":{"line":38,"column":8},"end":{"line":38,"column":85}},"8":{"start":{"line":42,"column":25},"end":{"line":42,"column":37}},"9":{"start":{"line":43,"column":38},"end":{"line":43,"column":80}},"10":{"start":{"line":44,"column":8},"end":{"line":46,"column":9}},"11":{"start":{"line":45,"column":12},"end":{"line":45,"column":42}},"12":{"start":{"line":47,"column":27},"end":{"line":47,"column":45}},"13":{"start":{"line":48,"column":8},"end":{"line":48,"column":80}},"14":{"start":{"line":52,"column":25},"end":{"line":52,"column":45}},"15":{"start":{"line":53,"column":38},"end":{"line":53,"column":80}},"16":{"start":{"line":54,"column":8},"end":{"line":56,"column":9}},"17":{"start":{"line":55,"column":12},"end":{"line":55,"column":42}},"18":{"start":{"line":60,"column":12},"end":{"line":60,"column":19}},"19":{"start":{"line":61,"column":8},"end":{"line":67,"column":9}},"20":{"start":{"line":71,"column":25},"end":{"line":71,"column":45}},"21":{"start":{"line":72,"column":38},"end":{"line":72,"column":80}},"22":{"start":{"line":73,"column":8},"end":{"line":75,"column":9}},"23":{"start":{"line":74,"column":12},"end":{"line":74,"column":42}},"24":{"start":{"line":79,"column":12},"end":{"line":79,"column":19}},"25":{"start":{"line":80,"column":8},"end":{"line":86,"column":9}},"26":{"start":{"line":90,"column":25},"end":{"line":90,"column":47}},"27":{"start":{"line":91,"column":38},"end":{"line":91,"column":80}},"28":{"start":{"line":92,"column":8},"end":{"line":94,"column":9}},"29":{"start":{"line":93,"column":12},"end":{"line":93,"column":42}},"30":{"start":{"line":95,"column":35},"end":{"line":95,"column":53}},"31":{"start":{"line":96,"column":8},"end":{"line":101,"column":9}},"32":{"start":{"line":105,"column":25},"end":{"line":105,"column":45}},"33":{"start":{"line":106,"column":38},"end":{"line":106,"column":80}},"34":{"start":{"line":107,"column":8},"end":{"line":109,"column":9}},"35":{"start":{"line":108,"column":12},"end":{"line":108,"column":42}},"36":{"start":{"line":113,"column":12},"end":{"line":113,"column":19}},"37":{"start":{"line":114,"column":8},"end":{"line":120,"column":9}},"38":{"start":{"line":124,"column":25},"end":{"line":124,"column":60}},"39":{"start":{"line":125,"column":38},"end":{"line":125,"column":80}},"40":{"start":{"line":126,"column":8},"end":{"line":128,"column":9}},"41":{"start":{"line":127,"column":12},"end":{"line":127,"column":42}},"42":{"start":{"line":131,"column":12},"end":{"line":131,"column":19}},"43":{"start":{"line":132,"column":8},"end":{"line":137,"column":9}},"44":{"start":{"line":141,"column":25},"end":{"line":141,"column":37}},"45":{"start":{"line":142,"column":38},"end":{"line":142,"column":80}},"46":{"start":{"line":143,"column":8},"end":{"line":145,"column":9}},"47":{"start":{"line":144,"column":12},"end":{"line":144,"column":42}},"48":{"start":{"line":146,"column":27},"end":{"line":146,"column":45}},"49":{"start":{"line":147,"column":8},"end":{"line":152,"column":9}},"50":{"start":{"line":156,"column":25},"end":{"line":156,"column":51}},"51":{"start":{"line":157,"column":38},"end":{"line":157,"column":80}},"52":{"start":{"line":158,"column":8},"end":{"line":160,"column":9}},"53":{"start":{"line":159,"column":12},"end":{"line":159,"column":42}},"54":{"start":{"line":161,"column":39},"end":{"line":161,"column":57}},"55":{"start":{"line":162,"column":8},"end":{"line":167,"column":9}},"56":{"start":{"line":171,"column":25},"end":{"line":171,"column":45}},"57":{"start":{"line":172,"column":38},"end":{"line":172,"column":80}},"58":{"start":{"line":173,"column":8},"end":{"line":175,"column":9}},"59":{"start":{"line":174,"column":12},"end":{"line":174,"column":42}},"60":{"start":{"line":179,"column":12},"end":{"line":179,"column":19}},"61":{"start":{"line":180,"column":8},"end":{"line":186,"column":9}},"62":{"start":{"line":190,"column":25},"end":{"line":190,"column":59}},"63":{"start":{"line":191,"column":38},"end":{"line":191,"column":80}},"64":{"start":{"line":192,"column":8},"end":{"line":194,"column":9}},"65":{"start":{"line":193,"column":12},"end":{"line":193,"column":42}},"66":{"start":{"line":198,"column":12},"end":{"line":198,"column":19}},"67":{"start":{"line":199,"column":8},"end":{"line":205,"column":9}},"68":{"start":{"line":209,"column":25},"end":{"line":209,"column":59}},"69":{"start":{"line":210,"column":38},"end":{"line":210,"column":80}},"70":{"start":{"line":211,"column":8},"end":{"line":213,"column":9}},"71":{"start":{"line":212,"column":12},"end":{"line":212,"column":42}},"72":{"start":{"line":217,"column":12},"end":{"line":217,"column":19}},"73":{"start":{"line":218,"column":8},"end":{"line":224,"column":9}},"74":{"start":{"line":228,"column":25},"end":{"line":228,"column":45}},"75":{"start":{"line":229,"column":38},"end":{"line":229,"column":80}},"76":{"start":{"line":230,"column":8},"end":{"line":232,"column":9}},"77":{"start":{"line":231,"column":12},"end":{"line":231,"column":42}},"78":{"start":{"line":236,"column":12},"end":{"line":236,"column":19}},"79":{"start":{"line":237,"column":8},"end":{"line":243,"column":9}},"80":{"start":{"line":247,"column":25},"end":{"line":247,"column":37}},"81":{"start":{"line":248,"column":38},"end":{"line":248,"column":80}},"82":{"start":{"line":249,"column":8},"end":{"line":251,"column":9}},"83":{"start":{"line":250,"column":12},"end":{"line":250,"column":42}},"84":{"start":{"line":252,"column":27},"end":{"line":252,"column":45}},"85":{"start":{"line":253,"column":8},"end":{"line":253,"column":80}},"86":{"start":{"line":257,"column":25},"end":{"line":257,"column":45}},"87":{"start":{"line":258,"column":38},"end":{"line":258,"column":80}},"88":{"start":{"line":259,"column":8},"end":{"line":261,"column":9}},"89":{"start":{"line":260,"column":12},"end":{"line":260,"column":42}},"90":{"start":{"line":265,"column":12},"end":{"line":265,"column":19}},"91":{"start":{"line":266,"column":8},"end":{"line":272,"column":9}},"92":{"start":{"line":276,"column":25},"end":{"line":276,"column":53}},"93":{"start":{"line":277,"column":38},"end":{"line":277,"column":80}},"94":{"start":{"line":278,"column":8},"end":{"line":280,"column":9}},"95":{"start":{"line":279,"column":12},"end":{"line":279,"column":42}},"96":{"start":{"
[...]
,"/Users/tr-hcakmak/Desktop/pwa-kit-starter-project/app/utils/utils.js": {"path":"/Users/tr-hcakmak/Desktop/pwa-kit-starter-project/app/utils/utils.js","statementMap":{"0":{"start":{"line":17,"column":35},"end":{"line":23,"column":1}},"1":{"start":{"line":18,"column":4},"end":{"line":22,"column":5}},"2":{"start":{"line":19,"column":8},"end":{"line":19,"column":45}},"3":{"start":{"line":21,"column":8},"end":{"line":21,"column":40}},"4":{"start":{"line":21,"column":32},"end":{"line":21,"column":36}},"5":{"start":{"line":25,"column":33},"end":{"line":35,"column":1}},"6":{"start":{"line":26,"column":16},"end":{"line":26,"column":37}},"7":{"start":{"line":26,"column":22},"end":{"line":26,"column":37}},"8":{"start":{"line":27,"column":15},"end":{"line":27,"column":35}},"9":{"start":{"line":27,"column":21},"end":{"line":27,"column":35}},"10":{"start":{"line":28,"column":4},"end":{"line":28,"column":40}},"11":{"start":{"line":29,"column":4},"end":{"line":29,"column":38}},"12":{"start":{"line":30,"column":24},"end":{"line":33,"column":5}},"13":{"start":{"line":31,"column":8},"end":{"line":31,"column":47}},"14":{"start":{"line":32,"column":8},"end":{"line":32,"column":45}},"15":{"start":{"line":34,"column":4},"end":{"line":34,"column":22}},"16":{"start":{"line":43,"column":33},"end":{"line":50,"column":1}},"17":{"start":{"line":44,"column":22},"end":{"line":48,"column":5}},"18":{"start":{"line":46,"column":93},"end":{"line":46,"column":97}},"19":{"start":{"line":47,"column":8},"end":{"line":47,"column":25}},"20":{"start":{"line":49,"column":4},"end":{"line":49,"column":60}},"21":{"start":{"line":58,"column":29},"end":{"line":70,"column":1}},"22":{"start":{"line":59,"column":4},"end":{"line":63,"column":5}},"23":{"start":{"line":60,"column":8},"end":{"line":62,"column":9}},"24":{"start":{"line":61,"column":12},"end":{"line":61,"column":24}},"25":{"start":{"line":64,"column":4},"end":{"line":68,"column":5}},"26":{"start":{"line":65,"column":8},"end":{"line":67,"column":9}},"27":{"start":{"line":66,"column":12},"end":{"line":66,"column":24}},"28":{"start":{"line":69,"column":4},"end":{"line":69,"column":15}},"29":{"start":{"line":78,"column":20},"end":{"line":78,"column":28}},"30":{"start":{"line":85,"column":23},"end":{"line":96,"column":1}},"31":{"start":{"line":86,"column":21},"end":{"line":90,"column":10}},"32":{"start":{"line":87,"column":8},"end":{"line":89,"column":31}},"33":{"start":{"line":92,"column":4},"end":{"line":95,"column":5}},"34":{"start":{"line":103,"column":24},"end":{"line":103,"column":53}},"35":{"start":{"line":110,"column":34},"end":{"line":120,"column":1}},"36":{"start":{"line":111,"column":4},"end":{"line":113,"column":5}},"37":{"start":{"line":112,"column":8},"end":{"line":112,"column":24}},"38":{"start":{"line":114,"column":17},"end":{"line":114,"column":51}},"39":{"start":{"line":115,"column":4},"end":{"line":119,"column":5}},"40":{"start":{"line":116,"column":8},"end":{"line":116,"column":31}},"41":{"start":{"line":118,"column":8},"end":{"line":118,"column":24}},"42":{"start":{"line":126,"column":34},"end":{"line":128,"column":1}},"43":{"start":{"line":127,"column":4},"end":{"line":127,"column":61}},"44":{"start":{"line":134,"column":36},"end":{"line":136,"column":1}},"45":{"start":{"line":135,"column":4},"end":{"line":135,"column":41}},"46":{"start":{"line":143,"column":32},"end":{"line":143,"column":88}},"47":{"start":{"line":143,"column":41},"end":{"line":143,"column":88}},"48":{"start":{"line":151,"column":26},"end":{"line":153,"column":1}},"49":{"start":{"line":152,"column":4},"end":{"line":152,"column":82}},"50":{"start":{"line":160,"column":26},"end":{"line":166,"column":1}},"51":{"start":{"line":161,"column":4},"end":{"line":165,"column":18}},"52":{"start":{"line":164,"column":20},"end":{"line":164,"column":62}},"53":{"start":{"line":174,"column":33},"end":{"line":188,"column":1}},"54":{"start":{"line":175,"column":31},"end":{"line":175,"column":57}},"55":{"start":{"line":177,"column":19},"end":{"line":177,"column":30}},"56":{"start":{"line":178,"column":72},"end":{"line":178,"column":96}},"57":{"start":{"line":179,"column":22},"end":{"line":179,"column":49}},"58":{"start":{"line":180,"column":31},"end":{"line":180,"column":65}},"59":{"start":{"line":181,"column":33},"end":{"line":181,"column":69}},"60":{"start":{"line":184,"column":20},"end":{"line":184,"column":77}},"61":{"start":{"line":186,"column":22},"end":{"line":186,"column":85}},"62":{"start":{"line":187,"column":4},"end":{"line":187,"column":31}},"63":{"start":{"line":194,"column":28},"end":{"line":200,"column":1}},"64":{"start":{"line":195,"column":18},"end":{"line":195,"column":29}},"65":{"start":{"line":196,"column":4},"end":{"line":198,"column":5}},"66":{"start":{"line":197,"column":8},"end":{"line":197,"column":87}},"67":{"start":{"line":199,"column":4},"end":{"line":199,"column":18}},"68":{"start":{"line":208,"column":32},"end":{"line":247,"column":1}},"69":{"start":{"line":209,"column":4},"end":{"line":211,"column":5}},"70":{"start":{"line":210,"column":8},"end":{"line":210,"column":49}},"71":{"start":{"line":213,"column":21},"end":{"line":213,"column":31}},"72":{"start":{"line":214,"column":20},"end":{"line":214,"column":22}},"73":{"start":{"line":215,"column":24},"end":{"line":215,"column":26}},"74":{"start":{"line":216,"column":23},"end":{"line":216,"column":25}},"75":{"start":{"line":217,"column":26},"end":{"line":217,"column":28}},"76":{"start":{"line":218,"column":4},"end":{"line":226,"column":6}},"77":{"start":{"line":219,"column":8},"end":{"line":219,"column":36}},"78":{"start":{"line":220,"column":8},"end":{"line":220,"column":29}},"79":{"start":{"line":221,"column":23},"end":{"line":221,"column":27}},"80":{"start":{"line":222,"column":8},"end":{"line":225,"column":10}},"81":{"start":{"line":223,"column":12},"end":{"line":223,"column":38}},"82":{"start":{"line":224,"column":12},"end":{"line":224,"column":44}},"83":{"start":{"line":227,"column":18},"end":{"line":227,"column":62}},"84":{"start":{"line":228,"column":20},"end":{"line":228,"column":69}},"85":{"start":{"line":232,"column":33},"end":{"line":232,"column":67}},"86":{"start":{"line":235,"column":24},"end":{"line":235,"column":105}},"87":{"start":{"line":238,"column":35},"end":{"line":238,"column":75}},"88":{"start":{"line":239,"column":24},"end":{"line":239,"column":47}},"89":{"start":{"line":240,"column":33},"end":{"line":240,"column":65}},"90":{"start":{"line":241,"column":35},"end":{"line":241,"column":69}},"91":{"start":{"line":242,"column":4},"end":{"line":246,"column":5}},"92":{"start":{"line":255,"column":36},"end":{"line":262,"column":1}},"93":{"start":{"line":256,"column":4},"end":{"line":258,"column":5}},"94":{"start":{"line":257,"column":8},"end":{"line":257,"column":88}},"95":{"start":{"line":259,"column":4},"end":{"line":261,"column":5}},"96":{"start":{"line":260,"column":20},"end":{"line":260,"column":73}},"97":{"start":{"line":272,"column":36},"end":{"line":294,"column":1}},"98":{"start":{"line":273,"column":4},"end":{"line":275,"column":5}},"99":{"start":{"line":274,"column":8},"end":{"line":274,"column":72}},"100":{"start":{"line":276,"column":22},"end":{"line":276,"column":44}},"101":{"start":{"line":277,"column":17},"end":{"line":277,"column":40}},"102":{"start":{"line":278,"column":31},"end":{"line":278,"column":40}},"103":{"start":{"line":280,"column":4},"end":{"line":282,"column":5}},"104":{"start":{"line":281,"column":8},"end":{"line":281,"column":43}},"105":{"start":{"line":283,"column":19},"end":{"line":285,"column":5}},"106":{"start":{"line":284,"column":20},"end":{"line":284,"column":73}},"107":{"start":{"line":286,"column":4},"end":{"line":288,"column":5}},"108":{"start":{"line":287,"column":8},"end":{"line":287,"column":21}},"109":{"start":{"line":290,"column":26},"end":{"line":290,"column":49}},"110":{"start":{"line":291,"column":4},"end":{"line":293,"column":5}},"111":{"start":{"line":292,"column":20},"end":{"line":292,"column":81}}},"fnMap":{"0":{"name":"(anonymous_0)","decl":{"start":{"line":17,"column":35},"end":{"line":17,"column":36}},"loc":{"start":{"line":17,"column":43},"end":{"line":23,"column":1}},"line":17},"1":{"name":"(anonymous_1)","decl":{"start":{"line":21,"column":26},"end":{"line":21,"column":27}},"loc":{"start":{"line":21,"column":32},"end":{"line":21,"column":36}},"line":21},"2":{"name":"(anonymous_2)","decl":{"start":{"line":25,"column":33},"end":{"line":25,"column":34}},"loc":{"start":{"line":25,"column":61},"end":{"line":35,"column":1}},"line":25},"3":{"name":"(anonymous_3)","decl":{"start":{"line":26,"column":16},"end":{"line":26,"column":17}},"loc":{"start":{"line":26,"column":22},"end":{"line":26,"column":37}},"line":26},"4":{"name":"(anonymous_4)","decl":{"start":{"line":27,"column":15},"end":{"line":27,"column":16}},"loc":{"start":{"line":27,"column":21},"end":{"line":27,"column":35}},"line":27},"5":{"name":"(anonymous_5)","decl":{"start":{"line":30,"column":24},"end":{"line":30,"column":25}},"loc":{"start":{"line":30,"column":30},"end":{"line":33,"column":5}},"line":30},"6":{"name":"(anonymous_6)","decl":{"start":{"line":43,"column":33},"end":{"line":43,"column":34}},"loc":{"start":{"line":43,"column":51},"end":{"line":50,"column":1}},"line":43},"7":{"name":"(anonymous_7)","decl":{"start":{"line":44,"column":22},"end":{"line":44,"column":23}},"loc":{"start":{"line":44,"column":32},"end":{"line":48,"column":5}},"line":44},"8":{"name":"(anonymous_8)","decl":{"start":{"line":58,"column":29},"end":{"line":58,"column":30}},"loc":{"start":{"line":58,"column":39},"end":{"line":70,"column":1}},"line":58},"9":{"name":"(anonymous_9)","decl":{"start":{"line":78,"column":20},"end":{"line":78,"column":21}},"loc":{"start":{"line":78,"column":26},"end":{"line":78,"column":28}},"line":78},"10":{"name":"(anonymous_10)","decl":{"start":{"line":85,"column":23},"end":{"line":85,"column":24}},"loc":{"start":{"line":85,"column":51},"end":{"line":96,"column":1}},"line":85},"11":{"name":"(anonymous_11)","decl":{"start":{"line":86,"column":46},"end":{"line":86,"column":47}},"loc":{"start":{"line":86,"column":56},"end":{"line":90,"column":5}},"line":86},"12":{"name":"(anonymous_12)","decl":{"start":{"line":110,"column":34},"end":{"line":110,"column":35}},"loc":{"start":{"line":110,"column":43},"end":{"line":120,"column":1}},"line":110},"13":{"name":"(anonymous_13)","decl":{"start":{"line":126,"column":34},"end":{"line":126,"column":35}},"loc":{"start":{"line":126,"column":50},"end":{"line":128,"column":1}},"line":126},"14":{"name":"(anonymous_14)","decl":{"start":{"line":134,"column":36},"end":{"line":134,"column":37}},"loc":{"start":{"line":134,"column":45},"end":{"line":136,"column":1}},"line":134},"15":{"name":"(anonymous_15)","decl":{"start":{"line":143,"column":32},"end":{"line":143,"column":33}},"loc":{"start":{"line":143,"column":41},"end":{"line":143,"column":88}},"line":143},"16":{"name":"(anonymous_16)","decl":{"start":{"line":151,"column":26},"end":{"line":151,"column":27}},"loc":{"start":{"line":151,"column":43},"end":{"line":153,"column":1}},"line":151},"17":{"name":"(anonymous_17)","decl":{"start":{"line":160,"column":26},"end":{"line":160,"column":27}},"loc":{"start":{"line":160,"column":36},"end":{"line":166,"column":1}},"line":160},"18":{"name":"(anonymous_18)","decl":{"start":{"line":164,"column":13},"end":{"line":164,"column":14}},"loc":{"start":{"line":164,"column":20},"end":{"line":164,"column":62}},"line":164},"19":{"name":"(anonymous_19)","decl":{"start":{"line":174,"column":33},"end":{"line":174,"column":34}},"loc":{"start":{"line":174,"column":43},"end":{"line":188,"column":1}},"line":174},"20":{"name":"(anonymous_20)","decl":{"start":{"line":194,"column":28},"end":{"line":194,"column":29}},"loc":{"start":{"line":194,"column":34},"end":{"line":200,"column":1}},"line":194},"21":{"name":"(anonymous_21)","decl":{"start":{"line":208,"column":32},"end":{"line":208,"column":33}},"loc":{"start":{"line":208,"column":44},"end":{"line":247,"column":1}},"line":208},"22":{"name":"(anonymous_22)","decl":{"start":{"line":218,"column":21},"end":{"line":218,"column":22}},"loc":{"start":{"line":218,"column":31},"end":{"line":226,"column":5}},"line":218},"23":{"name":"(anonymous_23)","decl":{"start":{"line":222,"column":38},"end":{"line":222,"column":39}},"loc":{"start":{"line":222,"column":50},"end":{"line":225,"column":9}},"line":222},"24":{"name":"(anonymous_24)","decl":{"start":{"line":255,"column":36},"end":{"line":255,"column":37}},"loc":{"start":{"line":255,"column":57},"end":{"line":262,"column":1}},"line":255},"25":{"name":"(anonymous_25)","decl":{"start":{"line":260,"column":8},"end":{"line":260,"column":9}},"loc":{"start":{"line":260,"column":20},"end":{"line":260,"column":73}},"line":260},"26":{"name":"(anonymous_26)","decl":{"start":{"line":272,"column":36},"end":{"line":272,"column":37}},"loc":{"start":{"line":272,"column":45},"end":{"line":294,"column":1}},"line":272},"27":{"name":"(anonymous_27)","decl":{"start":{"line":284,"column":8},"end":{"line":284,"column":9}},"loc":{"start":{"line":284,"column":20},"end":{"line":284,"column":73}},"line":284},"28":{"name":"(anonymous_28)","decl":{"start":{"line":292,"column":8},"end":{"line":292,"column":9}},"loc":{"start":{"line":292,"column":20},"end":{"line":292,"column":81}},"line":292}},"branchMap":{"0":{"loc":{"start":{"line":18,"column":4},"end":{"line":22,"column":5}},"type":"if","locations":[{"start":{"line":18,"column":4},"end":{"line":22,"column":5}},{"start":{"line":20,"column":11},"end":{"line":22,"column":5}}],"line":18},"1":{"loc":{"start":{"line":25,"column":44},"end":{"line":25,"column":56}},"type":"default-arg","locations":[{"start":{"line":25,"column":50},"end":{"line":25,"column":56}}],"line":25},"2":{"loc":{"start":{"line":60,"column":8},"end":{"line":62,"column":9}},"type":"if","locations":[{"start":{"line":60,"column":8},"end":{"line":62,"column":9}},{"start":{},"end":{}}],"line":60},"3":{"loc":{"start":{"line":60,"column":12},"end":{"line":60,"column":44}},"type":"binary-expr","locations":[{"start":{"line":60,"column":12},"end":{"line":60,"column":23}},{"start":{"line":60,"column":27},"end":{"line":60,"column":44}}],"line":60},"4":{"loc":{"start":{"line":65,"column":8},"end":{"line":67,"column":9}},"type":"if","locations":[{"start":{"line":65,"column":8},"end":{"line":67,"column":9}},{"start":{},"end":{}}],"line":65},"5":{"loc":{"start":{"line":65,"column":12},"end":{"line":65,"column":44}},"type":"binary-expr","locations":[{"start":{"line":65,"column":12},"end":{"line":65,"column":23}},{"start":{"line":65,"column":27},"end":{"line":65,"column":44}}],"line":65},"6":{"loc":{"start":{"line":85,"column":30},"end":{"line":85,"column":46}},"type":"default-arg","locations":[{"start":{"line":85,"column":36},"end":{"line":85,"column":46}}],"line":85},"7":{"loc":{"start":{"line":86,"column":22},"end":{"line":86,"column":37}},"type":"binary-expr","locations":[{"start":{"line":86,"column":22},"end":{"line":86,"column":31}},{"start":{"line":86,"column":35},"end":{"line":86,"column":37}}],"line":86},"8":{"loc":{"start":{"line":87,"column":15},"end":{"line":89,"column":31}},"type":"cond-expr","locations":[{"start":{"line":88,"column":14},"end":{"line":88,"column":40}},{"start":{"line":89,"column":14},"end":{"line":89,"column":31}}],"line":87},"9":{"loc":{"start":{"line":87,"column":15},"end":{"line":87,"column":55}},"type":"binary-expr","locations":[{"start":{"line":87,"column":15},"end":{"line":87,"column":36}},{"start":{"line":87,"column":40},"end":{"line":87,"column":55}}],"line":87},"10":{"loc":{"start":{"line":111,"column":4},"end":{"line":113,"column":5}},"type":"if","locations":[{"start":{"line":111,"column":4},"end":{"line":113,"column":5}},{"start":{},"end":{}}],"line":111},"11":{"loc":{"start":{"line":115,"column":4},"end":{"line":119,"column":5}},"type":"if","locations":[{"start":{"line":115,"column":4},"end":{"line":119,"column":5}},{"start":{"line":117,"column":11},"end":{"line":119,"column":5}}],"line":115},"12":{"loc":{"start":{"line":184,"column":20},"end":{"line":184,"column":77}},"type":"binary-expr","locations":[{"start":{"line":184,"column":20},"end":{"line":184,"column":42}},{"start":{"line":184,"column":46},"end":{"line":184,"column":77}}],"line":184},"13":{"loc":{"start":{"line":186,"column":22},"end":{"line":186,"column":85}},"type":"binary-expr","locations":[{"start":{"line":186,"column":22},"end":{"line":186,"column":46}},{"start":{"line":186,"column":50},"end":{"line":186,"column":85}}],"line":186},"14":{"loc":{"start":{"line":196,"column":4},"end":{"line":198,"column":5}},"type":"if","locations":[{"start":{"line":196,"column":4},"end":{"line":198,"column":5}},{"start":{},"end":{}}],"line":196},"15":{"loc":{"start":{"line":209,"column":4},"end":{"line":211,"column":5}},"type":"if","locations":[{"start":{"line":209,"column":4},"end":{"line":211,"column":5}},{"start":{},"end":{}}],"line":209},"16":{"loc":{"start":{"line":256,"column":4},"end":{"line":258,"column":5}},"type":"if","locations":[{"start":{"line":256,"column":4},"end":{"line":258,"column":5}},{"start":{},"end":{}}],"line":256},"17":{"loc":{"start":{"line":260,"column":20},"end":{"line":260,"column":73}},"type":"binary-expr","locations":[{"start":{"line":260,"column":20},"end":{"line":260,"column":43}},{"start":{"line":260,"column":47},"end":{"line":260,"column":73}}],"line":260},"18":{"loc":{"start":{"line":273,"column":4},"end":{"line":275,"column":5}},"type":"if","locations":[{"start":{"line":273,"column":4},"end":{"line":275,"column":5}},{"start":{},"end":{}}],"line":273},"19":{"loc":{"start":{"line":280,"column":4},"end":{"line":282,"column":5}},"type":"if","locations":[{"start":{"line":280,"column":4},"end":{"line":282,"column":5}},{"start":{},"end":{}}],"line":280},"20":{"loc":{"start":{"line":284,"column":20},"end":{"line":284,"column":73}},"type":"binary-expr","locations":[{"start":{"line":284,"column":20},"end":{"line":284,"column":46}},{"start":{"line":284,"column":50},"end":{"line":284,"column":73}}],"line":284},"21":{"loc":{"start":{"line":286,"column":4},"end":{"line":288,"column":5}},"type":"if","locations":[{"start":{"line":286,"column":4},"end":{"line":288,"column":5}},{"start":{},"end":{}}],"line":286},"22":{"loc":{"start":{"line":292,"column":20},"end":{"line":292,"column":81}},"type":"binary-expr","locations":[{"start":{"line":292,"column":20},"end":{"line":292,"column":50}},{"start":{"line":292,"column":54},"end":{"line":292,"column":81}}],"line":292}},"s":{"0":81,"1":2,"2":1,"3":1,"4":1,"5":81,"6":3,"7":1,"8":3,"9":2,"10":3,"11":3,"12":3,"13":1,"14":1,"15":3,"16":81,"17":54,"18":108,"19":108,"20":54,"21":81,"22":58,"23":498,"24":2,"25":56,"26":497,"27":1,"28":55,"29":81,"30":81,"31":2,"32":2,"33":2,"34":81,"35":81,"36":117,"37":0,"38":117,"39":117,"40":35,"41":82,"42":81,"43":8,"44":81,"45":10,"46":81,"47":24,"48":81,"49":23,"50":81,"51":22,"52":24,"53":81,"54":52,"55":52,"56":52,"57":52,"58":52,"59":52,"60":52,"61":52,"62":52,"63":81,"64":0,"65":0,"66":0,"67":0,"68":81,"69":52,"70":0,"71":52,"72":52,"73":52,"74":52,"75":52,"76":52,"77":104,"78":104,"79":104,"80":104,"81":237,"82":237,"83":52,"84":52,"85":52,"86":52,"87":52,"88":52,"89":52,"90":52,"91":52,"92":81,"93":614,"94":0,"95":614,"96":618,"97":81,"98":9,"99":0,"100":9,"101":9,"102":9,"103":9,"104":3,"105":9,"106":11,"107":9,"108":9,"109":0,"110":0,"111":0},"f":{"0":2,"1":1,"2":3,"3":1,"4":2,"5":1,"6":54,"7":108,"8":58,"9":4,"10":2,"11":2,"12":117,"13":8,"14":10,"15":24,"16":23,"17":22,"18":24,"19":52,"20":0,"21":52,"22":104,"23":237,"24":614,"25":618,"26":9,"27":11,"28":0},"b":{"0":[1,1],"1":[2],"2":[2,496],"3":[498,498],"4":[1,496],"5":[497,496],"6":[1],"7":[2,0],"8":[1,1],"9":[2,1],"10":[0,117],"11":[35,82],"12":[52,32],"13":[52,27],"14":[0,0],"15":[0,52],"16":[0,614],"17":[618,4],"18":[0,9],"19":[3,6],"20":[11,9],"21":[9,0],"22":[0,0]},"_coverageSchema":"1a1c01bbd47fc00a2c39e90264f33305004495a9","hash":"1c16980b2dbb83cd83f3233dde096fbdd52310ed"}
}
