TN:
SF:app/constants.js
FNF:0
FNH:0
DA:11,84
DA:12,84
DA:13,84
DA:16,84
DA:17,84
DA:20,84
DA:21,84
DA:22,84
DA:25,84
DA:26,84
DA:29,84
DA:30,84
DA:31,84
DA:33,84
DA:54,84
DA:56,84
DA:58,84
DA:63,84
DA:65,84
DA:67,84
DA:79,84
DA:84,84
DA:89,84
LF:23
LH:23
BRF:0
BRH:0
end_of_record
TN:
SF:app/request-processor.js
FN:57,(anonymous_0)
FN:96,(anonymous_1)
FNF:2
FNH:2
FNDA:2,(anonymous_0)
FNDA:4,(anonymous_1)
DA:57,1
DA:70,2
DA:83,2
DA:84,1
DA:85,1
DA:89,2
DA:93,2
DA:96,4
DA:101,2
DA:114,2
LF:10
LH:10
BRDA:83,0,0,1
BRDA:83,0,1,1
BRF:2
BRH:2
end_of_record
TN:
SF:app/routes.jsx
FN:12,(anonymous_0)
FN:13,(anonymous_1)
FN:14,(anonymous_2)
FN:15,(anonymous_3)
FN:16,(anonymous_4)
FN:17,(anonymous_5)
FN:18,(anonymous_6)
FN:19,(anonymous_7)
FN:20,(anonymous_8)
FN:21,(anonymous_9)
FN:22,(anonymous_10)
FN:23,(anonymous_11)
FN:24,(anonymous_12)
FN:25,(anonymous_13)
FN:98,(anonymous_14)
FNF:15
FNH:0
FNDA:0,(anonymous_0)
FNDA:0,(anonymous_1)
FNDA:0,(anonymous_2)
FNDA:0,(anonymous_3)
FNDA:0,(anonymous_4)
FNDA:0,(anonymous_5)
FNDA:0,(anonymous_6)
FNDA:0,(anonymous_7)
FNDA:0,(anonymous_8)
FNDA:0,(anonymous_9)
FNDA:0,(anonymous_10)
FNDA:0,(anonymous_11)
FNDA:0,(anonymous_12)
FNDA:0,(anonymous_13)
FNDA:0,(anonymous_14)
DA:9,1
DA:12,1
DA:13,1
DA:14,1
DA:15,1
DA:16,1
DA:17,1
DA:18,1
DA:19,1
DA:20,1
DA:21,1
DA:22,1
DA:23,1
DA:24,1
DA:25,1
DA:27,1
DA:99,0
DA:100,0
LF:18
LH:16
BRF:0
BRH:0
end_of_record
TN:
SF:app/commerce-api/auth.js
FN:47,(anonymous_0)
FN:84,(anonymous_1)
FN:88,(anonymous_2)
FN:92,(anonymous_3)
FN:96,(anonymous_4)
FN:102,(anonymous_5)
FN:110,(anonymous_6)
FN:114,(anonymous_7)
FN:118,(anonymous_8)
FN:122,(anonymous_9)
FN:126,(anonymous_10)
FN:130,(anonymous_11)
FN:134,(anonymous_12)
FN:138,(anonymous_13)
FN:148,(anonymous_14)
FN:166,(anonymous_15)
FN:197,(anonymous_16)
FN:204,(anonymous_17)
FN:213,(anonymous_18)
FN:224,(anonymous_19)
FN:238,(anonymous_20)
FN:258,(anonymous_21)
FN:278,(anonymous_22)
FN:293,(anonymous_23)
FN:339,(anonymous_24)
FN:396,(anonymous_25)
FN:413,(anonymous_26)
FN:448,(anonymous_27)
FN:462,(anonymous_28)
FN:463,(anonymous_29)
FN:464,(anonymous_30)
FN:468,(anonymous_31)
FN:474,(anonymous_32)
FN:477,(anonymous_33)
FN:480,(anonymous_34)
FN:486,(anonymous_35)
FN:492,(anonymous_36)
FN:495,(anonymous_37)
FN:498,(anonymous_38)
FNF:39
FNH:31
FNDA:359,(anonymous_0)
FNDA:305,(anonymous_1)
FNDA:673,(anonymous_2)
FNDA:79,(anonymous_3)
FNDA:59,(anonymous_4)
FNDA:55,(anonymous_5)
FNDA:30,(anonymous_6)
FNDA:74,(anonymous_7)
FNDA:4,(anonymous_8)
FNDA:73,(anonymous_9)
FNDA:3,(anonymous_10)
FNDA:74,(anonymous_11)
FNDA:718,(anonymous_12)
FNDA:106,(anonymous_13)
FNDA:76,(anonymous_14)
FNDA:68,(anonymous_15)
FNDA:78,(anonymous_16)
FNDA:77,(anonymous_17)
FNDA:1,(anonymous_18)
FNDA:77,(anonymous_19)
FNDA:2,(anonymous_20)
FNDA:73,(anonymous_21)
FNDA:4,(anonymous_22)
FNDA:27,(anonymous_23)
FNDA:41,(anonymous_24)
FNDA:0,(anonymous_25)
FNDA:5,(anonymous_26)
FNDA:58,(anonymous_27)
FNDA:0,(anonymous_28)
FNDA:0,(anonymous_29)
FNDA:0,(anonymous_30)
FNDA:0,(anonymous_31)
FNDA:0,(anonymous_32)
FNDA:0,(anonymous_33)
FNDA:0,(anonymous_34)
FNDA:359,(anonymous_35)
FNDA:482,(anonymous_36)
FNDA:1542,(anonymous_37)
FNDA:482,(anonymous_38)
DA:29,74
DA:30,74
DA:31,74
DA:32,74
DA:33,74
DA:34,74
DA:35,74
DA:36,74
DA:37,74
DA:39,74
DA:40,74
DA:45,74
DA:48,359
DA:49,359
DA:50,359
DA:55,359
DA:57,359
DA:58,359
DA:59,106
DA:62,359
DA:63,0
DA:64,0
DA:67,359
DA:68,359
DA:75,74
DA:85,305
DA:89,673
DA:93,79
DA:97,59
DA:104,55
DA:107,55
DA:111,30
DA:115,74
DA:119,4
DA:123,73
DA:127,3
DA:131,74
DA:135,718
DA:139,106
DA:149,76
DA:150,75
DA:153,75
DA:154,75
DA:157,1
DA:158,1
DA:167,68
DA:168,68
DA:169,68
DA:170,68
DA:171,68
DA:172,68
DA:173,68
DA:174,68
DA:176,68
DA:183,68
DA:185,68
DA:186,0
DA:188,68
DA:189,68
DA:200,78
DA:201,1
DA:203,77
DA:204,77
DA:205,77
DA:206,77
DA:207,27
DA:208,50
DA:209,4
DA:210,46
DA:211,5
DA:213,77
DA:214,1
DA:215,1
DA:216,0
DA:217,0
DA:218,0
DA:220,1
DA:224,77
DA:227,77
DA:230,77
DA:239,2
DA:246,2
DA:247,2
DA:248,2
DA:249,2
DA:260,73
DA:261,73
DA:262,73
DA:263,73
DA:266,73
DA:267,73
DA:268,73
DA:270,0
DA:273,73
DA:274,73
DA:280,4
DA:285,4
DA:294,27
DA:295,27
DA:297,27
DA:299,27
DA:300,27
DA:314,27
DA:315,27
DA:316,1
DA:317,1
DA:320,26
DA:326,26
DA:327,26
DA:332,26
DA:340,41
DA:341,41
DA:343,41
DA:344,41
DA:347,41
DA:361,41
DA:362,41
DA:363,0
DA:364,0
DA:365,0
DA:366,0
DA:367,0
DA:368,0
DA:371,0
DA:374,41
DA:380,41
DA:383,41
DA:388,41
DA:397,0
DA:398,0
DA:404,0
DA:405,0
DA:414,5
DA:415,5
DA:416,5
DA:417,5
DA:419,5
DA:425,5
DA:427,5
DA:428,0
DA:430,5
DA:432,5
DA:433,5
DA:438,5
DA:439,5
DA:441,5
DA:449,58
DA:450,58
DA:451,58
DA:452,58
DA:453,58
DA:454,58
DA:455,58
DA:469,0
DA:470,0
DA:471,0
DA:475,0
DA:478,0
DA:481,0
DA:487,359
DA:488,359
DA:489,0
DA:493,482
DA:496,1542
DA:499,482
LF:165
LH:139
BRDA:55,0,0,359
BRDA:55,0,1,0
BRDA:58,1,0,106
BRDA:58,1,1,253
BRDA:62,2,0,0
BRDA:62,2,1,359
BRDA:97,3,0,12
BRDA:97,3,1,47
BRDA:104,4,0,12
BRDA:104,4,1,43
BRDA:149,5,0,75
BRDA:149,5,1,1
BRDA:185,6,0,0
BRDA:185,6,1,68
BRDA:200,7,0,1
BRDA:200,7,1,77
BRDA:206,8,0,27
BRDA:206,8,1,50
BRDA:208,9,0,4
BRDA:208,9,1,46
BRDA:210,10,0,5
BRDA:210,10,1,41
BRDA:215,11,0,0
BRDA:215,11,1,1
BRDA:215,12,0,1
BRDA:215,12,1,1
BRDA:238,13,0,2
BRDA:248,14,0,2
BRDA:248,14,1,0
BRDA:266,15,0,73
BRDA:266,15,1,0
BRDA:273,16,0,73
BRDA:273,16,1,0
BRDA:315,17,0,1
BRDA:315,17,1,26
BRDA:343,18,0,41
BRDA:343,18,1,0
BRDA:362,19,0,0
BRDA:362,19,1,41
BRDA:367,20,0,0
BRDA:367,20,1,0
BRDA:377,21,0,41
BRDA:377,21,1,0
BRDA:427,22,0,0
BRDA:427,22,1,5
BRDA:438,23,0,5
BRDA:438,23,1,0
BRDA:438,24,0,5
BRDA:438,24,1,5
BRDA:470,25,0,0
BRDA:470,25,1,0
BRDA:488,26,0,0
BRDA:488,26,1,359
BRF:53
BRH:36
end_of_record
TN:
SF:app/commerce-api/contexts.js
FN:14,(anonymous_0)
FN:64,(anonymous_1)
FN:65,(anonymous_2)
FN:68,(anonymous_3)
FN:97,(anonymous_4)
FN:117,(anonymous_5)
FN:145,(anonymous_6)
FN:159,(anonymous_7)
FN:160,(anonymous_8)
FN:161,(anonymous_9)
FN:163,(anonymous_10)
FN:165,(anonymous_11)
FN:167,(anonymous_12)
FNF:13
FNH:2
FNDA:8412,(anonymous_0)
FNDA:306,(anonymous_1)
FNDA:0,(anonymous_2)
FNDA:0,(anonymous_3)
FNDA:0,(anonymous_4)
FNDA:0,(anonymous_5)
FNDA:0,(anonymous_6)
FNDA:0,(anonymous_7)
FNDA:0,(anonymous_8)
FNDA:0,(anonymous_9)
FNDA:0,(anonymous_10)
FNDA:0,(anonymous_11)
FNDA:0,(anonymous_12)
DA:12,77
DA:13,77
DA:14,8412
DA:39,77
DA:40,77
DA:43,77
DA:44,77
DA:47,77
DA:54,77
DA:62,77
DA:64,77
DA:65,306
DA:66,0
DA:68,0
DA:69,0
DA:74,0
DA:77,0
DA:82,0
DA:91,0
DA:92,0
DA:93,0
DA:97,0
DA:98,0
DA:99,0
DA:101,0
DA:103,0
DA:115,0
DA:116,0
DA:118,0
DA:119,0
DA:124,0
DA:127,0
DA:139,0
DA:140,0
DA:143,0
DA:146,0
DA:148,0
DA:151,0
DA:154,0
DA:158,306
DA:159,0
DA:160,0
DA:162,0
DA:164,0
DA:166,0
DA:167,0
DA:170,306
LF:47
LH:14
BRDA:66,0,0,0
BRDA:66,0,1,0
BRDA:66,0,2,0
BRDA:66,0,3,0
BRDA:66,0,4,0
BRDA:66,0,5,0
BRDA:66,0,6,0
BRDA:93,1,0,0
BRDA:93,1,1,0
BRDA:98,2,0,0
BRDA:98,2,1,0
BRDA:118,3,0,0
BRDA:118,3,1,0
BRF:13
BRH:0
end_of_record
TN:
SF:app/commerce-api/einstein.js
FN:11,(anonymous_0)
FN:22,(anonymous_1)
FN:59,(anonymous_2)
FN:105,(anonymous_3)
FN:114,(anonymous_4)
FN:154,(anonymous_5)
FN:168,(anonymous_6)
FN:172,(anonymous_7)
FN:189,(anonymous_8)
FN:204,(anonymous_9)
FN:208,(anonymous_10)
FN:228,(anonymous_11)
FN:246,(anonymous_12)
FN:264,(anonymous_13)
FN:282,(anonymous_14)
FN:296,(anonymous_15)
FN:299,(anonymous_16)
FN:314,(anonymous_17)
FN:331,(anonymous_18)
FN:346,(anonymous_19)
FN:358,(anonymous_20)
FN:362,(anonymous_21)
FN:378,(anonymous_22)
FN:383,(anonymous_23)
FN:393,(anonymous_24)
FN:394,(anonymous_25)
FN:404,(anonymous_26)
FN:405,(anonymous_27)
FNF:28
FNH:26
FNDA:270,(anonymous_0)
FNDA:13,(anonymous_1)
FNDA:12,(anonymous_2)
FNDA:2,(anonymous_3)
FNDA:14,(anonymous_4)
FNDA:1,(anonymous_5)
FNDA:1,(anonymous_6)
FNDA:4,(anonymous_7)
FNDA:1,(anonymous_8)
FNDA:1,(anonymous_9)
FNDA:4,(anonymous_10)
FNDA:1,(anonymous_11)
FNDA:1,(anonymous_12)
FNDA:1,(anonymous_13)
FNDA:1,(anonymous_14)
FNDA:1,(anonymous_15)
FNDA:1,(anonymous_16)
FNDA:1,(anonymous_17)
FNDA:1,(anonymous_18)
FNDA:1,(anonymous_19)
FNDA:1,(anonymous_20)
FNDA:0,(anonymous_21)
FNDA:1,(anonymous_22)
FNDA:0,(anonymous_23)
FNDA:2,(anonymous_24)
FNDA:2,(anonymous_25)
FNDA:2,(anonymous_26)
FNDA:2,(anonymous_27)
DA:12,270
DA:13,270
DA:23,13
DA:24,13
DA:26,13
DA:30,13
DA:31,0
DA:36,13
DA:37,13
DA:39,0
DA:43,13
DA:44,13
DA:47,13
DA:48,0
DA:50,13
DA:53,13
DA:60,12
DA:64,2
DA:70,10
DA:82,10
DA:90,0
DA:106,2
DA:115,14
DA:116,14
DA:118,14
DA:124,14
DA:125,13
DA:129,14
DA:130,14
DA:138,0
DA:141,14
DA:142,0
DA:145,14
DA:147,14
DA:155,1
DA:156,1
DA:157,1
DA:162,1
DA:169,1
DA:170,1
DA:172,1
DA:173,4
DA:176,1
DA:183,1
DA:190,1
DA:191,1
DA:192,1
DA:198,1
DA:205,1
DA:206,1
DA:208,1
DA:209,4
DA:212,1
DA:221,1
DA:229,1
DA:230,1
DA:231,1
DA:239,1
DA:247,1
DA:248,1
DA:249,1
DA:250,1
DA:257,1
DA:265,1
DA:266,1
DA:267,1
DA:268,1
DA:275,1
DA:283,1
DA:284,1
DA:285,1
DA:290,1
DA:297,1
DA:298,1
DA:299,1
DA:300,1
DA:301,1
DA:307,1
DA:315,1
DA:316,1
DA:317,1
DA:324,1
DA:332,1
DA:333,1
DA:334,1
DA:339,1
DA:347,1
DA:348,1
DA:349,1
DA:351,1
DA:359,1
DA:360,1
DA:361,1
DA:362,0
DA:367,1
DA:369,1
DA:371,1
DA:379,1
DA:380,1
DA:382,1
DA:383,0
DA:388,1
DA:390,1
DA:394,2
DA:395,2
DA:397,2
DA:402,2
DA:405,2
DA:406,2
DA:415,0
LF:110
LH:101
BRDA:30,0,0,0
BRDA:30,0,1,13
BRDA:36,1,0,13
BRDA:36,1,1,0
BRDA:43,2,0,13
BRDA:43,2,1,0
BRDA:47,3,0,0
BRDA:47,3,1,13
BRDA:60,4,0,2
BRDA:60,4,1,10
BRDA:60,5,0,12
BRDA:60,5,1,2
BRDA:60,5,2,0
BRDA:70,6,0,10
BRDA:70,6,1,0
BRDA:71,7,0,10
BRDA:71,7,1,10
BRDA:71,7,2,0
BRDA:71,7,3,0
BRDA:71,7,4,0
BRDA:71,7,5,0
BRDA:71,7,6,0
BRDA:124,8,0,13
BRDA:124,8,1,1
BRDA:133,9,0,14
BRDA:133,9,1,13
BRDA:141,10,0,0
BRDA:141,10,1,14
BRDA:395,11,0,2
BRDA:395,11,1,0
BRF:30
BRH:17
end_of_record
TN:
SF:app/commerce-api/index.js
FN:52,(anonymous_0)
FN:108,(anonymous_1)
FN:113,(anonymous_2)
FN:115,(anonymous_3)
FN:147,(anonymous_4)
FN:148,(anonymous_5)
FN:159,(anonymous_6)
FN:171,(anonymous_7)
FN:183,(anonymous_8)
FN:224,(anonymous_9)
FNF:10
FNH:10
FNDA:416,(anonymous_0)
FNDA:3744,(anonymous_1)
FNDA:510,(anonymous_2)
FNDA:508,(anonymous_3)
FNDA:507,(anonymous_4)
FNDA:402,(anonymous_5)
FNDA:518,(anonymous_6)
FNDA:1,(anonymous_7)
FNDA:505,(anonymous_8)
FNDA:401,(anonymous_9)
DA:53,416
DA:56,416
DA:58,416
DA:60,416
DA:62,416
DA:63,416
DA:72,416
DA:107,416
DA:108,416
DA:109,3744
DA:110,3744
DA:114,510
DA:115,509
DA:116,508
DA:117,508
DA:119,508
DA:120,1
DA:130,507
DA:132,507
DA:136,507
DA:140,507
DA:147,507
DA:148,507
DA:149,402
DA:154,1
DA:158,3744
DA:160,518
DA:164,416
DA:172,1
DA:185,505
DA:190,141
DA:194,364
DA:195,364
DA:196,27
DA:202,364
DA:204,37
DA:208,364
DA:209,364
DA:213,364
DA:225,401
DA:226,16
DA:229,385
LF:42
LH:42
BRDA:52,0,0,0
BRDA:62,1,0,416
BRDA:62,1,1,0
BRDA:114,2,0,509
BRDA:114,2,1,1
BRDA:119,3,0,1
BRDA:119,3,1,507
BRDA:130,4,0,223
BRDA:130,5,0,231
BRDA:132,6,0,0
BRDA:132,6,1,507
BRDA:136,7,0,276
BRDA:136,7,1,231
BRDA:141,8,0,223
BRDA:141,8,1,284
BRDA:142,9,0,37
BRDA:142,9,1,470
BRDA:185,10,0,141
BRDA:185,10,1,364
BRDA:186,11,0,505
BRDA:186,11,1,478
BRDA:186,11,2,437
BRDA:195,12,0,27
BRDA:195,12,1,337
BRDA:202,13,0,37
BRDA:202,13,1,327
BRDA:225,14,0,16
BRDA:225,14,1,385
BRF:28
BRH:25
end_of_record
TN:
SF:app/commerce-api/mock-data.js
FNF:0
FNH:0
DA:8,102
DA:9,102
DA:22,102
DA:35,102
DA:36,102
DA:37,102
DA:39,102
DA:43,102
DA:78,102
DA:202,102
DA:386,102
DA:426,102
DA:538,102
DA:548,102
DA:599,102
DA:669,102
DA:724,102
DA:730,102
DA:1288,102
DA:1752,102
DA:2549,102
DA:2576,102
DA:2592,102
DA:2988,102
DA:3001,102
DA:3021,102
LF:26
LH:26
BRF:0
BRH:0
end_of_record
TN:
SF:app/commerce-api/ocapi-shopper-baskets.js
FN:20,(anonymous_0)
FN:24,(anonymous_1)
FN:28,(anonymous_2)
FN:41,(anonymous_3)
FN:51,(anonymous_4)
FN:70,(anonymous_5)
FN:89,(anonymous_6)
FN:104,(anonymous_7)
FN:123,(anonymous_8)
FN:140,(anonymous_9)
FN:155,(anonymous_10)
FN:170,(anonymous_11)
FN:189,(anonymous_12)
FN:208,(anonymous_13)
FN:227,(anonymous_14)
FN:246,(anonymous_15)
FN:256,(anonymous_16)
FN:275,(anonymous_17)
FNF:18
FNH:16
FNDA:412,(anonymous_0)
FNDA:3,(anonymous_1)
FNDA:2,(anonymous_2)
FNDA:4,(anonymous_3)
FNDA:5,(anonymous_4)
FNDA:4,(anonymous_5)
FNDA:4,(anonymous_6)
FNDA:6,(anonymous_7)
FNDA:4,(anonymous_8)
FNDA:6,(anonymous_9)
FNDA:8,(anonymous_10)
FNDA:6,(anonymous_11)
FNDA:8,(anonymous_12)
FNDA:6,(anonymous_13)
FNDA:8,(anonymous_14)
FNDA:4,(anonymous_15)
FNDA:0,(anonymous_16)
FNDA:0,(anonymous_17)
DA:21,412
DA:25,3
DA:29,2
DA:30,2
DA:31,2
DA:32,1
DA:37,1
DA:38,1
DA:42,4
DA:43,4
DA:44,4
DA:45,2
DA:47,2
DA:48,2
DA:52,5
DA:53,5
DA:54,5
DA:55,2
DA:60,3
DA:61,3
DA:71,4
DA:72,4
DA:73,4
DA:74,2
DA:79,2
DA:80,2
DA:90,4
DA:91,4
DA:92,4
DA:93,2
DA:95,2
DA:96,2
DA:105,6
DA:106,6
DA:107,6
DA:108,2
DA:113,4
DA:114,4
DA:124,4
DA:125,4
DA:126,4
DA:127,2
DA:131,2
DA:132,2
DA:141,6
DA:142,6
DA:143,6
DA:144,1
DA:146,5
DA:147,5
DA:156,8
DA:157,8
DA:158,8
DA:159,2
DA:161,6
DA:162,6
DA:171,6
DA:172,6
DA:173,6
DA:174,2
DA:179,4
DA:180,4
DA:190,8
DA:191,8
DA:192,8
DA:193,2
DA:198,6
DA:199,6
DA:209,6
DA:210,6
DA:211,6
DA:212,2
DA:217,4
DA:218,4
DA:228,8
DA:229,8
DA:230,8
DA:231,2
DA:236,6
DA:237,6
DA:247,4
DA:248,4
DA:249,4
DA:250,2
DA:252,2
DA:253,2
DA:257,0
DA:258,0
DA:259,0
DA:260,0
DA:265,0
DA:266,0
DA:276,0
DA:277,0
DA:278,0
DA:279,0
DA:283,0
DA:284,0
LF:98
LH:86
BRDA:31,0,0,1
BRDA:31,0,1,1
BRDA:44,1,0,2
BRDA:44,1,1,2
BRDA:54,2,0,2
BRDA:54,2,1,3
BRDA:73,3,0,2
BRDA:73,3,1,2
BRDA:92,4,0,2
BRDA:92,4,1,2
BRDA:107,5,0,2
BRDA:107,5,1,4
BRDA:126,6,0,2
BRDA:126,6,1,2
BRDA:143,7,0,1
BRDA:143,7,1,5
BRDA:158,8,0,2
BRDA:158,8,1,6
BRDA:173,9,0,2
BRDA:173,9,1,4
BRDA:177,10,0,4
BRDA:192,11,0,2
BRDA:192,11,1,6
BRDA:196,12,0,2
BRDA:211,13,0,2
BRDA:211,13,1,4
BRDA:230,14,0,2
BRDA:230,14,1,6
BRDA:249,15,0,2
BRDA:249,15,1,2
BRDA:259,16,0,0
BRDA:259,16,1,0
BRDA:278,17,0,0
BRDA:278,17,1,0
BRF:34
BRH:30
end_of_record
TN:
SF:app/commerce-api/ocapi-shopper-orders.js
FN:20,(anonymous_0)
FN:24,(anonymous_1)
FN:41,(anonymous_2)
FNF:3
FNH:3
FNDA:420,(anonymous_0)
FNDA:7,(anonymous_1)
FNDA:4,(anonymous_2)
DA:21,420
DA:25,7
DA:26,7
DA:27,7
DA:28,2
DA:31,5
DA:32,5
DA:42,4
DA:43,4
DA:44,4
DA:45,2
DA:47,2
DA:48,2
LF:13
LH:13
BRDA:27,0,0,2
BRDA:27,0,1,5
BRDA:44,1,0,2
BRDA:44,1,1,2
BRF:4
BRH:4
end_of_record
TN:
SF:app/commerce-api/pkce.js
FN:21,(anonymous_0)
FN:31,(anonymous_1)
FN:35,(anonymous_2)
FNF:3
FNH:2
FNDA:68,(anonymous_0)
FNDA:67,(anonymous_1)
FNDA:0,(anonymous_2)
DA:11,72
DA:14,72
DA:21,72
DA:22,68
DA:31,72
DA:34,67
DA:35,0
DA:36,0
DA:37,0
DA:40,67
DA:41,67
DA:42,67
DA:44,67
DA:47,67
LF:14
LH:11
BRDA:22,0,0,0
BRDA:22,0,1,68
BRDA:34,1,0,0
BRDA:34,1,1,67
BRF:4
BRH:2
end_of_record
TN:
SF:app/commerce-api/shopper-baskets.js
FN:13,(anonymous_0)
FN:18,(anonymous_1)
FNF:2
FNH:2
FNDA:416,(anonymous_0)
FNDA:3,(anonymous_1)
DA:14,416
DA:15,416
DA:19,3
LF:3
LH:3
BRF:0
BRH:0
end_of_record
TN:
SF:app/commerce-api/utils.js
FN:19,isTokenValid
FN:34,createGetTokenBody
FN:50,(anonymous_2)
FN:54,(anonymous_3)
FN:59,(anonymous_4)
FN:63,(anonymous_5)
FN:67,(anonymous_6)
FN:73,(anonymous_7)
FN:81,(anonymous_8)
FN:95,(anonymous_9)
FN:119,(anonymous_10)
FN:131,(anonymous_11)
FN:160,(anonymous_12)
FN:163,(anonymous_13)
FN:178,(anonymous_14)
FN:178,(anonymous_15)
FN:217,(anonymous_16)
FN:229,(anonymous_17)
FN:247,(anonymous_18)
FN:248,(anonymous_19)
FN:263,(anonymous_20)
FN:273,(anonymous_21)
FNF:22
FNH:20
FNDA:87,isTokenValid
FNDA:68,createGetTokenBody
FNDA:6876,(anonymous_2)
FNDA:4747,(anonymous_3)
FNDA:7592,(anonymous_4)
FNDA:7592,(anonymous_5)
FNDA:6876,(anonymous_6)
FNDA:596,(anonymous_7)
FNDA:53,(anonymous_8)
FNDA:77,(anonymous_9)
FNDA:2,(anonymous_10)
FNDA:86,(anonymous_11)
FNDA:116,(anonymous_12)
FNDA:41,(anonymous_13)
FNDA:832,(anonymous_14)
FNDA:59,(anonymous_15)
FNDA:0,(anonymous_16)
FNDA:424,(anonymous_17)
FNDA:1307,(anonymous_18)
FNDA:3,(anonymous_19)
FNDA:1,(anonymous_20)
FNDA:0,(anonymous_21)
DA:20,87
DA:21,77
DA:23,10
DA:24,10
DA:25,10
DA:26,10
DA:27,2
DA:30,8
DA:35,68
DA:36,68
DA:37,68
DA:38,68
DA:39,68
DA:50,86
DA:51,6876
DA:52,1033
DA:54,5843
DA:55,4747
DA:59,86
DA:60,7592
DA:63,86
DA:64,7592
DA:65,971
DA:67,971
DA:68,6876
DA:71,971
DA:72,6621
DA:73,379
DA:74,596
DA:78,6242
DA:81,86
DA:82,53
DA:86,53
DA:87,3
DA:89,50
DA:92,53
DA:95,111
DA:96,77
DA:100,111
DA:102,66
DA:103,66
DA:104,66
DA:109,111
DA:110,14
DA:114,53
DA:119,86
DA:120,2
DA:131,86
DA:133,86
DA:135,86
DA:136,15
DA:143,71
DA:144,7
DA:151,64
DA:156,5
DA:159,59
DA:160,116
DA:163,59
DA:165,59
DA:166,8
DA:172,51
DA:178,832
DA:179,59
DA:182,59
DA:186,59
DA:187,59
DA:194,59
DA:201,59
DA:203,59
DA:204,59
DA:207,59
DA:208,59
DA:209,2
DA:210,2
DA:212,57
DA:217,86
DA:219,0
DA:220,0
DA:221,0
DA:229,86
DA:230,424
DA:231,0
DA:234,424
DA:235,424
DA:236,17
DA:239,407
DA:247,86
DA:248,1307
DA:249,3
DA:250,3
DA:251,1
DA:253,2
DA:263,86
DA:264,1
DA:273,86
LF:95
LH:91
BRDA:20,0,0,77
BRDA:20,0,1,10
BRDA:26,1,0,2
BRDA:26,1,1,8
BRDA:51,2,0,1033
BRDA:51,2,1,5843
BRDA:51,3,0,6876
BRDA:51,3,1,5929
BRDA:60,4,0,7592
BRDA:60,4,1,1350
BRDA:60,4,2,971
BRDA:64,5,0,971
BRDA:64,5,1,6621
BRDA:72,6,0,379
BRDA:72,6,1,6242
BRDA:82,7,0,0
BRDA:82,7,1,53
BRDA:86,8,0,3
BRDA:86,8,1,50
BRDA:100,9,0,66
BRDA:100,9,1,45
BRDA:102,10,0,66
BRDA:102,10,1,0
BRDA:109,11,0,14
BRDA:109,11,1,97
BRDA:133,12,0,86
BRDA:133,12,1,52
BRDA:135,13,0,15
BRDA:135,13,1,71
BRDA:135,14,0,86
BRDA:135,14,1,17
BRDA:143,15,0,7
BRDA:143,15,1,64
BRDA:143,16,0,71
BRDA:143,16,1,44
BRDA:151,17,0,5
BRDA:151,17,1,59
BRDA:152,18,0,64
BRDA:152,18,1,5
BRDA:152,18,2,5
BRDA:165,19,0,8
BRDA:165,19,1,51
BRDA:182,20,0,25
BRDA:182,20,1,34
BRDA:197,21,0,59
BRDA:197,21,1,35
BRDA:203,22,0,59
BRDA:203,22,1,0
BRDA:203,23,0,59
BRDA:203,23,1,59
BRDA:208,24,0,2
BRDA:208,24,1,57
BRDA:230,25,0,0
BRDA:230,25,1,424
BRDA:235,26,0,17
BRDA:235,26,1,407
BRDA:235,27,0,424
BRDA:235,27,1,17
BRDA:235,27,2,17
BRDA:250,28,0,1
BRDA:250,28,1,2
BRF:61
BRH:57
end_of_record
TN:
SF:app/commerce-api/hooks/useBasket.js
FN:13,useBasket
FN:20,(anonymous_1)
FN:25,(anonymous_2)
FN:30,(anonymous_3)
FN:34,(anonymous_4)
FN:39,(anonymous_5)
FN:40,(anonymous_6)
FN:44,(anonymous_7)
FN:46,(anonymous_8)
FN:59,(anonymous_9)
FN:98,(anonymous_10)
FN:117,(anonymous_11)
FN:126,(anonymous_12)
FN:135,(anonymous_13)
FN:154,(anonymous_14)
FN:172,(anonymous_15)
FN:181,(anonymous_16)
FN:200,(anonymous_17)
FN:218,(anonymous_18)
FN:232,(anonymous_19)
FN:254,(anonymous_20)
FN:284,(anonymous_21)
FN:308,(anonymous_22)
FN:321,(anonymous_23)
FN:338,(anonymous_24)
FN:355,(anonymous_25)
FN:366,(anonymous_26)
FN:390,(anonymous_27)
FN:400,(anonymous_28)
FNF:29
FNH:26
FNDA:1446,useBasket
FNDA:68,(anonymous_1)
FNDA:1445,(anonymous_2)
FNDA:193,(anonymous_3)
FNDA:64,(anonymous_4)
FNDA:102,(anonymous_5)
FNDA:95,(anonymous_6)
FNDA:4,(anonymous_7)
FNDA:0,(anonymous_8)
FNDA:20,(anonymous_9)
FNDA:0,(anonymous_10)
FNDA:1,(anonymous_11)
FNDA:3,(anonymous_12)
FNDA:1,(anonymous_13)
FNDA:2,(anonymous_14)
FNDA:56,(anonymous_15)
FNDA:21,(anonymous_16)
FNDA:4,(anonymous_17)
FNDA:4,(anonymous_18)
FNDA:2,(anonymous_19)
FNDA:2,(anonymous_20)
FNDA:0,(anonymous_21)
FNDA:4,(anonymous_22)
FNDA:1,(anonymous_23)
FNDA:1,(anonymous_24)
FNDA:1,(anonymous_25)
FNDA:2,(anonymous_26)
FNDA:6,(anonymous_27)
FNDA:3,(anonymous_28)
DA:14,1446
DA:15,1446
DA:16,1445
DA:17,1445
DA:18,1445
DA:20,1445
DA:21,68
DA:22,68
DA:25,1445
DA:26,1445
DA:31,193
DA:35,64
DA:40,102
DA:45,4
DA:47,0
DA:60,20
DA:65,20
DA:66,0
DA:70,20
DA:72,20
DA:74,0
DA:77,0
DA:78,0
DA:83,20
DA:84,0
DA:86,20
DA:89,20
DA:99,0
DA:103,0
DA:104,0
DA:106,0
DA:118,1
DA:122,1
DA:123,0
DA:125,1
DA:126,3
DA:136,1
DA:139,1
DA:140,0
DA:142,1
DA:155,2
DA:159,2
DA:160,0
DA:162,2
DA:173,56
DA:174,35
DA:177,21
DA:181,21
DA:182,21
DA:183,21
DA:184,21
DA:187,21
DA:192,21
DA:201,4
DA:210,4
DA:219,4
DA:224,4
DA:233,2
DA:238,2
DA:257,2
DA:260,2
DA:269,2
DA:270,0
DA:278,2
DA:286,0
DA:288,0
DA:289,0
DA:292,0
DA:299,0
DA:309,4
DA:314,4
DA:322,1
DA:327,1
DA:328,0
DA:331,1
DA:339,1
DA:343,1
DA:344,0
DA:347,1
DA:356,1
DA:360,1
DA:367,2
DA:376,2
DA:377,0
DA:383,2
DA:391,6
DA:401,3
DA:410,3
DA:411,0
DA:414,3
DA:419,1445
LF:91
LH:68
BRDA:13,0,0,1345
BRDA:31,1,0,193
BRDA:31,1,1,92
BRDA:35,2,0,64
BRDA:35,2,1,8
BRDA:40,3,0,102
BRDA:40,3,1,7
BRDA:46,4,0,4
BRDA:46,4,1,4
BRDA:65,5,0,0
BRDA:65,5,1,20
BRDA:70,6,0,20
BRDA:70,6,1,20
BRDA:72,7,0,0
BRDA:72,7,1,20
BRDA:77,8,0,0
BRDA:77,8,1,0
BRDA:83,9,0,0
BRDA:83,9,1,20
BRDA:83,10,0,20
BRDA:83,10,1,0
BRDA:103,11,0,0
BRDA:103,11,1,0
BRDA:122,12,0,0
BRDA:122,12,1,1
BRDA:139,13,0,0
BRDA:139,13,1,1
BRDA:159,14,0,0
BRDA:159,14,1,2
BRDA:173,15,0,35
BRDA:173,15,1,21
BRDA:257,16,0,2
BRDA:257,16,1,0
BRDA:269,17,0,0
BRDA:269,17,1,2
BRDA:286,18,0,0
BRDA:286,18,1,0
BRDA:288,19,0,0
BRDA:288,19,1,0
BRDA:327,20,0,0
BRDA:327,20,1,1
BRDA:343,21,0,0
BRDA:343,21,1,1
BRDA:376,22,0,0
BRDA:376,22,1,2
BRDA:376,23,0,2
BRDA:376,23,1,2
BRDA:376,23,2,0
BRDA:376,23,3,0
BRDA:410,24,0,0
BRDA:410,24,1,3
BRF:51
BRH:28
end_of_record
TN:
SF:app/commerce-api/hooks/useCustomer.js
FN:13,useCustomer
FN:17,(anonymous_1)
FN:24,(anonymous_2)
FN:31,(anonymous_3)
FN:38,(anonymous_4)
FN:43,(anonymous_5)
FN:47,(anonymous_6)
FN:64,(anonymous_7)
FN:80,(anonymous_8)
FN:88,(anonymous_9)
FN:106,(anonymous_10)
FN:139,(anonymous_11)
FN:179,(anonymous_12)
FN:217,(anonymous_13)
FN:232,(anonymous_14)
FN:257,(anonymous_15)
FN:275,(anonymous_16)
FN:299,(anonymous_17)
FN:318,(anonymous_18)
FN:332,(anonymous_19)
FN:339,(anonymous_20)
FN:346,(anonymous_21)
FN:351,(anonymous_22)
FNF:23
FNH:22
FNDA:4457,useCustomer
FNDA:1596,(anonymous_1)
FNDA:212,(anonymous_2)
FNDA:747,(anonymous_3)
FNDA:109,(anonymous_4)
FNDA:230,(anonymous_5)
FNDA:193,(anonymous_6)
FNDA:49,(anonymous_7)
FNDA:1,(anonymous_8)
FNDA:8,(anonymous_9)
FNDA:4,(anonymous_10)
FNDA:1,(anonymous_11)
FNDA:1,(anonymous_12)
FNDA:3,(anonymous_13)
FNDA:2,(anonymous_14)
FNDA:3,(anonymous_15)
FNDA:1,(anonymous_16)
FNDA:1,(anonymous_17)
FNDA:1,(anonymous_18)
FNDA:2,(anonymous_19)
FNDA:0,(anonymous_20)
FNDA:2,(anonymous_21)
FNDA:4,(anonymous_22)
DA:11,74
DA:14,4457
DA:15,4451
DA:17,4451
DA:18,1596
DA:25,212
DA:32,747
DA:39,109
DA:44,230
DA:45,37
DA:47,193
DA:48,193
DA:49,0
DA:54,193
DA:65,49
DA:66,47
DA:67,14
DA:69,33
DA:72,32
DA:81,1
DA:82,1
DA:89,8
DA:110,4
DA:120,4
DA:122,2
DA:123,1
DA:127,1
DA:140,1
DA:155,1
DA:161,1
DA:162,0
DA:168,1
DA:180,1
DA:187,1
DA:196,1
DA:197,0
DA:199,0
DA:200,0
DA:205,1
DA:210,1
DA:218,3
DA:221,3
DA:222,1
DA:237,2
DA:242,2
DA:248,2
DA:258,3
DA:260,3
DA:266,3
DA:276,1
DA:285,1
DA:291,1
DA:302,1
DA:310,0
DA:321,1
DA:329,1
DA:333,2
DA:336,2
DA:340,0
DA:343,0
DA:347,2
DA:351,2
DA:352,4
DA:353,4
DA:354,4
DA:357,2
DA:362,4451
LF:67
LH:59
BRDA:44,0,0,37
BRDA:44,0,1,193
BRDA:48,1,0,0
BRDA:48,1,1,193
BRDA:66,2,0,14
BRDA:66,2,1,33
BRDA:122,3,0,1
BRDA:122,3,1,1
BRDA:122,4,0,2
BRDA:122,4,1,1
BRDA:122,4,2,1
BRDA:161,5,0,0
BRDA:161,5,1,1
BRDA:161,6,0,1
BRDA:161,6,1,0
BRDA:161,6,2,0
BRDA:196,7,0,0
BRDA:196,7,1,1
BRDA:199,8,0,0
BRDA:199,8,1,0
BRDA:199,9,0,0
BRDA:199,9,1,0
BRDA:199,9,2,0
BRDA:221,10,0,1
BRDA:221,10,1,2
BRDA:221,11,0,3
BRDA:221,11,1,1
BRDA:221,11,2,1
BRF:28
BRH:18
end_of_record
TN:
SF:app/commerce-api/hooks/useCustomerProductList.js
FN:15,(anonymous_0)
FN:18,(anonymous_1)
FN:22,(anonymous_2)
FN:26,(anonymous_3)
FN:30,(anonymous_4)
FN:34,(anonymous_5)
FN:40,(anonymous_6)
FN:47,(anonymous_7)
FN:57,(anonymous_8)
FN:71,(anonymous_9)
FN:80,(anonymous_10)
FN:89,(anonymous_11)
FN:98,(anonymous_12)
FNF:13
FNH:13
FNDA:216,(anonymous_0)
FNDA:57,(anonymous_1)
FNDA:117,(anonymous_2)
FNDA:2,(anonymous_3)
FNDA:1,(anonymous_4)
FNDA:109,(anonymous_5)
FNDA:1,(anonymous_6)
FNDA:1,(anonymous_7)
FNDA:2,(anonymous_8)
FNDA:1,(anonymous_9)
FNDA:1,(anonymous_10)
FNDA:1,(anonymous_11)
FNDA:64,(anonymous_12)
DA:15,70
DA:17,216
DA:18,216
DA:19,57
DA:23,117
DA:27,2
DA:31,1
DA:35,109
DA:41,1
DA:48,1
DA:58,2
DA:59,1
DA:60,1
DA:62,1
DA:72,1
DA:81,1
DA:90,1
DA:99,64
DA:100,64
DA:102,0
DA:106,216
LF:21
LH:20
BRDA:27,0,0,2
BRDA:27,0,1,0
BRDA:58,1,0,1
BRDA:58,1,1,1
BRDA:99,2,0,64
BRDA:99,2,1,0
BRF:6
BRH:4
end_of_record
TN:
SF:app/commerce-api/hooks/useCustomerProductLists.js
FN:24,useCustomerProductLists
FN:29,(anonymous_1)
FN:37,(anonymous_2)
FN:49,(anonymous_3)
FN:58,(anonymous_4)
FN:75,(anonymous_5)
FN:92,(anonymous_6)
FN:105,(anonymous_7)
FN:109,(anonymous_8)
FN:113,(anonymous_9)
FN:120,(anonymous_10)
FN:131,(anonymous_11)
FN:142,(anonymous_12)
FN:165,(anonymous_13)
FN:171,(anonymous_14)
FN:190,(anonymous_15)
FN:204,(anonymous_16)
FN:222,(anonymous_17)
FN:233,(anonymous_18)
FN:250,(anonymous_19)
FN:259,(anonymous_20)
FN:270,(anonymous_21)
FN:271,(anonymous_22)
FN:278,(anonymous_23)
FN:300,(anonymous_24)
FN:301,(anonymous_25)
FN:303,(anonymous_26)
FN:321,(anonymous_27)
FN:325,(anonymous_28)
FN:333,(anonymous_29)
FN:337,(anonymous_30)
FN:346,(anonymous_31)
FN:349,(anonymous_32)
FNF:33
FNH:4
FNDA:209,useCustomerProductLists
FNDA:0,(anonymous_1)
FNDA:0,(anonymous_2)
FNDA:0,(anonymous_3)
FNDA:0,(anonymous_4)
FNDA:0,(anonymous_5)
FNDA:0,(anonymous_6)
FNDA:50,(anonymous_7)
FNDA:50,(anonymous_8)
FNDA:0,(anonymous_9)
FNDA:0,(anonymous_10)
FNDA:0,(anonymous_11)
FNDA:0,(anonymous_12)
FNDA:0,(anonymous_13)
FNDA:0,(anonymous_14)
FNDA:0,(anonymous_15)
FNDA:0,(anonymous_16)
FNDA:0,(anonymous_17)
FNDA:0,(anonymous_18)
FNDA:0,(anonymous_19)
FNDA:0,(anonymous_20)
FNDA:0,(anonymous_21)
FNDA:0,(anonymous_22)
FNDA:0,(anonymous_23)
FNDA:0,(anonymous_24)
FNDA:0,(anonymous_25)
FNDA:0,(anonymous_26)
FNDA:106,(anonymous_27)
FNDA:0,(anonymous_28)
FNDA:0,(anonymous_29)
FNDA:0,(anonymous_30)
FNDA:0,(anonymous_31)
FNDA:0,(anonymous_32)
DA:25,209
DA:26,209
DA:27,209
DA:29,209
DA:30,0
DA:37,209
DA:38,0
DA:49,209
DA:50,0
DA:58,209
DA:59,0
DA:60,0
DA:75,209
DA:76,0
DA:77,0
DA:92,209
DA:93,0
DA:105,209
DA:106,50
DA:110,50
DA:114,0
DA:121,0
DA:122,0
DA:123,0
DA:132,0
DA:133,0
DA:134,0
DA:143,0
DA:144,0
DA:146,0
DA:148,0
DA:151,0
DA:152,0
DA:166,0
DA:167,0
DA:171,0
DA:173,0
DA:174,0
DA:177,0
DA:178,0
DA:181,0
DA:182,0
DA:191,0
DA:192,0
DA:193,0
DA:205,0
DA:206,0
DA:207,0
DA:208,0
DA:209,0
DA:211,0
DA:212,0
DA:213,0
DA:223,0
DA:224,0
DA:234,0
DA:235,0
DA:236,0
DA:239,0
DA:241,0
DA:255,0
DA:256,0
DA:259,0
DA:260,0
DA:269,0
DA:270,0
DA:272,0
DA:279,0
DA:282,0
DA:284,0
DA:289,0
DA:290,0
DA:301,0
DA:302,0
DA:303,0
DA:305,0
DA:310,0
DA:322,106
DA:323,106
DA:325,0
DA:334,0
DA:335,0
DA:337,0
DA:347,0
DA:349,0
DA:353,209
LF:86
LH:15
BRDA:143,0,0,0
BRDA:143,0,1,0
BRDA:146,1,0,0
BRDA:146,1,1,0
BRDA:166,2,0,0
BRDA:166,2,1,0
BRDA:173,3,0,0
BRDA:173,3,1,0
BRDA:177,4,0,0
BRDA:177,4,1,0
BRDA:177,5,0,0
BRDA:177,5,1,0
BRDA:206,6,0,0
BRDA:206,6,1,0
BRDA:235,7,0,0
BRDA:235,7,1,0
BRDA:255,8,0,0
BRDA:255,8,1,0
BRDA:322,9,0,106
BRDA:322,9,1,0
BRDA:334,10,0,0
BRDA:334,10,1,0
BRF:22
BRH:1
end_of_record
TN:
SF:app/commerce-api/hooks/useEinstein.js
FN:10,(anonymous_0)
FN:19,(anonymous_1)
FN:22,(anonymous_2)
FN:25,(anonymous_3)
FN:28,(anonymous_4)
FN:31,(anonymous_5)
FN:34,(anonymous_6)
FN:37,(anonymous_7)
FN:40,(anonymous_8)
FN:43,(anonymous_9)
FN:46,(anonymous_10)
FN:49,(anonymous_11)
FN:52,(anonymous_12)
FN:55,(anonymous_13)
FN:56,(anonymous_14)
FN:60,(anonymous_15)
FN:61,(anonymous_16)
FNF:17
FNH:11
FNDA:1734,(anonymous_0)
FNDA:17,(anonymous_1)
FNDA:2,(anonymous_2)
FNDA:0,(anonymous_3)
FNDA:8,(anonymous_4)
FNDA:0,(anonymous_5)
FNDA:25,(anonymous_6)
FNDA:4,(anonymous_7)
FNDA:16,(anonymous_8)
FNDA:16,(anonymous_9)
FNDA:0,(anonymous_10)
FNDA:3,(anonymous_11)
FNDA:0,(anonymous_12)
FNDA:16,(anonymous_13)
FNDA:16,(anonymous_14)
FNDA:0,(anonymous_15)
FNDA:0,(anonymous_16)
DA:10,70
DA:11,1734
DA:12,1734
DA:14,1734
DA:20,17
DA:23,2
DA:26,0
DA:29,8
DA:32,0
DA:35,25
DA:38,4
DA:41,16
DA:44,16
DA:47,0
DA:50,3
DA:53,0
DA:56,16
DA:57,16
DA:58,16
DA:61,0
DA:62,0
DA:63,0
LF:22
LH:15
BRF:0
BRH:0
end_of_record
TN:
SF:app/commerce-api/hooks/useRefinementToggle.js
FN:12,(anonymous_0)
FN:22,(anonymous_1)
FN:29,(anonymous_2)
FN:39,(anonymous_3)
FNF:4
FNH:0
FNDA:0,(anonymous_0)
FNDA:0,(anonymous_1)
FNDA:0,(anonymous_2)
FNDA:0,(anonymous_3)
DA:12,0
DA:13,0
DA:14,0
DA:23,0
DA:24,0
DA:25,0
DA:26,0
DA:28,0
DA:29,0
DA:31,0
DA:40,0
LF:11
LH:0
BRDA:23,0,0,0
BRDA:23,0,1,0
BRDA:24,1,0,0
BRDA:24,1,1,0
BRF:4
BRH:0
end_of_record
TN:
SF:app/commerce-api/hooks/useSearchSuggestions.js
FN:13,(anonymous_0)
FN:23,(anonymous_1)
FN:35,(anonymous_2)
FNF:3
FNH:3
FNDA:109,(anonymous_0)
FNDA:4,(anonymous_1)
FNDA:42,(anonymous_2)
DA:13,3
DA:14,109
DA:15,109
DA:16,109
DA:24,4
DA:25,4
DA:30,4
DA:36,42
LF:8
LH:8
BRF:0
BRH:0
end_of_record
TN:
SF:app/commerce-api/hooks/useShopper.js
FN:16,(anonymous_0)
FN:22,(anonymous_1)
FN:27,(anonymous_2)
FN:62,(anonymous_3)
FN:68,(anonymous_4)
FN:73,(anonymous_5)
FN:75,(anonymous_6)
FNF:7
FNH:7
FNDA:103,(anonymous_0)
FNDA:17,(anonymous_1)
FNDA:55,(anonymous_2)
FNDA:34,(anonymous_3)
FNDA:101,(anonymous_4)
FNDA:56,(anonymous_5)
FNDA:35,(anonymous_6)
DA:16,4
DA:17,103
DA:18,103
DA:19,101
DA:22,101
DA:23,17
DA:27,101
DA:28,55
DA:31,55
DA:32,20
DA:33,20
DA:38,35
DA:43,0
DA:44,0
DA:50,35
DA:56,3
DA:57,3
DA:62,101
DA:63,34
DA:64,3
DA:68,101
DA:70,101
DA:71,60
DA:72,56
DA:73,56
DA:74,56
DA:75,35
DA:78,56
DA:83,101
LF:29
LH:27
BRDA:16,0,0,97
BRDA:31,1,0,20
BRDA:31,1,1,35
BRDA:31,2,0,55
BRDA:31,2,1,36
BRDA:38,3,0,0
BRDA:38,3,1,35
BRDA:39,4,0,35
BRDA:39,4,1,16
BRDA:39,4,2,16
BRDA:50,5,0,3
BRDA:50,5,1,32
BRDA:51,6,0,35
BRDA:51,6,1,16
BRDA:51,6,2,3
BRDA:51,6,3,3
BRDA:63,7,0,3
BRDA:63,7,1,31
BRDA:70,8,0,60
BRDA:70,8,1,41
BRDA:70,9,0,101
BRDA:70,9,1,80
BRDA:71,10,0,56
BRDA:71,10,1,4
BRDA:74,11,0,35
BRDA:74,11,1,21
BRF:26
BRH:25
end_of_record
TN:
SF:app/components/_app/index.jsx
FN:59,(anonymous_0)
FN:91,(anonymous_1)
FN:103,(anonymous_2)
FN:105,(anonymous_3)
FN:110,(anonymous_4)
FN:116,(anonymous_5)
FN:126,(anonymous_6)
FN:134,(anonymous_7)
FN:146,(anonymous_8)
FN:154,(anonymous_9)
FN:184,(anonymous_10)
FN:270,(anonymous_11)
FN:275,(anonymous_12)
FN:279,(anonymous_13)
FNF:14
FNH:6
FNDA:6,(anonymous_0)
FNDA:4,(anonymous_1)
FNDA:2,(anonymous_2)
FNDA:0,(anonymous_3)
FNDA:2,(anonymous_4)
FNDA:0,(anonymous_5)
FNDA:0,(anonymous_6)
FNDA:0,(anonymous_7)
FNDA:0,(anonymous_8)
FNDA:0,(anonymous_9)
FNDA:18,(anonymous_10)
FNDA:2,(anonymous_11)
FNDA:0,(anonymous_12)
FNDA:0,(anonymous_13)
DA:59,1
DA:65,6
DA:67,6
DA:69,6
DA:70,6
DA:71,6
DA:72,6
DA:73,6
DA:75,6
DA:76,6
DA:78,6
DA:81,6
DA:83,6
DA:85,6
DA:88,6
DA:90,6
DA:91,6
DA:92,4
DA:93,4
DA:95,0
DA:96,0
DA:98,0
DA:99,0
DA:103,6
DA:105,2
DA:106,0
DA:110,6
DA:113,2
DA:116,6
DA:118,0
DA:120,0
DA:123,0
DA:126,6
DA:127,0
DA:128,0
DA:131,0
DA:134,6
DA:136,0
DA:137,0
DA:138,0
DA:141,0
DA:142,0
DA:146,6
DA:147,0
DA:148,0
DA:151,6
DA:155,0
DA:158,0
DA:159,0
DA:161,0
DA:185,18
DA:270,1
DA:272,2
DA:275,1
DA:276,0
DA:277,0
DA:278,0
DA:296,0
DA:298,0
DA:302,0
DA:305,0
DA:308,0
DA:315,0
DA:317,0
DA:323,0
DA:328,0
DA:330,0
DA:338,1
LF:68
LH:33
BRDA:62,0,0,0
BRDA:63,1,0,0
BRDA:64,2,0,6
BRDA:85,3,0,6
BRDA:85,3,1,6
BRDA:92,4,0,4
BRDA:92,4,1,0
BRDA:95,5,0,0
BRDA:95,5,1,0
BRDA:98,6,0,0
BRDA:98,6,1,0
BRDA:136,7,0,0
BRDA:136,7,1,0
BRDA:141,8,0,0
BRDA:141,8,1,0
BRDA:155,9,0,0
BRDA:155,9,1,0
BRDA:208,10,0,6
BRDA:208,10,1,0
BRDA:234,11,0,6
BRDA:234,11,1,0
BRDA:258,12,0,6
BRDA:258,12,1,0
BRDA:315,13,0,0
BRDA:315,13,1,0
BRDA:317,14,0,0
BRDA:317,14,1,0
BRF:27
BRH:7
end_of_record
TN:
SF:app/components/_app-config/index.jsx
FN:36,(anonymous_0)
FN:55,(anonymous_1)
FN:78,(anonymous_2)
FN:80,(anonymous_3)
FNF:4
FNH:4
FNDA:1,(anonymous_0)
FNDA:2,(anonymous_1)
FNDA:1,(anonymous_2)
FNDA:1,(anonymous_3)
DA:36,1
DA:37,1
DA:38,1
DA:40,1
DA:55,1
DA:57,2
DA:60,2
DA:61,2
DA:62,2
DA:64,2
DA:65,2
DA:70,2
DA:72,2
DA:73,2
DA:74,2
DA:75,2
DA:78,1
DA:80,1
DA:81,1
DA:89,1
LF:20
LH:20
BRDA:36,0,0,1
BRDA:55,1,0,1
BRDA:57,2,0,0
BRDA:57,2,1,2
BRDA:73,3,0,2
BRDA:73,3,1,0
BRDA:80,4,0,0
BRF:7
BRH:4
end_of_record
TN:
SF:app/components/_error/index.jsx
FN:23,(anonymous_0)
FN:47,(anonymous_1)
FN:102,(anonymous_2)
FNF:3
FNH:1
FNDA:3,(anonymous_0)
FNDA:0,(anonymous_1)
FNDA:0,(anonymous_2)
DA:23,1
DA:24,3
DA:25,3
DA:27,3
DA:28,3
DA:47,0
DA:102,0
DA:133,1
LF:8
LH:6
BRDA:75,0,0,3
BRDA:75,0,1,0
BRDA:107,1,0,3
BRDA:107,1,1,1
BRF:4
BRH:3
end_of_record
TN:
SF:app/components/action-card/index.jsx
FN:19,(anonymous_0)
FN:22,(anonymous_1)
FNF:2
FNH:2
FNDA:111,(anonymous_0)
FNDA:2,(anonymous_1)
DA:19,7
DA:20,111
DA:22,111
DA:23,2
DA:24,2
DA:25,2
DA:27,0
DA:28,0
DA:32,111
DA:65,7
LF:10
LH:8
BRDA:42,0,0,111
BRDA:42,0,1,2
BRDA:46,1,0,111
BRDA:46,1,1,72
BRDA:51,2,0,111
BRDA:51,2,1,105
BRF:6
BRH:6
end_of_record
TN:
SF:app/components/address-display/index.jsx
FN:11,(anonymous_0)
FNF:1
FNH:1
FNDA:199,(anonymous_0)
DA:11,7
DA:12,199
DA:26,7
LF:3
LH:3
BRF:0
BRH:0
end_of_record
TN:
SF:app/components/basic-tile/index.jsx
FN:20,(anonymous_0)
FNF:1
FNH:1
FNDA:1,(anonymous_0)
DA:20,1
DA:21,1
DA:22,1
DA:23,1
DA:54,1
DA:56,1
LF:6
LH:6
BRF:0
BRH:0
end_of_record
TN:
SF:app/components/breadcrumb/index.jsx
FN:32,(anonymous_0)
FN:43,(anonymous_1)
FNF:2
FNH:2
FNDA:25,(anonymous_0)
FNDA:3,(anonymous_1)
DA:32,12
DA:33,25
DA:34,25
DA:36,25
DA:44,3
DA:58,12
DA:60,12
LF:7
LH:7
BRF:0
BRH:0
end_of_record
TN:
SF:app/components/confirmation-modal/index.jsx
FN:24,(anonymous_0)
FN:35,(anonymous_1)
FN:40,(anonymous_2)
FNF:3
FNH:3
FNDA:94,(anonymous_0)
FNDA:5,(anonymous_1)
FNDA:1,(anonymous_2)
DA:24,9
DA:33,94
DA:35,94
DA:36,5
DA:37,5
DA:40,94
DA:41,1
DA:42,1
DA:45,94
DA:72,9
LF:10
LH:10
BRDA:25,0,0,11
BRDA:26,1,0,11
BRDA:27,2,0,11
BRDA:28,3,0,11
BRDA:29,4,0,7
BRDA:30,5,0,60
BRF:6
BRH:6
end_of_record
TN:
SF:app/components/drawer-menu/index.jsx
FN:66,(anonymous_0)
FN:81,(anonymous_1)
FN:93,(anonymous_2)
FN:100,(anonymous_3)
FN:103,(anonymous_4)
FN:142,(anonymous_5)
FN:182,(anonymous_6)
FN:185,(anonymous_7)
FN:284,(anonymous_8)
FN:302,(anonymous_9)
FNF:10
FNH:6
FNDA:6,(anonymous_0)
FNDA:10,(anonymous_1)
FNDA:0,(anonymous_2)
FNDA:30,(anonymous_3)
FNDA:4,(anonymous_4)
FNDA:1,(anonymous_5)
FNDA:0,(anonymous_6)
FNDA:0,(anonymous_7)
FNDA:0,(anonymous_8)
FNDA:24,(anonymous_9)
DA:61,2
DA:62,2
DA:63,2
DA:64,2
DA:66,2
DA:67,6
DA:73,2
DA:74,2
DA:81,2
DA:82,10
DA:83,10
DA:84,10
DA:85,10
DA:86,10
DA:87,10
DA:88,10
DA:89,10
DA:90,10
DA:91,10
DA:92,10
DA:93,10
DA:94,0
DA:95,0
DA:96,0
DA:97,0
DA:100,30
DA:101,10
DA:103,10
DA:104,4
DA:107,10
DA:143,1
DA:183,0
DA:186,0
DA:286,0
DA:289,0
DA:302,24
DA:391,2
DA:393,2
LF:38
LH:30
BRDA:81,0,0,4
BRDA:81,1,0,4
BRDA:130,2,0,10
BRDA:130,2,1,0
BRDA:133,3,0,2
BRDA:133,3,1,8
BRDA:143,4,0,0
BRDA:143,4,1,1
BRDA:180,5,0,0
BRDA:180,5,1,10
BRDA:186,6,0,0
BRDA:186,6,1,0
BRDA:278,7,0,10
BRDA:278,7,1,10
BRF:14
BRH:9
end_of_record
TN:
SF:app/components/dynamic-image/index.jsx
FN:21,(anonymous_0)
FN:26,(anonymous_1)
FNF:2
FNH:2
FNDA:683,(anonymous_0)
FNDA:683,(anonymous_1)
DA:21,70
DA:22,683
DA:23,683
DA:25,683
DA:26,683
DA:30,683
DA:37,70
LF:7
LH:7
BRDA:22,0,0,0
BRDA:22,0,1,683
BRF:2
BRH:1
end_of_record
TN:
SF:app/components/field/index.jsx
FN:23,(anonymous_0)
FN:49,(anonymous_1)
FN:89,(anonymous_2)
FN:102,(anonymous_3)
FN:113,(anonymous_4)
FNF:5
FNH:4
FNDA:1187,(anonymous_0)
FNDA:1708,(anonymous_1)
FNDA:0,(anonymous_2)
FNDA:3122,(anonymous_3)
FNDA:1,(anonymous_4)
DA:23,70
DA:38,1187
DA:39,1187
DA:41,1187
DA:43,1187
DA:51,1708
DA:53,1708
DA:89,0
DA:103,3122
DA:113,1
DA:136,70
LF:11
LH:10
BRDA:27,0,0,0
BRDA:28,1,0,1081
BRDA:29,2,0,58
BRDA:39,3,0,1187
BRDA:39,3,1,0
BRDA:41,4,0,193
BRDA:41,4,1,994
BRDA:41,5,0,1187
BRDA:41,5,1,193
BRDA:41,6,0,0
BRDA:41,6,1,994
BRDA:51,7,0,230
BRDA:51,7,1,1478
BRDA:55,8,0,1708
BRDA:55,8,1,1647
BRDA:55,8,2,1534
BRDA:55,8,3,1446
BRDA:60,9,0,1708
BRDA:60,9,1,1423
BRDA:73,10,0,1708
BRDA:73,10,1,113
BRDA:83,11,0,1708
BRDA:83,11,1,299
BRDA:94,12,0,1708
BRDA:94,12,1,111
BRDA:110,13,0,1708
BRDA:110,13,1,61
BRDA:117,14,0,61
BRDA:117,14,1,61
BRDA:124,15,0,1708
BRDA:124,15,1,2
BRDA:124,15,2,2
BRF:32
BRH:29
end_of_record
TN:
SF:app/components/footer/index.jsx
FN:34,(anonymous_0)
FN:41,(anonymous_1)
FN:136,(anonymous_2)
FN:149,(anonymous_3)
FN:190,(anonymous_4)
FN:228,(anonymous_5)
FNF:6
FNH:5
FNDA:8,(anonymous_0)
FNDA:24,(anonymous_1)
FNDA:0,(anonymous_2)
FNDA:24,(anonymous_3)
FNDA:16,(anonymous_4)
FNDA:16,(anonymous_5)
DA:34,2
DA:35,8
DA:36,8
DA:37,8
DA:38,8
DA:39,8
DA:41,24
DA:42,8
DA:44,8
DA:137,0
DA:140,0
DA:144,0
DA:150,24
DA:190,2
DA:191,16
DA:192,16
DA:194,16
DA:228,2
DA:229,16
DA:230,16
DA:260,2
LF:21
LH:18
BRDA:126,0,0,8
BRDA:126,0,1,8
BRF:2
BRH:2
end_of_record
TN:
SF:app/components/forms/address-fields.jsx
FN:14,(anonymous_0)
FNF:1
FNH:1
FNDA:53,(anonymous_0)
DA:14,6
DA:15,53
DA:16,53
DA:18,53
DA:41,6
LF:5
LH:5
BRDA:14,0,0,53
BRDA:36,1,0,53
BRDA:36,1,1,42
BRF:3
BRH:3
end_of_record
TN:
SF:app/components/forms/credit-card-fields.jsx
FN:17,(anonymous_0)
FN:60,(anonymous_1)
FN:62,(anonymous_2)
FN:85,(anonymous_3)
FN:87,(anonymous_4)
FN:106,(anonymous_5)
FNF:6
FNH:6
FNDA:41,(anonymous_0)
FNDA:41,(anonymous_1)
FNDA:32,(anonymous_2)
FNDA:49,(anonymous_3)
FNDA:8,(anonymous_4)
FNDA:8,(anonymous_5)
DA:17,6
DA:18,41
DA:19,41
DA:24,41
DA:26,41
DA:32,41
DA:44,41
DA:60,41
DA:63,32
DA:64,32
DA:65,32
DA:68,32
DA:69,32
DA:85,49
DA:88,8
DA:92,8
DA:93,0
DA:97,8
DA:98,0
DA:100,8
DA:101,6
DA:104,8
DA:107,8
DA:108,0
DA:109,0
DA:133,6
LF:26
LH:22
BRDA:17,0,0,41
BRDA:32,1,0,0
BRDA:32,1,1,41
BRDA:65,2,0,30
BRDA:65,2,1,2
BRDA:68,3,0,32
BRDA:68,3,1,2
BRDA:73,4,0,41
BRDA:73,4,1,37
BRDA:73,4,2,35
BRDA:92,5,0,0
BRDA:92,5,1,8
BRDA:97,6,0,0
BRDA:97,6,1,8
BRDA:100,7,0,6
BRDA:100,7,1,2
BRDA:107,8,0,0
BRDA:107,8,1,8
BRDA:107,9,0,8
BRDA:107,9,1,8
BRF:20
BRH:16
end_of_record
TN:
SF:app/components/forms/form-action-buttons.jsx
FN:17,(anonymous_0)
FN:22,(anonymous_1)
FNF:2
FNH:1
FNDA:88,(anonymous_0)
FNDA:0,(anonymous_1)
DA:17,7
DA:24,88
DA:47,7
LF:3
LH:3
BRDA:18,0,0,88
BRDA:19,1,0,88
BRDA:22,2,0,0
BRDA:27,3,0,29
BRDA:27,3,1,59
BRDA:34,4,0,0
BRDA:34,4,1,88
BRF:7
BRH:5
end_of_record
TN:
SF:app/components/forms/login-fields.jsx
FN:13,(anonymous_0)
FNF:1
FNH:1
FNDA:33,(anonymous_0)
DA:13,70
DA:14,33
DA:16,33
DA:24,70
LF:4
LH:4
BRDA:13,0,0,33
BRF:1
BRH:1
end_of_record
TN:
SF:app/components/forms/password-requirements.jsx
FN:17,(anonymous_0)
FN:50,(anonymous_1)
FNF:2
FNH:2
FNDA:340,(anonymous_0)
FNDA:68,(anonymous_1)
DA:17,70
DA:18,340
DA:28,340
DA:38,70
DA:50,70
DA:51,68
DA:53,68
DA:94,70
LF:8
LH:8
BRDA:20,0,0,229
BRDA:20,0,1,111
BRDA:21,1,0,229
BRDA:21,1,1,111
BRDA:22,2,0,229
BRDA:22,2,1,111
BRDA:23,3,0,229
BRDA:23,3,1,111
BRDA:24,4,0,111
BRDA:24,4,1,229
BRF:10
BRH:10
end_of_record
TN:
SF:app/components/forms/post-checkout-registration-fields.jsx
FN:14,(anonymous_0)
FNF:1
FNH:1
FNDA:32,(anonymous_0)
DA:14,1
DA:15,32
DA:16,32
DA:18,32
DA:35,1
LF:5
LH:5
BRDA:14,0,0,32
BRF:1
BRH:1
end_of_record
TN:
SF:app/components/forms/profile-fields.jsx
FN:13,(anonymous_0)
FNF:1
FNH:1
FNDA:5,(anonymous_0)
DA:13,4
DA:14,5
DA:16,5
DA:28,4
LF:4
LH:4
BRDA:13,0,0,5
BRF:1
BRH:1
end_of_record
TN:
SF:app/components/forms/promo-code-fields.jsx
FN:14,(anonymous_0)
FNF:1
FNH:1
FNDA:79,(anonymous_0)
DA:14,7
DA:15,79
DA:17,79
DA:19,79
DA:35,7
LF:5
LH:5
BRDA:14,0,0,79
BRF:1
BRH:1
end_of_record
TN:
SF:app/components/forms/registration-fields.jsx
FN:14,(anonymous_0)
FNF:1
FNH:1
FNDA:17,(anonymous_0)
DA:14,70
DA:15,17
DA:16,17
DA:18,17
DA:34,70
LF:5
LH:5
BRDA:14,0,0,17
BRF:1
BRH:1
end_of_record
TN:
SF:app/components/forms/reset-password-fields.jsx
FN:13,(anonymous_0)
FNF:1
FNH:1
FNDA:21,(anonymous_0)
DA:13,70
DA:14,21
DA:16,21
DA:23,70
LF:4
LH:4
BRDA:13,0,0,21
BRF:1
BRH:1
end_of_record
TN:
SF:app/components/forms/state-province-options.jsx
FNF:0
FNH:0
DA:7,6
DA:61,6
LF:2
LH:2
BRF:0
BRH:0
end_of_record
TN:
SF:app/components/forms/update-password-fields.jsx
FN:15,(anonymous_0)
FN:24,(anonymous_1)
FNF:2
FNH:2
FNDA:19,(anonymous_0)
FNDA:1,(anonymous_1)
DA:15,4
DA:16,19
DA:17,19
DA:19,19
DA:24,1
DA:41,4
LF:6
LH:6
BRDA:15,0,0,19
BRF:1
BRH:1
end_of_record
TN:
SF:app/components/forms/useAddressFields.jsx
FN:37,useAddressFields
FN:83,(anonymous_1)
FN:85,(anonymous_2)
FNF:3
FNH:3
FNDA:53,useAddressFields
FNDA:87,(anonymous_1)
FNDA:34,(anonymous_2)
DA:11,6
DA:38,53
DA:40,53
DA:42,53
DA:83,87
DA:86,34
DA:185,53
LF:7
LH:7
BRDA:37,0,0,0
BRDA:139,1,0,0
BRDA:139,1,1,53
BRDA:144,2,0,0
BRDA:144,2,1,53
BRDA:152,3,0,0
BRDA:152,3,1,53
BRDA:160,4,0,0
BRDA:160,4,1,53
BRDA:169,5,0,0
BRDA:169,5,1,53
BRF:11
BRH:5
end_of_record
TN:
SF:app/components/forms/useCreditCardFields.jsx
FN:45,useCreditCardFields
FN:59,(anonymous_1)
FN:86,(anonymous_2)
FN:104,(anonymous_3)
FN:124,(anonymous_4)
FN:128,(anonymous_5)
FN:131,(anonymous_6)
FNF:7
FNH:7
FNDA:41,useCreditCardFields
FNDA:2,(anonymous_1)
FNDA:2,(anonymous_2)
FNDA:2,(anonymous_3)
FNDA:2,(anonymous_4)
FNDA:47,(anonymous_5)
FNDA:6,(anonymous_6)
DA:10,6
DA:46,41
DA:48,41
DA:60,2
DA:87,2
DA:105,2
DA:125,2
DA:128,47
DA:132,6
DA:139,41
LF:10
LH:10
BRDA:45,0,0,0
BRDA:60,1,0,2
BRDA:60,1,1,0
BRDA:87,2,0,2
BRDA:87,2,1,0
BRDA:105,3,0,2
BRDA:105,3,1,0
BRDA:125,4,0,2
BRDA:125,4,1,0
BRF:9
BRH:4
end_of_record
TN:
SF:app/components/forms/useLoginFields.jsx
FN:9,useLoginFields
FNF:1
FNH:1
FNDA:131,useLoginFields
DA:10,131
DA:12,131
DA:47,131
LF:3
LH:3
BRDA:9,0,0,98
BRF:1
BRH:1
end_of_record
TN:
SF:app/components/forms/useProfileFields.jsx
FN:10,useProfileFields
FN:78,(anonymous_1)
FN:79,(anonymous_2)
FNF:3
FNH:3
FNDA:5,useProfileFields
FNDA:6,(anonymous_1)
FNDA:10,(anonymous_2)
DA:11,5
DA:13,5
DA:78,6
DA:80,10
DA:87,5
LF:5
LH:5
BRDA:10,0,0,0
BRF:1
BRH:0
end_of_record
TN:
SF:app/components/forms/usePromoCodeFields.jsx
FN:9,usePromoCodeFields
FNF:1
FNH:1
FNDA:79,usePromoCodeFields
DA:10,79
DA:12,79
DA:32,79
LF:3
LH:3
BRDA:9,0,0,0
BRF:1
BRH:0
end_of_record
TN:
SF:app/components/forms/useRegistrationFields.jsx
FN:10,useRegistrationFields
FN:80,(anonymous_1)
FN:86,(anonymous_2)
FN:92,(anonymous_3)
FN:98,(anonymous_4)
FN:104,(anonymous_5)
FNF:6
FNH:6
FNDA:49,useRegistrationFields
FNDA:4,(anonymous_1)
FNDA:4,(anonymous_2)
FNDA:4,(anonymous_3)
FNDA:4,(anonymous_4)
FNDA:4,(anonymous_5)
DA:11,49
DA:13,49
DA:81,4
DA:87,4
DA:93,4
DA:99,4
DA:105,4
DA:129,49
LF:8
LH:8
BRDA:10,0,0,0
BRDA:81,1,0,4
BRDA:81,1,1,0
BRDA:87,2,0,4
BRDA:87,2,1,0
BRDA:93,3,0,4
BRDA:93,3,1,0
BRDA:99,4,0,4
BRDA:99,4,1,0
BRDA:105,5,0,4
BRDA:105,5,1,0
BRF:11
BRH:5
end_of_record
TN:
SF:app/components/forms/useResetPasswordFields.jsx
FN:9,useResetPasswordFields
FNF:1
FNH:1
FNDA:21,useResetPasswordFields
DA:10,21
DA:12,21
DA:33,21
LF:3
LH:3
BRDA:9,0,0,0
BRF:1
BRH:0
end_of_record
TN:
SF:app/components/forms/useUpdatePasswordFields.jsx
FN:10,useUpdatePasswordFields
FN:45,(anonymous_1)
FN:51,(anonymous_2)
FN:57,(anonymous_3)
FN:63,(anonymous_4)
FN:69,(anonymous_5)
FNF:6
FNH:6
FNDA:19,useUpdatePasswordFields
FNDA:1,(anonymous_1)
FNDA:1,(anonymous_2)
FNDA:1,(anonymous_3)
FNDA:1,(anonymous_4)
FNDA:1,(anonymous_5)
DA:11,19
DA:13,19
DA:46,1
DA:52,1
DA:58,1
DA:64,1
DA:70,1
DA:82,19
LF:8
LH:8
BRDA:10,0,0,0
BRDA:46,1,0,1
BRDA:46,1,1,0
BRDA:52,2,0,1
BRDA:52,2,1,0
BRDA:58,3,0,1
BRDA:58,3,1,0
BRDA:64,4,0,1
BRDA:64,4,1,0
BRDA:70,5,0,1
BRDA:70,5,1,0
BRF:11
BRH:5
end_of_record
TN:
SF:app/components/header/index.jsx
FN:72,(anonymous_0)
FN:96,(anonymous_1)
FN:104,(anonymous_2)
FN:105,(anonymous_3)
FN:108,(anonymous_4)
FN:110,(anonymous_5)
FN:155,(anonymous_6)
FN:178,(anonymous_7)
FN:189,(anonymous_8)
FN:193,(anonymous_9)
FN:208,(anonymous_10)
FNF:11
FNH:3
FNDA:33,(anonymous_0)
FNDA:0,(anonymous_1)
FNDA:0,(anonymous_2)
FNDA:0,(anonymous_3)
FNDA:0,(anonymous_4)
FNDA:0,(anonymous_5)
FNDA:1,(anonymous_6)
FNDA:0,(anonymous_7)
FNDA:0,(anonymous_8)
FNDA:0,(anonymous_9)
FNDA:30,(anonymous_10)
DA:52,2
DA:54,2
DA:72,2
DA:81,33
DA:82,33
DA:83,33
DA:84,33
DA:86,33
DA:87,33
DA:89,33
DA:92,33
DA:94,33
DA:96,33
DA:97,0
DA:98,0
DA:99,0
DA:100,0
DA:103,33
DA:104,0
DA:105,0
DA:108,33
DA:110,0
DA:111,0
DA:115,33
DA:156,1
DA:179,0
DA:190,0
DA:191,0
DA:194,0
DA:209,30
DA:210,30
DA:277,2
LF:32
LH:20
BRDA:74,0,0,25
BRDA:75,1,0,12
BRDA:76,2,0,25
BRDA:77,3,0,25
BRDA:78,4,0,14
BRDA:111,5,0,0
BRDA:111,5,1,0
BRDA:118,6,0,33
BRDA:118,6,1,0
BRDA:154,7,0,27
BRDA:154,7,1,6
BRDA:156,8,0,1
BRDA:156,8,1,0
BRDA:165,9,0,33
BRDA:165,9,1,6
BRDA:260,10,0,33
BRDA:260,10,1,2
BRF:17
BRH:13
end_of_record
TN:
SF:app/components/hero/index.jsx
FN:12,(anonymous_0)
FNF:1
FNH:1
FNDA:3,(anonymous_0)
DA:12,2
DA:13,3
DA:15,3
DA:64,2
DA:66,2
LF:5
LH:5
BRDA:38,0,0,3
BRDA:38,0,1,2
BRF:2
BRH:2
end_of_record
TN:
SF:app/components/icons/index.jsx
FNF:0
FNH:0
DA:73,71
DA:74,71
DA:75,71
DA:76,71
DA:77,71
DA:78,71
DA:79,71
DA:80,71
DA:81,71
DA:109,71
DA:110,71
DA:111,71
DA:112,71
DA:113,71
DA:114,71
DA:115,71
DA:116,71
DA:117,71
DA:118,71
DA:119,71
DA:120,71
DA:121,71
DA:122,71
DA:123,71
DA:124,71
DA:125,71
DA:126,71
DA:127,71
DA:128,71
DA:129,71
DA:130,71
DA:131,71
DA:132,71
DA:133,71
DA:134,71
DA:135,71
DA:136,71
DA:137,71
DA:138,71
DA:139,71
DA:140,71
DA:141,71
DA:142,71
DA:143,71
DA:144,71
DA:145,71
DA:146,71
DA:147,71
DA:148,71
DA:151,71
DA:152,71
DA:153,71
DA:154,71
DA:155,71
DA:156,71
DA:157,71
DA:158,71
DA:159,71
DA:160,71
LF:59
LH:59
BRDA:73,0,0,71
BRDA:73,0,1,0
BRDA:74,1,0,71
BRDA:74,1,1,0
BRDA:75,2,0,71
BRDA:75,2,1,0
BRDA:76,3,0,71
BRDA:76,3,1,0
BRDA:77,4,0,71
BRDA:77,4,1,0
BRDA:78,5,0,71
BRDA:78,5,1,0
BRDA:79,6,0,71
BRDA:79,6,1,0
BRDA:80,7,0,71
BRDA:80,7,1,0
BRDA:81,8,0,71
BRDA:81,8,1,0
BRF:18
BRH:9
end_of_record
TN:
SF:app/components/image-gallery/index.jsx
FN:37,(anonymous_0)
FN:47,(anonymous_1)
FN:66,(anonymous_2)
FN:73,(anonymous_3)
FN:81,(anonymous_4)
FN:90,(anonymous_5)
FN:125,(anonymous_6)
FN:133,(anonymous_7)
FN:138,(anonymous_8)
FNF:9
FNH:9
FNDA:1,(anonymous_0)
FNDA:4,(anonymous_1)
FNDA:72,(anonymous_2)
FNDA:68,(anonymous_3)
FNDA:35,(anonymous_4)
FNDA:68,(anonymous_5)
FNDA:132,(anonymous_6)
FNDA:1,(anonymous_7)
FNDA:1,(anonymous_8)
DA:28,11
DA:30,11
DA:31,11
DA:37,11
DA:38,1
DA:40,1
DA:48,4
DA:58,11
DA:66,11
DA:67,72
DA:68,72
DA:69,72
DA:72,72
DA:74,68
DA:81,72
DA:83,35
DA:89,72
DA:91,68
DA:98,72
DA:99,72
DA:100,72
DA:102,72
DA:104,72
DA:126,132
DA:127,132
DA:134,1
DA:135,1
DA:138,1
DA:157,11
LF:29
LH:29
BRDA:66,0,0,0
BRDA:66,1,0,0
BRDA:66,2,0,5
BRDA:99,3,0,72
BRDA:99,3,1,0
BRDA:100,4,0,33
BRDA:100,4,1,39
BRDA:106,5,0,72
BRDA:106,5,1,72
BRDA:110,6,0,72
BRDA:110,6,1,0
BRDA:134,7,0,1
BRDA:134,7,1,0
BRDA:139,8,0,72
BRDA:139,8,1,60
BRDA:140,9,0,72
BRDA:140,9,1,60
BRDA:145,10,0,132
BRDA:145,10,1,0
BRF:19
BRH:13
end_of_record
TN:
SF:app/components/item-variant/index.jsx
FN:17,(anonymous_0)
FN:24,(anonymous_1)
FNF:2
FNH:2
FNDA:461,(anonymous_0)
FNDA:94,(anonymous_1)
DA:15,14
DA:17,14
DA:18,461
DA:24,14
DA:25,94
DA:28,14
LF:6
LH:6
BRF:0
BRH:0
end_of_record
TN:
SF:app/components/item-variant/item-attributes.jsx
FN:22,(anonymous_0)
FN:30,(anonymous_1)
FN:32,(anonymous_2)
FN:36,(anonymous_3)
FN:42,(anonymous_4)
FN:43,(anonymous_5)
FN:47,(anonymous_6)
FN:48,(anonymous_7)
FN:49,(anonymous_8)
FN:63,(anonymous_9)
FN:97,(anonymous_10)
FNF:11
FNH:11
FNDA:88,(anonymous_0)
FNDA:90,(anonymous_1)
FNDA:165,(anonymous_2)
FNDA:208,(anonymous_3)
FNDA:20,(anonymous_4)
FNDA:20,(anonymous_5)
FNDA:2,(anonymous_6)
FNDA:2,(anonymous_7)
FNDA:1,(anonymous_8)
FNDA:90,(anonymous_9)
FNDA:2,(anonymous_10)
DA:22,10
DA:23,88
DA:24,88
DA:25,88
DA:26,88
DA:30,88
DA:31,90
DA:32,165
DA:33,90
DA:36,208
DA:42,88
DA:43,20
DA:45,20
DA:46,2
DA:47,2
DA:49,2
DA:52,20
DA:53,1
DA:54,1
DA:55,1
DA:61,88
DA:64,90
DA:98,2
DA:110,10
LF:24
LH:24
BRDA:30,0,0,88
BRDA:30,0,1,53
BRDA:35,1,0,90
BRDA:35,1,1,0
BRDA:36,2,0,90
BRDA:36,2,1,0
BRDA:45,3,0,2
BRDA:45,3,1,18
BRDA:52,4,0,1
BRDA:52,4,1,19
BRDA:52,5,0,20
BRDA:52,5,1,2
BRDA:54,6,0,1
BRDA:54,6,1,0
BRDA:69,7,0,88
BRDA:69,7,1,48
BRDA:79,8,0,88
BRDA:79,8,1,4
BRDA:90,9,0,4
BRDA:90,9,1,4
BRDA:90,9,2,0
BRF:21
BRH:17
end_of_record
TN:
SF:app/components/item-variant/item-image.jsx
FN:22,(anonymous_0)
FNF:1
FNH:1
FNDA:87,(anonymous_0)
DA:22,10
DA:23,87
DA:26,87
DA:31,87
DA:68,10
LF:5
LH:5
BRDA:22,0,0,87
BRDA:35,1,0,87
BRDA:35,1,1,6
BRDA:54,2,0,87
BRDA:54,2,1,39
BRDA:57,3,0,39
BRDA:57,3,1,0
BRF:7
BRH:6
end_of_record
TN:
SF:app/components/item-variant/item-name.jsx
FN:17,(anonymous_0)
FNF:1
FNH:1
FNDA:87,(anonymous_0)
DA:17,10
DA:18,87
DA:19,87
DA:21,87
LF:4
LH:4
BRDA:19,0,0,87
BRDA:19,0,1,48
BRDA:23,1,0,87
BRDA:23,1,1,5
BRF:4
BRH:4
end_of_record
TN:
SF:app/components/item-variant/item-price.jsx
FN:16,(anonymous_0)
FN:44,(anonymous_1)
FNF:2
FNH:2
FNDA:116,(anonymous_0)
FNDA:126,(anonymous_1)
DA:16,10
DA:17,116
DA:18,116
DA:34,10
DA:44,10
DA:45,126
DA:46,126
DA:47,126
DA:48,126
DA:50,126
DA:51,126
DA:53,126
DA:55,126
DA:57,126
DA:111,10
LF:15
LH:15
BRDA:22,0,0,116
BRDA:22,0,1,116
BRDA:22,0,2,0
BRDA:44,1,0,87
BRDA:44,2,0,112
BRDA:53,3,0,114
BRDA:53,3,1,12
BRDA:60,4,0,8
BRDA:60,4,1,118
BRDA:61,5,0,39
BRDA:61,5,1,87
BRDA:63,6,0,8
BRDA:63,6,1,118
BRDA:67,7,0,126
BRDA:67,7,1,114
BRDA:67,7,2,58
BRDA:73,8,0,126
BRDA:73,8,1,0
BRDA:81,9,0,126
BRDA:81,9,1,124
BRDA:81,9,2,12
BRDA:84,10,0,126
BRDA:84,10,1,8
BRDA:95,11,0,8
BRDA:95,11,1,8
BRDA:95,11,2,0
BRDA:102,12,0,126
BRDA:102,12,1,114
BRDA:102,12,2,58
BRF:29
BRH:26
end_of_record
TN:
SF:app/components/link/index.jsx
FN:13,(anonymous_0)
FNF:1
FNH:1
FNDA:1258,(anonymous_0)
DA:13,70
DA:14,1258
DA:15,1258
DA:16,1258
DA:17,1258
DA:28,70
DA:30,70
LF:7
LH:7
BRDA:13,0,0,952
BRDA:14,1,0,1258
BRDA:14,1,1,98
BRDA:19,2,0,306
BRDA:19,2,1,952
BRDA:20,3,0,1258
BRDA:20,3,1,306
BRF:7
BRH:7
end_of_record
TN:
SF:app/components/links-list/index.jsx
FN:12,(anonymous_0)
FN:44,(anonymous_1)
FN:57,(anonymous_2)
FNF:3
FNH:3
FNDA:46,(anonymous_0)
FNDA:28,(anonymous_1)
FNDA:79,(anonymous_2)
DA:12,5
DA:21,46
DA:22,46
DA:45,28
DA:58,79
DA:75,5
LF:6
LH:6
BRDA:13,0,0,0
BRDA:14,1,0,21
BRDA:23,2,0,18
BRDA:23,2,1,28
BRDA:24,3,0,46
BRDA:24,3,1,25
BRDA:25,4,0,0
BRDA:25,4,1,25
BRDA:32,5,0,0
BRDA:32,5,1,0
BRDA:40,6,0,46
BRDA:40,6,1,46
BRDA:42,7,0,10
BRDA:42,7,1,36
BRDA:49,8,0,0
BRDA:49,8,1,28
BRDA:62,9,0,0
BRDA:62,9,1,79
BRF:18
BRH:12
end_of_record
TN:
SF:app/components/list-menu/index.jsx
FN:43,ChevronIconTrigger
FN:51,(anonymous_1)
FN:56,(anonymous_2)
FN:57,(anonymous_3)
FN:77,(anonymous_4)
FN:100,(anonymous_5)
FN:117,(anonymous_6)
FN:131,(anonymous_7)
FN:169,(anonymous_8)
FN:223,(anonymous_9)
FN:229,(anonymous_10)
FN:244,(anonymous_11)
FNF:12
FNH:6
FNDA:2,ChevronIconTrigger
FNDA:2,(anonymous_1)
FNDA:0,(anonymous_2)
FNDA:0,(anonymous_3)
FNDA:0,(anonymous_4)
FNDA:0,(anonymous_5)
FNDA:0,(anonymous_6)
FNDA:0,(anonymous_7)
FNDA:2,(anonymous_8)
FNDA:10,(anonymous_9)
FNDA:4,(anonymous_10)
FNDA:2,(anonymous_11)
DA:41,2
DA:43,2
DA:44,2
DA:51,2
DA:52,2
DA:53,2
DA:55,2
DA:56,0
DA:57,0
DA:60,2
DA:78,0
DA:91,2
DA:100,2
DA:101,0
DA:102,0
DA:103,0
DA:105,0
DA:118,0
DA:119,0
DA:121,0
DA:130,0
DA:132,0
DA:133,0
DA:144,0
DA:161,2
DA:169,2
DA:170,2
DA:171,2
DA:172,2
DA:207,2
DA:223,2
DA:224,10
DA:225,10
DA:226,10
DA:227,10
DA:229,10
DA:230,4
DA:233,10
DA:245,2
DA:246,2
DA:270,2
DA:272,2
LF:42
LH:28
BRDA:67,0,0,0
BRDA:67,0,1,2
BRDA:68,1,0,0
BRDA:68,1,1,2
BRDA:83,2,0,2
BRDA:83,2,1,0
BRDA:113,3,0,0
BRDA:113,3,1,0
BRDA:130,4,0,0
BRDA:130,4,1,0
BRDA:151,5,0,0
BRDA:151,5,1,0
BRDA:192,6,0,2
BRDA:192,6,1,0
BRDA:223,7,0,10
BRDA:242,8,0,2
BRDA:242,8,1,8
BRF:17
BRH:7
end_of_record
TN:
SF:app/components/loading-spinner/index.jsx
FN:11,(anonymous_0)
FNF:1
FNH:1
FNDA:66,(anonymous_0)
DA:11,15
DA:12,66
DA:41,15
LF:3
LH:3
BRDA:11,0,0,65
BRDA:11,1,0,66
BRF:2
BRH:2
end_of_record
TN:
SF:app/components/locale-selector/index.jsx
FN:52,(anonymous_0)
FN:52,(anonymous_1)
FN:58,(anonymous_2)
FN:73,(anonymous_3)
FN:77,(anonymous_4)
FNF:5
FNH:4
FNDA:4,(anonymous_0)
FNDA:0,(anonymous_1)
FNDA:8,(anonymous_2)
FNDA:32,(anonymous_3)
FNDA:1,(anonymous_4)
DA:39,3
DA:52,3
DA:53,4
DA:54,4
DA:59,8
DA:74,32
DA:77,1
DA:105,3
DA:107,3
LF:9
LH:9
BRDA:52,0,0,0
BRDA:52,1,0,0
BRDA:52,2,0,1
BRDA:62,3,0,0
BRDA:62,3,1,8
BRDA:89,4,0,32
BRDA:89,4,1,8
BRF:7
BRH:4
end_of_record
TN:
SF:app/components/locale-text/index.jsx
FN:13,(anonymous_0)
FNF:1
FNH:1
FNDA:67,(anonymous_0)
DA:13,5
DA:14,67
DA:15,67
DA:16,67
DA:18,67
DA:19,1
DA:22,1
DA:25,66
DA:28,5
DA:30,5
DA:49,5
LF:11
LH:11
BRDA:15,0,0,25
BRDA:15,0,1,42
BRDA:18,1,0,1
BRDA:18,1,1,66
BRF:4
BRH:4
end_of_record
TN:
SF:app/components/login/index.jsx
FN:16,(anonymous_0)
FN:57,(anonymous_1)
FNF:2
FNH:2
FNDA:33,(anonymous_0)
FNDA:4,(anonymous_1)
DA:16,70
DA:17,33
DA:57,4
DA:87,70
LF:4
LH:4
BRDA:16,0,0,0
BRDA:16,1,0,0
BRDA:34,2,0,33
BRDA:34,2,1,4
BRF:4
BRH:2
end_of_record
TN:
SF:app/components/nested-accordion/index.jsx
FN:31,(anonymous_0)
FN:36,(anonymous_1)
FN:42,(anonymous_2)
FN:50,(anonymous_3)
FN:58,(anonymous_4)
FN:64,(anonymous_5)
FNF:6
FNH:6
FNDA:27,(anonymous_0)
FNDA:94,(anonymous_1)
FNDA:18,(anonymous_2)
FNDA:95,(anonymous_3)
FNDA:55,(anonymous_4)
FNDA:70,(anonymous_5)
DA:31,3
DA:32,27
DA:36,94
DA:42,18
DA:44,27
DA:46,27
DA:47,27
DA:50,27
DA:51,95
DA:53,27
DA:59,55
DA:60,55
DA:62,55
DA:65,70
DA:124,3
DA:126,3
LF:16
LH:16
BRDA:35,0,0,7
BRDA:36,1,0,26
BRDA:39,2,0,26
BRDA:40,3,0,26
BRDA:41,4,0,26
BRDA:42,5,0,9
BRDA:47,6,0,27
BRDA:47,6,1,0
BRDA:51,7,0,94
BRDA:51,7,1,1
BRDA:56,8,0,4
BRDA:56,8,1,23
BRDA:69,9,0,20
BRDA:69,9,1,50
BRDA:69,10,0,70
BRDA:69,10,1,20
BRDA:72,11,0,0
BRDA:72,11,1,20
BRDA:102,12,0,70
BRDA:102,12,1,20
BRDA:119,13,0,3
BRDA:119,13,1,24
BRF:22
BRH:20
end_of_record
TN:
SF:app/components/offline-banner/index.jsx
FN:23,(anonymous_0)
FNF:1
FNH:1
FNDA:1,(anonymous_0)
DA:23,2
DA:24,1
DA:25,1
DA:27,1
LF:4
LH:4
BRF:0
BRH:0
end_of_record
TN:
SF:app/components/offline-boundary/index.jsx
FN:21,(anonymous_0)
FN:28,(anonymous_1)
FN:36,(anonymous_2)
FN:40,(anonymous_3)
FN:47,(anonymous_4)
FN:57,(anonymous_5)
FN:59,(anonymous_6)
FN:64,(anonymous_7)
FN:84,(anonymous_8)
FNF:9
FNH:4
FNDA:3,(anonymous_0)
FNDA:0,(anonymous_1)
FNDA:0,(anonymous_2)
FNDA:4,(anonymous_3)
FNDA:8,(anonymous_4)
FNDA:0,(anonymous_5)
FNDA:0,(anonymous_6)
FNDA:7,(anonymous_7)
FNDA:0,(anonymous_8)
DA:22,3
DA:23,3
DA:31,0
DA:32,0
DA:37,0
DA:41,4
DA:42,4
DA:44,4
DA:46,4
DA:47,8
DA:50,4
DA:52,4
DA:53,0
DA:59,0
DA:60,0
DA:65,7
DA:66,7
DA:68,7
DA:84,0
DA:97,2
LF:20
LH:13
BRDA:31,0,0,0
BRDA:31,0,1,0
BRDA:44,1,0,4
BRDA:44,1,1,4
BRDA:47,2,0,8
BRDA:47,2,1,0
BRDA:47,3,0,8
BRDA:47,3,1,0
BRDA:50,4,0,4
BRDA:50,4,1,4
BRDA:52,5,0,0
BRDA:52,5,1,4
BRDA:60,6,0,0
BRDA:60,6,1,0
BRDA:70,7,0,0
BRDA:70,7,1,7
BRF:16
BRH:8
end_of_record
TN:
SF:app/components/order-summary/index.jsx
FN:22,(anonymous_0)
FN:33,(anonymous_1)
FN:46,(anonymous_2)
FN:87,(anonymous_3)
FN:133,(anonymous_4)
FN:167,(anonymous_5)
FN:178,(anonymous_6)
FN:272,(anonymous_7)
FN:282,(anonymous_8)
FNF:9
FNH:8
FNDA:65,(anonymous_0)
FNDA:1,(anonymous_1)
FNDA:14,(anonymous_2)
FNDA:109,(anonymous_3)
FNDA:0,(anonymous_4)
FNDA:44,(anonymous_5)
FNDA:44,(anonymous_6)
FNDA:6,(anonymous_7)
FNDA:1,(anonymous_8)
DA:22,7
DA:23,65
DA:24,65
DA:26,65
DA:33,1
DA:47,14
DA:53,14
DA:83,7
DA:87,7
DA:94,109
DA:96,109
DA:97,109
DA:98,109
DA:100,109
DA:101,0
DA:104,109
DA:134,0
DA:168,44
DA:178,44
DA:273,6
DA:282,1
DA:301,7
LF:22
LH:20
BRDA:23,0,0,65
BRDA:23,0,1,0
BRDA:32,1,0,14
BRDA:32,1,1,51
BRDA:44,2,0,65
BRDA:44,2,1,14
BRDA:49,3,0,14
BRDA:49,3,1,12
BRDA:89,4,0,65
BRDA:90,5,0,45
BRDA:91,6,0,65
BRDA:92,7,0,108
BRDA:94,8,0,109
BRDA:94,8,1,108
BRDA:100,9,0,0
BRDA:100,9,1,109
BRDA:100,10,0,109
BRDA:100,10,1,1
BRDA:114,11,0,109
BRDA:114,11,1,64
BRDA:153,12,0,109
BRDA:153,12,1,44
BRDA:164,13,0,109
BRDA:164,13,1,44
BRDA:177,14,0,44
BRDA:177,14,1,65
BRDA:206,15,0,45
BRDA:206,15,1,64
BRDA:222,16,0,44
BRDA:222,16,1,65
BRDA:232,17,0,44
BRDA:232,17,1,65
BRDA:251,18,0,109
BRDA:251,18,1,64
BRDA:256,19,0,109
BRDA:256,19,1,6
BRDA:277,20,0,6
BRDA:277,20,1,6
BRF:38
BRH:36
end_of_record
TN:
SF:app/components/page-action-placeholder/index.jsx
FN:13,(anonymous_0)
FNF:1
FNH:1
FNDA:3,(anonymous_0)
DA:13,8
DA:14,3
DA:41,8
LF:3
LH:3
BRF:0
BRH:0
end_of_record
TN:
SF:app/components/pagination/index.jsx
FN:39,(anonymous_0)
FN:77,(anonymous_1)
FN:83,(anonymous_2)
FNF:3
FNH:2
FNDA:27,(anonymous_0)
FNDA:0,(anonymous_1)
FNDA:54,(anonymous_2)
DA:29,7
DA:32,7
DA:39,7
DA:40,27
DA:41,26
DA:42,26
DA:43,26
DA:45,26
DA:46,26
DA:47,26
DA:50,26
DA:78,0
DA:84,54
DA:125,7
DA:127,7
LF:15
LH:14
BRDA:45,0,0,0
BRDA:45,0,1,26
BRDA:55,1,0,0
BRDA:55,1,1,26
BRDA:58,2,0,26
BRDA:58,2,1,26
BRDA:59,3,0,26
BRDA:59,3,1,26
BRDA:104,4,0,0
BRDA:104,4,1,26
BRDA:107,5,0,26
BRDA:107,5,1,0
BRDA:108,6,0,26
BRDA:108,6,1,0
BRF:14
BRH:9
end_of_record
TN:
SF:app/components/product-item/index.jsx
FN:39,(anonymous_0)
FN:80,(anonymous_1)
FN:88,(anonymous_2)
FN:93,(anonymous_3)
FNF:4
FNH:3
FNDA:39,(anonymous_0)
FNDA:0,(anonymous_1)
FNDA:2,(anonymous_2)
FNDA:2,(anonymous_3)
DA:39,7
DA:47,39
DA:49,39
DA:82,0
DA:84,0
DA:85,0
DA:90,2
DA:92,2
DA:94,2
DA:96,0
DA:99,0
DA:137,7
LF:12
LH:7
BRDA:43,0,0,1
BRDA:44,1,0,1
BRDA:52,2,0,39
BRDA:52,2,1,2
BRDA:84,3,0,0
BRDA:84,3,1,0
BRDA:90,4,0,2
BRDA:90,4,1,0
BRDA:94,5,0,2
BRDA:94,5,1,2
BRDA:96,6,0,0
BRDA:96,6,1,0
BRDA:115,7,0,39
BRDA:115,7,1,39
BRDA:115,7,2,1
BRF:15
BRH:10
end_of_record
TN:
SF:app/components/product-scroller/index.jsx
FN:18,(anonymous_0)
FN:40,(anonymous_1)
FN:76,(anonymous_2)
FN:130,(anonymous_3)
FN:150,(anonymous_4)
FNF:5
FNH:5
FNDA:88,(anonymous_0)
FNDA:2,(anonymous_1)
FNDA:154,(anonymous_2)
FNDA:1,(anonymous_3)
FNDA:1,(anonymous_4)
DA:17,70
DA:31,88
DA:34,88
DA:35,1
DA:40,87
DA:41,2
DA:48,87
DA:77,154
DA:130,1
DA:150,1
DA:160,70
DA:162,70
LF:12
LH:12
BRDA:25,0,0,88
BRDA:34,1,0,1
BRDA:34,1,1,87
BRDA:34,2,0,88
BRDA:34,2,1,74
BRDA:34,2,2,14
BRDA:40,3,0,0
BRDA:51,4,0,87
BRDA:51,4,1,17
BRDA:53,5,0,87
BRDA:53,5,1,83
BRDA:53,5,2,83
BRDA:53,5,3,67
BRDA:59,6,0,87
BRDA:59,6,1,4
BRDA:59,6,2,3
BRDA:76,7,0,17
BRDA:76,7,1,70
BRDA:79,8,0,154
BRDA:79,8,1,68
BRDA:84,9,0,68
BRDA:84,9,1,86
BRDA:98,10,0,68
BRDA:98,10,1,18
BRDA:112,11,0,87
BRDA:112,11,1,5
BRF:26
BRH:25
end_of_record
TN:
SF:app/components/product-tile/index.jsx
FN:36,(anonymous_0)
FN:58,(anonymous_1)
FN:104,(anonymous_2)
FN:119,(anonymous_3)
FNF:4
FNH:3
FNDA:51,(anonymous_0)
FNDA:613,(anonymous_1)
FNDA:1,(anonymous_2)
FNDA:0,(anonymous_3)
DA:33,70
DA:36,70
DA:37,51
DA:38,51
DA:58,70
DA:59,613
DA:67,613
DA:69,613
DA:75,613
DA:77,613
DA:78,613
DA:79,613
DA:81,613
DA:108,1
DA:120,0
DA:121,0
DA:122,0
DA:148,70
DA:150,70
LF:19
LH:16
BRDA:62,0,0,24
BRDA:75,1,0,613
BRDA:75,1,1,613
BRDA:89,2,0,613
BRDA:89,2,1,613
BRDA:92,3,0,613
BRDA:92,3,1,0
BRDA:102,4,0,613
BRDA:102,4,1,589
BRDA:116,5,0,0
BRDA:116,5,1,589
BRDA:134,6,0,613
BRDA:134,6,1,1
BRDA:141,7,0,613
BRDA:141,7,1,0
BRF:15
BRH:12
end_of_record
TN:
SF:app/components/product-view-modal/index.jsx
FN:17,(anonymous_0)
FNF:1
FNH:1
FNDA:8,(anonymous_0)
DA:17,8
DA:18,8
DA:19,8
DA:38,8
LF:4
LH:4
BRF:0
BRH:0
end_of_record
TN:
SF:app/components/promo-code/index.jsx
FN:25,(anonymous_0)
FN:31,(anonymous_1)
FN:56,(anonymous_2)
FN:81,(anonymous_3)
FN:84,(anonymous_4)
FN:91,(anonymous_5)
FN:93,(anonymous_6)
FN:101,(anonymous_7)
FNF:8
FNH:8
FNDA:202,(anonymous_0)
FNDA:1,(anonymous_1)
FNDA:1,(anonymous_2)
FNDA:76,(anonymous_3)
FNDA:9,(anonymous_4)
FNDA:1,(anonymous_5)
FNDA:79,(anonymous_6)
FNDA:1,(anonymous_7)
DA:25,7
DA:26,202
DA:27,202
DA:28,202
DA:29,202
DA:31,202
DA:32,1
DA:33,1
DA:34,1
DA:35,1
DA:45,0
DA:56,202
DA:57,1
DA:58,1
DA:59,1
DA:69,0
DA:78,202
DA:81,7
DA:82,76
DA:84,76
DA:85,9
DA:86,1
DA:90,76
DA:91,1
DA:94,79
DA:101,1
DA:130,7
LF:27
LH:25
BRDA:85,0,0,1
BRDA:85,0,1,8
BRDA:91,1,0,16
BRDA:91,1,1,60
BRDA:100,2,0,16
BRDA:100,2,1,63
BRF:6
BRH:6
end_of_record
TN:
SF:app/components/promo-popover/index.jsx
FN:30,(anonymous_0)
FNF:1
FNH:1
FNDA:48,(anonymous_0)
DA:30,10
DA:31,48
DA:78,10
LF:3
LH:3
BRDA:60,0,0,48
BRDA:60,0,1,48
BRF:2
BRH:2
end_of_record
TN:
SF:app/components/quantity-picker/index.jsx
FN:22,(anonymous_0)
FN:27,(anonymous_1)
FNF:2
FNH:2
FNDA:93,(anonymous_0)
FNDA:1,(anonymous_1)
DA:22,11
DA:23,93
DA:29,1
DA:33,1
DA:37,1
DA:41,93
DA:42,93
DA:43,93
DA:45,93
LF:9
LH:9
BRDA:37,0,0,1
BRDA:37,0,1,1
BRF:2
BRH:2
end_of_record
TN:
SF:app/components/radio-card/index.jsx
FN:14,(anonymous_0)
FN:63,(anonymous_1)
FNF:2
FNH:2
FNDA:70,(anonymous_0)
FNDA:61,(anonymous_1)
DA:12,1
DA:14,1
DA:15,70
DA:16,70
DA:18,70
DA:19,70
DA:20,70
DA:63,1
DA:64,61
DA:65,61
DA:67,61
DA:74,1
DA:75,1
LF:13
LH:13
BRDA:41,0,0,70
BRDA:41,0,1,37
BRF:2
BRH:2
end_of_record
TN:
SF:app/components/recommended-products/index.jsx
FN:30,(anonymous_0)
FN:50,(anonymous_1)
FN:74,(anonymous_2)
FN:87,(anonymous_3)
FN:93,(anonymous_4)
FN:100,(anonymous_5)
FN:117,(anonymous_6)
FN:132,(anonymous_7)
FN:146,(anonymous_8)
FN:168,(anonymous_9)
FN:169,(anonymous_10)
FN:180,(anonymous_11)
FNF:12
FNH:7
FNDA:124,(anonymous_0)
FNDA:33,(anonymous_1)
FNDA:41,(anonymous_2)
FNDA:27,(anonymous_3)
FNDA:57,(anonymous_4)
FNDA:16,(anonymous_5)
FNDA:0,(anonymous_6)
FNDA:0,(anonymous_7)
FNDA:0,(anonymous_8)
FNDA:64,(anonymous_9)
FNDA:0,(anonymous_10)
FNDA:0,(anonymous_11)
DA:30,70
DA:39,124
DA:40,124
DA:41,124
DA:42,124
DA:43,124
DA:44,124
DA:46,124
DA:47,124
DA:48,124
DA:50,124
DA:52,33
DA:53,17
DA:58,16
DA:59,0
DA:64,16
DA:65,0
DA:66,0
DA:68,16
DA:69,16
DA:70,16
DA:74,124
DA:76,41
DA:77,0
DA:82,41
DA:83,14
DA:85,27
DA:87,27
DA:89,4
DA:93,124
DA:94,57
DA:95,16
DA:100,16
DA:106,124
DA:107,0
DA:112,124
DA:113,44
DA:117,80
DA:118,0
DA:119,0
DA:123,0
DA:132,0
DA:138,0
DA:146,80
DA:147,0
DA:148,0
DA:149,0
DA:155,0
DA:162,80
DA:168,64
DA:170,0
DA:181,0
DA:182,0
DA:190,70
LF:54
LH:37
BRDA:52,0,0,17
BRDA:52,0,1,16
BRDA:52,1,0,33
BRDA:52,1,1,33
BRDA:58,2,0,0
BRDA:58,2,1,16
BRDA:58,3,0,16
BRDA:58,3,1,10
BRDA:64,4,0,0
BRDA:64,4,1,16
BRDA:68,5,0,16
BRDA:68,5,1,0
BRDA:76,6,0,0
BRDA:76,6,1,41
BRDA:82,7,0,14
BRDA:82,7,1,27
BRDA:85,8,0,4
BRDA:85,8,1,23
BRDA:86,9,0,27
BRDA:86,9,1,27
BRDA:94,10,0,16
BRDA:94,10,1,41
BRDA:94,11,0,57
BRDA:94,11,1,16
BRDA:106,12,0,0
BRDA:106,12,1,124
BRDA:112,13,0,44
BRDA:112,13,1,80
BRDA:112,14,0,124
BRDA:112,14,1,108
BRDA:112,14,2,108
BRDA:165,15,0,80
BRDA:165,15,1,0
BRDA:181,16,0,0
BRDA:181,16,1,0
BRF:35
BRH:27
end_of_record
TN:
SF:app/components/register/index.jsx
FN:17,(anonymous_0)
FN:51,(anonymous_1)
FN:81,(anonymous_2)
FN:87,(anonymous_3)
FNF:4
FNH:4
FNDA:17,(anonymous_0)
FNDA:2,(anonymous_1)
FNDA:17,(anonymous_2)
FNDA:17,(anonymous_3)
DA:17,70
DA:18,17
DA:51,2
DA:82,17
DA:88,17
DA:106,70
LF:6
LH:6
BRDA:17,0,0,0
BRDA:39,1,0,17
BRDA:39,1,1,0
BRF:3
BRH:1
end_of_record
TN:
SF:app/components/reset-password/index.jsx
FN:16,(anonymous_0)
FN:50,(anonymous_1)
FNF:2
FNH:2
FNDA:21,(anonymous_0)
FNDA:3,(anonymous_1)
DA:16,70
DA:17,21
DA:50,3
DA:81,70
LF:4
LH:4
BRDA:16,0,0,0
BRDA:38,1,0,21
BRDA:38,1,1,2
BRF:3
BRH:2
end_of_record
TN:
SF:app/components/responsive/index.jsx
FN:15,(anonymous_0)
FN:24,(anonymous_1)
FNF:2
FNH:2
FNDA:363,(anonymous_0)
FNDA:262,(anonymous_1)
DA:15,20
DA:16,363
DA:18,20
DA:24,20
DA:25,262
DA:27,20
LF:6
LH:6
BRF:0
BRH:0
end_of_record
TN:
SF:app/components/scroll-to-top/index.jsx
FN:16,ScrollToTop
FN:19,(anonymous_1)
FNF:2
FNH:2
FNDA:9,ScrollToTop
FNDA:5,(anonymous_1)
DA:17,9
DA:19,9
DA:20,5
DA:23,9
LF:4
LH:4
BRF:0
BRH:0
end_of_record
TN:
SF:app/components/search/index.jsx
FN:32,(anonymous_0)
FN:35,(anonymous_1)
FN:44,(anonymous_2)
FN:55,(anonymous_3)
FN:74,(anonymous_4)
FN:86,(anonymous_5)
FN:91,(anonymous_6)
FN:102,(anonymous_7)
FN:107,(anonymous_8)
FN:119,(anonymous_9)
FN:121,(anonymous_10)
FN:128,(anonymous_11)
FN:134,(anonymous_12)
FN:147,(anonymous_13)
FN:158,(anonymous_14)
FN:171,(anonymous_15)
FN:189,(anonymous_16)
FN:190,(anonymous_17)
FN:191,(anonymous_18)
FN:203,(anonymous_19)
FNF:20
FNH:19
FNDA:109,(anonymous_0)
FNDA:3,(anonymous_1)
FNDA:15,(anonymous_2)
FNDA:3,(anonymous_3)
FNDA:110,(anonymous_4)
FNDA:77,(anonymous_5)
FNDA:42,(anonymous_6)
FNDA:3,(anonymous_7)
FNDA:8,(anonymous_8)
FNDA:4,(anonymous_9)
FNDA:22,(anonymous_10)
FNDA:4,(anonymous_11)
FNDA:3,(anonymous_12)
FNDA:1,(anonymous_13)
FNDA:105,(anonymous_14)
FNDA:22,(anonymous_15)
FNDA:22,(anonymous_16)
FNDA:6,(anonymous_17)
FNDA:4,(anonymous_18)
FNDA:0,(anonymous_19)
DA:32,3
DA:33,109
DA:36,3
DA:45,15
DA:56,3
DA:74,3
DA:75,110
DA:76,109
DA:77,109
DA:78,109
DA:79,109
DA:80,109
DA:86,109
DA:87,77
DA:91,109
DA:92,42
DA:93,38
DA:98,109
DA:102,109
DA:104,3
DA:107,3
DA:108,8
DA:113,3
DA:116,3
DA:119,109
DA:121,109
DA:122,22
DA:123,22
DA:124,14
DA:128,109
DA:129,4
DA:130,4
DA:131,4
DA:134,109
DA:135,3
DA:137,3
DA:139,3
DA:140,0
DA:142,3
DA:143,3
DA:144,3
DA:147,109
DA:148,1
DA:149,1
DA:150,1
DA:152,0
DA:153,0
DA:154,0
DA:158,109
DA:161,105
DA:165,20
DA:167,85
DA:171,109
DA:172,22
DA:173,22
DA:176,109
DA:189,22
DA:190,6
DA:191,4
DA:203,0
DA:257,3
LF:61
LH:56
BRDA:92,0,0,38
BRDA:92,0,1,4
BRDA:98,1,0,109
BRDA:98,1,1,109
BRDA:98,1,2,106
BRDA:104,2,0,3
BRDA:104,2,1,1
BRDA:123,3,0,14
BRDA:123,3,1,8
BRDA:139,4,0,0
BRDA:139,4,1,3
BRDA:148,5,0,1
BRDA:148,5,1,0
BRDA:161,6,0,20
BRDA:161,6,1,85
BRDA:162,7,0,105
BRDA:162,7,1,35
BRDA:162,7,2,87
BRDA:162,7,3,2
BRDA:200,8,0,10
BRDA:200,8,1,99
BRDA:227,9,0,10
BRDA:227,9,1,99
BRDA:227,10,0,109
BRDA:227,10,1,99
BRDA:234,11,0,0
BRDA:234,11,1,109
BRF:27
BRH:24
end_of_record
TN:
SF:app/components/search/partials/recent-searches.jsx
FN:17,(anonymous_0)
FN:18,(anonymous_1)
FN:33,(anonymous_2)
FN:40,(anonymous_3)
FN:52,(anonymous_4)
FNF:5
FNH:4
FNDA:79,(anonymous_0)
FNDA:1,(anonymous_1)
FNDA:80,(anonymous_2)
FNDA:0,(anonymous_3)
FNDA:1,(anonymous_4)
DA:17,3
DA:18,79
DA:19,1
DA:20,1
DA:22,79
DA:34,80
DA:41,0
DA:53,1
DA:71,3
LF:9
LH:8
BRDA:24,0,0,79
BRDA:24,0,1,23
BRF:2
BRH:2
end_of_record
TN:
SF:app/components/search/partials/search-suggestions.jsx
FN:13,(anonymous_0)
FNF:1
FNH:1
FNDA:82,(anonymous_0)
DA:13,3
DA:14,82
DA:15,82
DA:39,3
LF:4
LH:4
BRDA:14,0,0,82
BRDA:14,0,1,82
BRDA:17,1,0,3
BRDA:17,1,1,79
BRF:4
BRH:4
end_of_record
TN:
SF:app/components/search/partials/suggestions.jsx
FN:11,(anonymous_0)
FN:18,(anonymous_1)
FN:21,(anonymous_2)
FNF:3
FNH:2
FNDA:4,(anonymous_0)
FNDA:3,(anonymous_1)
FNDA:0,(anonymous_2)
DA:11,3
DA:12,4
DA:13,1
DA:15,3
DA:19,3
DA:21,0
DA:38,3
LF:7
LH:6
BRDA:12,0,0,1
BRDA:12,0,1,3
BRF:2
BRH:2
end_of_record
TN:
SF:app/components/section/index.jsx
FN:17,(anonymous_0)
FNF:1
FNH:1
FNDA:3,(anonymous_0)
DA:17,1
DA:18,3
DA:19,3
DA:43,1
DA:45,1
LF:5
LH:5
BRDA:18,0,0,3
BRDA:18,0,1,2
BRDA:22,1,0,3
BRDA:22,1,1,2
BRDA:27,2,0,3
BRDA:27,2,1,2
BRDA:32,3,0,3
BRDA:32,3,1,1
BRF:8
BRH:8
end_of_record
TN:
SF:app/components/seo/index.jsx
FN:13,(anonymous_0)
FNF:1
FNH:1
FNDA:70,(anonymous_0)
DA:13,7
DA:14,70
DA:16,70
DA:26,7
LF:4
LH:4
BRDA:14,0,0,64
BRDA:14,0,1,6
BRDA:19,1,0,70
BRDA:19,1,1,64
BRDA:20,2,0,70
BRDA:20,2,1,0
BRF:6
BRH:5
end_of_record
TN:
SF:app/components/social-icons/index.jsx
FN:32,(anonymous_0)
FN:69,(anonymous_1)
FN:75,(anonymous_2)
FNF:3
FNH:3
FNDA:20,(anonymous_0)
FNDA:100,(anonymous_1)
FNDA:1,(anonymous_2)
DA:32,4
DA:33,20
DA:35,20
DA:70,100
DA:76,1
DA:85,4
DA:87,4
LF:7
LH:7
BRDA:32,0,0,4
BRF:1
BRH:1
end_of_record
TN:
SF:app/components/swatch-group/index.jsx
FN:17,(anonymous_0)
FN:34,(anonymous_1)
FNF:2
FNH:2
FNDA:133,(anonymous_0)
FNDA:504,(anonymous_1)
DA:17,11
DA:25,133
DA:26,133
DA:27,133
DA:35,504
DA:37,504
DA:48,11
DA:50,11
LF:8
LH:8
BRDA:22,0,0,0
BRDA:23,1,0,0
BRDA:24,2,0,0
BRF:3
BRH:0
end_of_record
TN:
SF:app/components/swatch-group/swatch.jsx
FN:16,(anonymous_0)
FN:35,(anonymous_1)
FNF:2
FNH:2
FNDA:504,(anonymous_0)
FNDA:2,(anonymous_1)
DA:16,11
DA:27,504
DA:28,504
DA:29,504
DA:36,2
DA:37,2
DA:50,11
DA:52,11
LF:8
LH:8
BRDA:23,0,0,0
BRDA:44,1,0,504
BRDA:44,1,1,0
BRF:3
BRH:1
end_of_record
TN:
SF:app/components/toggle-card/index.jsx
FN:20,(anonymous_0)
FN:70,(anonymous_1)
FN:75,(anonymous_2)
FNF:3
FNH:3
FNDA:398,(anonymous_0)
FNDA:398,(anonymous_1)
FNDA:296,(anonymous_2)
DA:13,6
DA:20,6
DA:31,398
DA:70,6
DA:71,398
DA:72,398
DA:75,6
DA:76,296
DA:77,296
DA:80,6
DA:91,6
DA:95,6
LF:12
LH:12
BRDA:41,0,0,266
BRDA:41,0,1,132
BRDA:41,1,0,398
BRDA:41,1,1,266
BRDA:41,1,2,266
BRDA:46,2,0,398
BRDA:46,2,1,179
BRDA:46,2,2,132
BRDA:50,3,0,398
BRDA:50,3,1,266
BRDA:50,3,2,134
BRDA:50,3,3,108
BRDA:52,4,0,108
BRDA:52,4,1,82
BRDA:64,5,0,398
BRDA:64,5,1,65
BRDA:64,5,2,49
BRDA:72,6,0,132
BRDA:72,6,1,266
BRDA:77,7,0,134
BRDA:77,7,1,162
BRDA:77,8,0,296
BRDA:77,8,1,188
BRF:23
BRH:23
end_of_record
TN:
SF:app/contexts/index.js
FN:36,(anonymous_0)
FN:45,(anonymous_1)
FN:50,(anonymous_2)
FN:77,(anonymous_3)
FN:80,(anonymous_4)
FN:84,(anonymous_5)
FN:134,(anonymous_6)
FN:180,(anonymous_7)
FNF:8
FNH:8
FNDA:371,(anonymous_0)
FNDA:362,(anonymous_1)
FNDA:192,(anonymous_2)
FNDA:197,(anonymous_3)
FNDA:192,(anonymous_4)
FNDA:94,(anonymous_5)
FNDA:307,(anonymous_6)
FNDA:312,(anonymous_7)
DA:35,73
DA:36,73
DA:37,371
DA:38,371
DA:39,371
DA:41,371
DA:42,371
DA:45,362
DA:50,371
DA:51,192
DA:52,192
DA:55,192
DA:56,12
DA:60,180
DA:66,82
DA:67,82
DA:74,82
DA:77,371
DA:80,197
DA:81,197
DA:84,192
DA:85,94
DA:93,371
DA:106,73
DA:133,73
DA:134,73
DA:140,307
DA:141,307
DA:143,307
DA:150,73
DA:179,73
DA:180,73
DA:181,312
DA:183,312
DA:190,73
LF:35
LH:35
BRDA:36,0,0,1
BRDA:50,1,0,0
BRDA:55,2,0,12
BRDA:55,2,1,180
BRDA:55,3,0,192
BRDA:55,3,1,12
BRDA:81,4,0,192
BRDA:81,4,1,5
BRDA:135,5,0,2
BRDA:136,6,0,2
BRF:10
BRH:9
end_of_record
TN:
SF:app/hoc/with-registration/index.jsx
FN:16,(anonymous_0)
FN:17,(anonymous_1)
FN:25,(anonymous_2)
FNF:3
FNH:3
FNDA:83,(anonymous_0)
FNDA:772,(anonymous_1)
FNDA:6,(anonymous_2)
DA:16,70
DA:17,83
DA:18,772
DA:19,772
DA:20,772
DA:21,772
DA:22,772
DA:23,772
DA:25,772
DA:26,6
DA:27,6
DA:29,2
DA:30,0
DA:38,2
DA:41,4
DA:45,772
DA:52,83
DA:55,83
LF:18
LH:17
BRDA:17,0,0,0
BRDA:27,1,0,2
BRDA:27,1,1,4
BRDA:29,2,0,0
BRDA:29,2,1,2
BRF:5
BRH:3
end_of_record
TN:
SF:app/hooks/use-add-to-cart-modal.js
FN:39,(anonymous_0)
FN:40,(anonymous_1)
FN:56,(anonymous_2)
FN:63,(anonymous_3)
FN:104,(anonymous_4)
FN:111,(anonymous_5)
FN:144,(anonymous_6)
FN:235,(anonymous_7)
FN:308,(anonymous_8)
FN:315,(anonymous_9)
FN:327,(anonymous_10)
FN:333,(anonymous_11)
FNF:12
FNH:9
FNDA:589,(anonymous_0)
FNDA:6,(anonymous_1)
FNDA:510,(anonymous_2)
FNDA:7,(anonymous_3)
FNDA:7,(anonymous_4)
FNDA:9,(anonymous_5)
FNDA:15,(anonymous_6)
FNDA:0,(anonymous_7)
FNDA:6,(anonymous_8)
FNDA:2,(anonymous_9)
FNDA:0,(anonymous_10)
FNDA:0,(anonymous_11)
DA:38,70
DA:39,589
DA:40,70
DA:41,6
DA:42,6
DA:49,70
DA:56,70
DA:57,510
DA:58,509
DA:59,509
DA:60,509
DA:61,509
DA:62,509
DA:63,509
DA:65,509
DA:66,505
DA:69,4
DA:105,7
DA:110,7
DA:111,9
DA:113,7
DA:118,7
DA:145,15
DA:235,0
DA:293,70
DA:308,70
DA:309,6
DA:314,6
DA:315,6
DA:316,2
DA:317,0
DA:324,6
DA:328,0
DA:334,0
LF:34
LH:30
BRDA:58,0,0,506
BRDA:58,1,0,509
BRDA:58,1,1,505
BRDA:65,2,0,505
BRDA:65,2,1,4
BRDA:122,3,0,0
BRDA:122,3,1,7
BRDA:165,4,0,7
BRDA:165,4,1,2
BRDA:194,5,0,4
BRDA:194,5,1,1
BRDA:259,6,0,4
BRDA:259,6,1,1
BRDA:316,7,0,0
BRDA:316,7,1,2
BRF:15
BRH:13
end_of_record
TN:
SF:app/hooks/use-auth-modal.js
FN:36,(anonymous_0)
FN:51,(anonymous_1)
FN:61,(anonymous_2)
FN:76,(anonymous_3)
FN:85,(anonymous_4)
FN:97,(anonymous_5)
FN:106,(anonymous_6)
FN:117,(anonymous_7)
FN:121,(anonymous_8)
FN:168,(anonymous_9)
FN:171,(anonymous_10)
FN:188,(anonymous_11)
FN:213,(anonymous_12)
FN:214,(anonymous_13)
FN:255,(anonymous_14)
FNF:15
FNH:14
FNDA:864,(anonymous_0)
FNDA:4,(anonymous_1)
FNDA:2,(anonymous_2)
FNDA:1,(anonymous_3)
FNDA:1,(anonymous_4)
FNDA:325,(anonymous_5)
FNDA:638,(anonymous_6)
FNDA:315,(anonymous_7)
FNDA:332,(anonymous_8)
FNDA:1,(anonymous_9)
FNDA:2,(anonymous_10)
FNDA:2,(anonymous_11)
FNDA:1,(anonymous_12)
FNDA:0,(anonymous_13)
FNDA:897,(anonymous_14)
DA:32,70
DA:33,70
DA:34,70
DA:36,70
DA:43,864
DA:44,864
DA:45,864
DA:46,864
DA:47,864
DA:48,864
DA:49,864
DA:51,864
DA:52,4
DA:54,4
DA:61,864
DA:62,2
DA:63,2
DA:65,1
DA:72,1
DA:76,864
DA:77,1
DA:78,1
DA:79,0
DA:81,0
DA:85,864
DA:86,1
DA:87,1
DA:89,1
DA:90,1
DA:92,0
DA:97,864
DA:98,325
DA:99,9
DA:100,9
DA:101,9
DA:106,864
DA:107,638
DA:112,638
DA:113,638
DA:117,864
DA:118,315
DA:121,864
DA:123,332
DA:124,332
DA:125,332
DA:126,332
DA:129,332
DA:130,331
DA:134,1
DA:137,1
DA:138,1
DA:159,1
DA:162,1
DA:164,0
DA:168,864
DA:169,1
DA:171,864
DA:172,2
DA:188,2
DA:203,864
DA:213,1
DA:214,0
DA:240,70
DA:255,70
DA:256,897
DA:258,897
LF:66
LH:61
BRDA:37,0,0,0
BRDA:38,1,0,105
BRDA:39,2,0,864
BRDA:40,3,0,864
BRDA:65,4,0,1
BRDA:65,4,1,0
BRDA:98,5,0,9
BRDA:98,5,1,316
BRDA:126,6,0,332
BRDA:126,6,1,1
BRDA:126,6,2,1
BRDA:126,6,3,0
BRDA:129,7,0,331
BRDA:129,7,1,1
BRDA:137,8,0,1
BRDA:137,8,1,0
BRDA:162,9,0,0
BRDA:162,9,1,1
BRDA:169,10,0,1
BRDA:169,10,1,0
BRDA:209,11,0,864
BRDA:209,11,1,861
BRDA:209,11,2,792
BRDA:217,12,0,864
BRDA:217,12,1,861
BRDA:217,12,2,7
BRDA:224,13,0,864
BRDA:224,13,1,861
BRDA:224,13,2,62
BRDA:231,14,0,864
BRDA:231,14,1,3
BRDA:231,14,2,2
BRDA:255,15,0,792
BRF:33
BRH:27
end_of_record
TN:
SF:app/hooks/use-categories.js
FN:14,(anonymous_0)
FNF:1
FNH:1
FNDA:21,(anonymous_0)
DA:14,4
DA:15,21
DA:16,21
DA:17,0
DA:19,21
LF:5
LH:4
BRDA:16,0,0,0
BRDA:16,0,1,21
BRF:2
BRH:1
end_of_record
TN:
SF:app/hooks/use-currency.js
FN:14,(anonymous_0)
FNF:1
FNH:1
FNDA:1074,(anonymous_0)
DA:14,71
DA:15,1074
DA:16,1074
DA:17,0
DA:19,1074
LF:5
LH:4
BRDA:16,0,0,0
BRDA:16,0,1,1074
BRF:2
BRH:1
end_of_record
TN:
SF:app/hooks/use-intersection-observer.js
FN:21,(anonymous_0)
FN:26,(anonymous_1)
FN:42,(anonymous_2)
FN:45,(anonymous_3)
FN:56,(anonymous_4)
FNF:5
FNH:3
FNDA:124,(anonymous_0)
FNDA:41,(anonymous_1)
FNDA:12,(anonymous_2)
FNDA:0,(anonymous_3)
FNDA:0,(anonymous_4)
DA:21,70
DA:22,124
DA:24,124
DA:26,124
DA:27,41
DA:31,12
DA:36,12
DA:37,12
DA:42,12
DA:45,0
DA:46,0
DA:47,0
DA:48,0
DA:49,0
DA:53,0
DA:56,0
DA:57,0
DA:61,124
LF:18
LH:10
BRDA:21,0,0,0
BRDA:27,1,0,29
BRDA:27,1,1,12
BRDA:31,2,0,12
BRDA:31,2,1,0
BRDA:32,3,0,12
BRDA:32,3,1,0
BRDA:32,3,2,0
BRDA:36,4,0,12
BRDA:36,4,1,0
BRDA:48,5,0,0
BRDA:48,5,1,0
BRDA:48,6,0,0
BRDA:48,6,1,0
BRF:14
BRH:5
end_of_record
TN:
SF:app/hooks/use-limit-urls.js
FN:21,(anonymous_0)
FN:25,(anonymous_1)
FNF:2
FNH:2
FNDA:24,(anonymous_0)
FNDA:14,(anonymous_1)
DA:21,71
DA:22,24
DA:24,24
DA:26,14
LF:4
LH:4
BRF:0
BRH:0
end_of_record
TN:
SF:app/hooks/use-multi-site.js
FN:16,(anonymous_0)
FN:24,(anonymous_1)
FNF:2
FNH:2
FNDA:2697,(anonymous_0)
FNDA:1256,(anonymous_1)
DA:16,69
DA:17,2697
DA:18,2697
DA:19,0
DA:21,2697
DA:23,2697
DA:25,1256
DA:33,2697
LF:8
LH:7
BRDA:18,0,0,0
BRDA:18,0,1,2697
BRDA:27,1,0,0
BRDA:27,1,1,1256
BRDA:27,2,0,1256
BRDA:27,2,1,0
BRDA:28,3,0,0
BRDA:28,3,1,1256
BRDA:28,4,0,1256
BRDA:28,4,1,1256
BRF:10
BRH:6
end_of_record
TN:
SF:app/hooks/use-navigation.js
FN:16,(anonymous_0)
FN:28,(anonymous_1)
FNF:2
FNH:2
FNDA:1470,(anonymous_0)
FNDA:20,(anonymous_1)
DA:16,70
DA:17,1470
DA:19,1468
DA:21,1468
DA:29,20
DA:30,20
LF:6
LH:6
BRDA:28,0,0,19
BRDA:30,1,0,2
BRDA:30,1,1,18
BRF:3
BRH:3
end_of_record
TN:
SF:app/hooks/use-page-urls.js
FN:21,(anonymous_0)
FN:26,(anonymous_1)
FN:32,(anonymous_2)
FNF:3
FNH:3
FNDA:28,(anonymous_0)
FNDA:17,(anonymous_1)
FNDA:32,(anonymous_2)
DA:21,71
DA:22,28
DA:23,28
DA:24,28
DA:26,28
DA:27,17
DA:29,17
DA:32,32
LF:8
LH:8
BRDA:21,0,0,0
BRDA:24,1,0,28
BRDA:24,1,1,24
BRF:3
BRH:2
end_of_record
TN:
SF:app/hooks/use-pdp-search-params.js
FN:9,(anonymous_0)
FNF:1
FNH:1
FNDA:523,(anonymous_0)
DA:9,73
DA:10,523
DA:12,523
DA:13,523
DA:15,523
LF:5
LH:5
BRDA:13,0,0,523
BRDA:13,0,1,450
BRF:2
BRH:2
end_of_record
TN:
SF:app/hooks/use-product-view-modal.js
FN:24,(anonymous_0)
FN:33,(anonymous_1)
FN:34,(anonymous_2)
FN:40,(anonymous_3)
FN:44,(anonymous_4)
FN:49,(anonymous_5)
FN:51,(anonymous_6)
FNF:7
FNH:7
FNDA:22,(anonymous_0)
FNDA:16,(anonymous_1)
FNDA:46,(anonymous_2)
FNDA:8,(anonymous_3)
FNDA:8,(anonymous_4)
FNDA:9,(anonymous_5)
FNDA:9,(anonymous_6)
DA:24,9
DA:25,22
DA:26,22
DA:27,22
DA:28,22
DA:29,22
DA:30,22
DA:31,22
DA:32,22
DA:33,22
DA:34,46
DA:35,16
DA:37,16
DA:40,22
DA:43,8
DA:44,8
DA:45,8
DA:49,22
DA:51,9
DA:53,9
DA:54,1
DA:55,1
DA:61,0
DA:62,0
DA:63,0
DA:67,0
DA:69,0
DA:70,0
DA:73,9
DA:74,8
DA:76,8
DA:80,8
DA:82,9
DA:85,22
LF:34
LH:28
BRDA:53,0,0,1
BRDA:53,0,1,8
BRDA:53,1,0,9
BRDA:53,1,1,8
BRDA:61,2,0,0
BRDA:61,2,1,0
BRDA:73,3,0,8
BRDA:73,3,1,1
BRF:8
BRH:6
end_of_record
TN:
SF:app/hooks/use-product.js
FN:18,(anonymous_0)
FN:60,(anonymous_1)
FNF:2
FNH:2
FNDA:120,(anonymous_0)
FNDA:45,(anonymous_1)
DA:14,70
DA:15,70
DA:18,70
DA:19,120
DA:20,120
DA:21,120
DA:22,120
DA:23,120
DA:25,120
DA:26,120
DA:27,120
DA:28,120
DA:29,120
DA:36,120
DA:38,120
DA:39,120
DA:52,120
DA:54,120
DA:60,120
DA:61,45
DA:64,120
LF:21
LH:21
BRDA:18,0,0,41
BRDA:20,1,0,120
BRDA:20,1,1,29
BRDA:21,2,0,120
BRDA:21,2,1,14
BRDA:22,3,0,91
BRDA:22,3,1,29
BRDA:22,4,0,91
BRDA:22,4,1,0
BRDA:23,5,0,120
BRDA:23,5,1,80
BRDA:23,5,2,0
BRDA:36,6,0,120
BRDA:36,6,1,91
BRDA:36,6,2,29
BRDA:52,7,0,120
BRDA:52,7,1,64
BRDA:52,7,2,62
BRDA:54,8,0,120
BRDA:54,8,1,29
BRDA:54,8,2,91
BRDA:54,8,3,0
BRF:22
BRH:19
end_of_record
TN:
SF:app/hooks/use-search-params.js
FN:23,(anonymous_0)
FN:42,(anonymous_1)
FN:46,(anonymous_2)
FN:70,(anonymous_3)
FN:78,(anonymous_4)
FNF:5
FNH:5
FNDA:57,(anonymous_0)
FNDA:3,(anonymous_1)
FNDA:3,(anonymous_2)
FNDA:58,(anonymous_3)
FNDA:58,(anonymous_4)
DA:14,72
DA:23,72
DA:24,57
DA:27,57
DA:32,57
DA:42,72
DA:43,3
DA:46,3
DA:47,3
DA:58,3
DA:59,3
DA:70,72
DA:71,58
DA:74,58
DA:77,58
DA:78,58
DA:79,58
DA:90,58
LF:18
LH:18
BRDA:23,0,0,53
BRDA:70,1,0,58
BRDA:74,2,0,0
BRDA:74,2,1,58
BRDA:77,3,0,58
BRDA:77,3,1,0
BRF:6
BRH:4
end_of_record
TN:
SF:app/hooks/use-sort-urls.js
FN:18,(anonymous_0)
FN:22,(anonymous_1)
FN:26,(anonymous_2)
FNF:3
FNH:3
FNDA:24,(anonymous_0)
FNDA:14,(anonymous_1)
FNDA:106,(anonymous_2)
DA:18,71
DA:19,24
DA:21,24
DA:23,14
DA:26,106
LF:5
LH:5
BRDA:18,0,0,0
BRF:1
BRH:0
end_of_record
TN:
SF:app/hooks/use-toast.js
FN:29,useToast
FN:32,(anonymous_1)
FN:54,(anonymous_2)
FNF:3
FNH:3
FNDA:1078,useToast
FNDA:6,(anonymous_1)
FNDA:2,(anonymous_2)
DA:30,1078
DA:32,1078
DA:41,6
DA:50,6
DA:51,1
DA:55,2
DA:66,6
LF:7
LH:7
BRDA:36,0,0,6
BRDA:37,1,0,5
BRDA:38,2,0,5
BRDA:39,3,0,6
BRDA:50,4,0,1
BRDA:50,4,1,5
BRF:6
BRH:6
end_of_record
TN:
SF:app/hooks/use-variant.js
FN:19,(anonymous_0)
FN:25,(anonymous_1)
FN:28,(anonymous_2)
FNF:3
FNH:3
FNDA:156,(anonymous_0)
FNDA:1669,(anonymous_1)
FNDA:2649,(anonymous_2)
DA:19,71
DA:20,156
DA:21,156
DA:25,156
DA:28,2649
DA:31,156
LF:6
LH:6
BRDA:19,0,0,0
BRDA:19,1,0,36
BRDA:20,2,0,37
BRDA:31,3,0,87
BRDA:31,3,1,69
BRF:5
BRH:4
end_of_record
TN:
SF:app/hooks/use-variation-attributes.js
FN:26,(anonymous_0)
FN:30,(anonymous_1)
FN:31,(anonymous_2)
FN:32,(anonymous_3)
FN:37,(anonymous_4)
FN:51,(anonymous_5)
FN:79,(anonymous_6)
FN:81,(anonymous_7)
FN:83,(anonymous_8)
FN:86,(anonymous_9)
FN:99,(anonymous_10)
FN:107,(anonymous_11)
FN:108,(anonymous_12)
FN:112,(anonymous_13)
FN:116,(anonymous_14)
FNF:15
FNH:15
FNDA:571,(anonymous_0)
FNDA:2796,(anonymous_1)
FNDA:581,(anonymous_2)
FNDA:579,(anonymous_3)
FNDA:579,(anonymous_4)
FNDA:571,(anonymous_5)
FNDA:571,(anonymous_6)
FNDA:9544,(anonymous_7)
FNDA:17257,(anonymous_8)
FNDA:485,(anonymous_9)
FNDA:121,(anonymous_10)
FNDA:72,(anonymous_11)
FNDA:135,(anonymous_12)
FNDA:280,(anonymous_13)
FNDA:571,(anonymous_14)
DA:26,71
DA:27,571
DA:29,571
DA:30,2796
DA:32,581
DA:33,581
DA:37,581
DA:40,571
DA:51,71
DA:58,571
DA:60,571
DA:61,96
DA:62,96
DA:64,475
DA:67,571
DA:79,71
DA:80,571
DA:82,9544
DA:83,17257
DA:86,485
DA:99,71
DA:100,121
DA:101,121
DA:102,121
DA:104,121
DA:106,121
DA:108,135
DA:112,280
DA:117,571
DA:122,571
LF:30
LH:30
BRDA:27,0,0,0
BRDA:31,1,0,2
BRDA:33,2,0,581
BRDA:33,2,1,2
BRDA:60,3,0,96
BRDA:60,3,1,475
BRDA:99,4,0,0
BRDA:99,5,0,1
BRDA:100,6,0,27
BRF:9
BRH:7
end_of_record
TN:
SF:app/hooks/use-variation-params.js
FN:14,(anonymous_0)
FN:24,(anonymous_1)
FN:25,(anonymous_2)
FNF:3
FNH:3
FNDA:400,(anonymous_0)
FNDA:791,(anonymous_1)
FNDA:791,(anonymous_2)
DA:14,73
DA:15,400
DA:17,400
DA:18,400
DA:23,400
DA:24,791
DA:26,791
DA:27,791
DA:30,400
LF:9
LH:9
BRDA:14,0,0,0
BRDA:14,1,0,3
BRDA:15,2,0,91
BRDA:15,3,0,252
BRDA:18,4,0,117
BRDA:18,4,1,283
BRDA:26,5,0,791
BRDA:26,5,1,546
BRDA:27,6,0,590
BRDA:27,6,1,201
BRF:10
BRH:9
end_of_record
TN:
SF:app/hooks/use-wishlist.js
FN:12,(anonymous_0)
FNF:1
FNH:1
FNDA:216,(anonymous_0)
DA:9,70
DA:10,70
DA:12,70
DA:13,216
LF:4
LH:4
BRF:0
BRH:0
end_of_record
TN:
SF:app/page-designer/index.js
FNF:0
FNH:0
LF:0
LH:0
BRF:0
BRH:0
end_of_record
TN:
SF:app/page-designer/assets/index.js
FNF:0
FNH:0
LF:0
LH:0
BRF:0
BRH:0
end_of_record
TN:
SF:app/page-designer/assets/image-tile/index.jsx
FN:16,(anonymous_0)
FNF:1
FNH:1
FNDA:1,(anonymous_0)
DA:16,1
DA:17,1
DA:37,1
LF:3
LH:3
BRDA:26,0,0,0
BRDA:26,0,1,1
BRDA:47,1,0,1
BRDA:47,1,1,0
BRF:4
BRH:2
end_of_record
TN:
SF:app/page-designer/assets/image-with-text/index.jsx
FN:23,(anonymous_0)
FNF:1
FNH:1
FNDA:1,(anonymous_0)
DA:23,1
DA:24,1
DA:26,1
DA:114,1
LF:4
LH:4
BRDA:24,0,0,1
BRDA:24,0,1,0
BRDA:42,1,0,0
BRDA:42,1,1,1
BRDA:50,2,0,1
BRDA:50,2,1,1
BRDA:52,3,0,1
BRDA:52,3,1,1
BRDA:87,4,0,1
BRDA:87,4,1,1
BRDA:130,5,0,1
BRDA:130,5,1,0
BRF:12
BRH:9
end_of_record
TN:
SF:app/page-designer/core/index.js
FNF:0
FNH:0
LF:0
LH:0
BRF:0
BRH:0
end_of_record
TN:
SF:app/page-designer/core/types.js
FNF:0
FNH:0
DA:12,73
DA:21,73
DA:29,73
LF:3
LH:3
BRF:0
BRH:0
end_of_record
TN:
SF:app/page-designer/core/component/index.jsx
FN:18,(anonymous_0)
FN:22,(anonymous_1)
FNF:2
FNH:2
FNDA:34,(anonymous_0)
FNDA:5,(anonymous_1)
DA:18,73
DA:19,34
DA:21,30
DA:22,5
DA:23,30
DA:25,30
DA:34,73
DA:36,73
LF:8
LH:8
BRDA:21,0,0,30
BRDA:21,0,1,5
BRF:2
BRH:2
end_of_record
TN:
SF:app/page-designer/core/page/index.jsx
[...]
BRDA:85,9,1,23
BRDA:87,10,0,23
BRDA:87,10,1,92
BRDA:92,11,0,115
BRDA:92,11,1,23
BRDA:98,12,0,65
BRDA:98,12,1,50
BRF:26
BRH:21
end_of_record
TN:
SF:app/pages/product-list/partials/selected-refinements.jsx
FN:17,(anonymous_0)
FN:18,(anonymous_1)
FN:21,(anonymous_2)
FN:29,(anonymous_3)
FN:34,(anonymous_4)
FN:55,(anonymous_5)
FN:69,(anonymous_6)
FNF:7
FNH:5
FNDA:46,(anonymous_0)
FNDA:368,(anonymous_1)
FNDA:1,(anonymous_2)
FNDA:138,(anonymous_3)
FNDA:0,(anonymous_4)
FNDA:46,(anonymous_5)
FNDA:0,(anonymous_6)
DA:17,1
DA:18,368
DA:19,46
DA:20,46
DA:21,46
DA:22,1
DA:23,1
DA:26,46
DA:27,46
DA:28,138
DA:29,138
DA:30,138
DA:34,0
DA:41,138
DA:42,46
DA:47,46
DA:56,46
DA:70,0
DA:101,1
LF:19
LH:17
BRDA:32,0,0,0
BRDA:32,0,1,138
BRDA:41,1,0,46
BRDA:41,1,1,92
BRDA:41,2,0,138
BRDA:41,2,1,92
BRDA:80,3,0,46
BRDA:80,3,1,46
BRF:8
BRH:7
end_of_record
TN:
SF:app/pages/product-list/partials/size-refinements.jsx
FN:12,(anonymous_0)
FN:21,(anonymous_1)
FN:22,(anonymous_2)
FN:34,(anonymous_3)
FNF:4
FNH:3
FNDA:23,(anonymous_0)
FNDA:575,(anonymous_1)
FNDA:276,(anonymous_2)
FNDA:0,(anonymous_3)
DA:12,1
DA:13,23
DA:18,23
DA:21,575
DA:23,276
DA:27,276
DA:34,0
DA:48,1
LF:8
LH:7
BRDA:23,0,0,0
BRDA:23,0,1,276
BRDA:31,1,0,0
BRDA:31,1,1,276
BRDA:32,2,0,0
BRDA:32,2,1,276
BRDA:33,3,0,0
BRDA:33,3,1,276
BRF:8
BRH:4
end_of_record
TN:
SF:app/pages/registration/index.jsx
FN:19,(anonymous_0)
FN:26,(anonymous_1)
FN:35,(anonymous_2)
FN:42,(anonymous_3)
FN:61,(anonymous_4)
FN:68,(anonymous_5)
FNF:6
FNH:4
FNDA:10,(anonymous_0)
FNDA:1,(anonymous_1)
FNDA:4,(anonymous_2)
FNDA:3,(anonymous_3)
FNDA:0,(anonymous_4)
FNDA:0,(anonymous_5)
DA:19,2
DA:20,10
DA:21,10
DA:22,10
DA:23,10
DA:24,10
DA:26,10
DA:27,1
DA:28,1
DA:30,0
DA:35,10
DA:36,4
DA:37,1
DA:42,10
DA:43,3
DA:46,10
DA:61,0
DA:68,2
DA:70,2
LF:19
LH:17
BRDA:36,0,0,1
BRDA:36,0,1,3
BRDA:36,1,0,4
BRDA:36,1,1,1
BRF:4
BRH:4
end_of_record
TN:
SF:app/pages/reset-password/index.jsx
FN:21,(anonymous_0)
FN:30,(anonymous_1)
FN:41,(anonymous_2)
FN:61,(anonymous_3)
FN:80,(anonymous_4)
FN:84,(anonymous_5)
FN:98,(anonymous_6)
FNF:7
FNH:6
FNDA:17,(anonymous_0)
FNDA:2,(anonymous_1)
FNDA:4,(anonymous_2)
FNDA:1,(anonymous_3)
FNDA:3,(anonymous_4)
FNDA:1,(anonymous_5)
FNDA:0,(anonymous_6)
DA:21,2
DA:22,17
DA:23,17
DA:24,17
DA:25,17
DA:26,17
DA:27,17
DA:28,17
DA:30,17
DA:31,2
DA:32,2
DA:33,1
DA:34,1
DA:36,1
DA:41,17
DA:42,4
DA:45,17
DA:61,1
DA:80,3
DA:84,1
DA:98,2
DA:100,2
LF:22
LH:22
BRDA:57,0,0,14
BRDA:57,0,1,3
BRF:2
BRH:2
end_of_record
TN:
SF:app/pages/youtube/index.jsx
FN:5,Youtube
FNF:1
FNH:1
FNDA:2,Youtube
DA:6,2
LF:1
LH:1
BRF:0
BRH:0
end_of_record
TN:
SF:app/partials/product-view/index.jsx
FN:29,(anonymous_0)
FN:80,(anonymous_1)
FN:93,(anonymous_2)
FN:94,(anonymous_3)
FN:126,(anonymous_4)
FN:145,(anonymous_5)
FN:170,(anonymous_6)
FN:190,(anonymous_7)
FN:247,(anonymous_8)
FN:253,(anonymous_9)
FN:259,(anonymous_10)
FN:335,(anonymous_11)
FN:345,(anonymous_12)
FN:355,(anonymous_13)
FN:410,(anonymous_14)
FN:420,(anonymous_15)
FN:427,(anonymous_16)
FNF:17
FNH:16
FNDA:130,(anonymous_0)
FNDA:79,(anonymous_1)
FNDA:11,(anonymous_2)
FNDA:61,(anonymous_3)
FNDA:11,(anonymous_4)
FNDA:158,(anonymous_5)
FNDA:5,(anonymous_6)
FNDA:2,(anonymous_7)
FNDA:30,(anonymous_8)
FNDA:65,(anonymous_9)
FNDA:33,(anonymous_10)
FNDA:162,(anonymous_11)
FNDA:1,(anonymous_12)
FNDA:621,(anonymous_13)
FNDA:2,(anonymous_14)
FNDA:0,(anonymous_15)
FNDA:1,(anonymous_16)
DA:29,10
DA:30,130
DA:31,130
DA:32,130
DA:34,130
DA:65,10
DA:73,10
DA:79,10
DA:95,61
DA:99,79
DA:100,79
DA:101,79
DA:106,79
DA:107,79
DA:108,79
DA:121,79
DA:122,79
DA:123,79
DA:124,79
DA:126,79
DA:127,11
DA:129,11
DA:130,11
DA:131,11
DA:133,11
DA:135,11
DA:136,0
DA:142,11
DA:145,79
DA:146,158
DA:147,158
DA:170,158
DA:171,5
DA:173,5
DA:174,2
DA:177,3
DA:178,3
DA:179,1
DA:180,1
DA:182,2
DA:184,2
DA:190,158
DA:191,2
DA:192,2
DA:193,1
DA:194,1
DA:196,1
DA:199,158
DA:200,144
DA:218,158
DA:219,134
DA:238,158
DA:243,79
DA:244,39
DA:247,79
DA:248,30
DA:249,0
DA:253,79
DA:254,65
DA:255,28
DA:259,79
DA:260,33
DA:261,15
DA:265,79
DA:341,162
DA:342,162
DA:346,1
DA:347,1
DA:356,621
DA:412,2
DA:413,1
DA:414,1
DA:417,1
DA:422,0
DA:423,0
DA:424,0
DA:431,1
DA:501,10
DA:503,10
LF:79
LH:74
BRDA:36,0,0,130
BRDA:36,0,1,24
BRDA:50,1,0,130
BRDA:50,1,1,24
BRDA:57,2,0,130
BRDA:57,2,1,0
BRDA:84,3,0,75
BRDA:85,4,0,75
BRDA:86,5,0,79
BRDA:92,6,0,40
BRDA:93,7,0,35
BRDA:94,8,0,67
BRDA:95,9,0,61
BRDA:95,9,1,61
BRDA:95,9,2,34
BRDA:95,9,3,33
BRDA:126,10,0,5
BRDA:127,11,0,5
BRDA:130,12,0,11
BRDA:130,12,1,8
BRDA:131,13,0,11
BRDA:131,13,1,3
BRDA:135,14,0,0
BRDA:135,14,1,11
BRDA:173,15,0,2
BRDA:173,15,1,3
BRDA:177,16,0,0
BRDA:177,16,1,3
BRDA:177,17,0,3
BRDA:177,17,1,1
BRDA:178,18,0,1
BRDA:178,18,1,2
BRDA:191,19,0,0
BRDA:191,19,1,2
BRDA:191,20,0,2
BRDA:191,20,1,1
BRDA:192,21,0,1
BRDA:192,21,1,1
BRDA:199,22,0,144
BRDA:199,22,1,14
BRDA:199,23,0,158
BRDA:199,23,1,18
BRDA:209,24,0,4
BRDA:209,24,1,140
BRDA:211,25,0,26
BRDA:211,25,1,114
BRDA:218,26,0,134
BRDA:218,26,1,24
BRDA:218,27,0,158
BRDA:218,27,1,30
BRDA:223,28,0,134
BRDA:223,28,1,134
BRDA:229,29,0,6
BRDA:229,29,1,128
BRDA:231,30,0,26
BRDA:231,30,1,102
BRDA:243,31,0,39
BRDA:243,31,1,40
BRDA:248,32,0,0
BRDA:248,32,1,30
BRDA:254,33,0,28
BRDA:254,33,1,37
BRDA:254,34,0,65
BRDA:254,34,1,53
BRDA:260,35,0,15
BRDA:260,35,1,18
BRDA:279,36,0,79
BRDA:279,36,1,0
BRDA:288,37,0,79
BRDA:288,37,1,4
BRDA:288,37,2,4
BRDA:322,38,0,0
BRDA:322,38,1,79
BRDA:340,39,0,0
BRDA:346,40,0,0
BRDA:346,40,1,1
BRDA:349,41,0,66
BRDA:349,41,1,96
BRDA:351,42,0,162
BRDA:351,42,1,55
BRDA:363,43,0,79
BRDA:363,43,1,542
BRDA:372,44,0,79
BRDA:372,44,1,0
BRDA:374,45,0,79
BRDA:374,45,1,0
BRDA:393,46,0,79
BRDA:393,46,1,66
BRDA:412,47,0,1
BRDA:412,47,1,1
BRDA:414,48,0,1
BRDA:414,48,1,0
BRDA:423,49,0,0
BRDA:423,49,1,0
BRDA:423,50,0,0
BRDA:423,50,1,0
BRDA:437,51,0,79
BRDA:437,51,1,79
BRDA:437,51,2,3
BRDA:449,52,0,79
BRDA:449,52,1,4
BRDA:449,52,2,4
BRDA:460,53,0,79
BRDA:460,53,1,13
BRDA:464,54,0,79
BRDA:464,54,1,79
BRDA:464,54,2,0
BRDA:473,55,0,39
BRDA:473,55,1,40
BRDA:487,56,0,39
BRDA:487,56,1,40
BRF:111
BRH:94
end_of_record
TN:
SF:app/utils/cc-utils.js
FN:17,(anonymous_0)
FN:28,(anonymous_1)
FN:42,(anonymous_2)
FN:69,(anonymous_3)
FN:81,(anonymous_4)
FNF:5
FNH:5
FNDA:37,(anonymous_0)
FNDA:105,(anonymous_1)
FNDA:135,(anonymous_2)
FNDA:7,(anonymous_3)
FNDA:1,(anonymous_4)
DA:17,9
DA:18,37
DA:19,37
DA:21,37
DA:22,1
DA:23,1
DA:26,37
DA:28,37
DA:29,105
DA:30,56
DA:34,37
DA:42,9
DA:43,135
DA:44,5
DA:46,130
DA:69,9
DA:70,7
DA:71,1
DA:73,6
DA:81,9
DA:83,1
DA:87,1
DA:89,1
LF:23
LH:23
BRDA:17,0,0,1
BRDA:17,1,0,2
BRDA:21,2,0,1
BRDA:21,2,1,36
BRDA:29,3,0,56
BRDA:29,3,1,49
BRDA:43,4,0,5
BRDA:43,4,1,130
BRDA:70,5,0,1
BRDA:70,5,1,6
BRF:10
BRH:10
end_of_record
TN:
SF:app/utils/image-groups-utils.js
FN:17,(anonymous_0)
FN:22,(anonymous_1)
FN:31,(anonymous_2)
FN:32,(anonymous_3)
FN:38,(anonymous_4)
FN:48,(anonymous_5)
FN:51,(anonymous_6)
FN:55,(anonymous_7)
FN:56,(anonymous_8)
FNF:9
FNH:9
FNDA:237,(anonymous_0)
FNDA:1099,(anonymous_1)
FNDA:312,(anonymous_2)
FNDA:196,(anonymous_3)
FNDA:252,(anonymous_4)
FNDA:226,(anonymous_5)
FNDA:139,(anonymous_6)
FNDA:108,(anonymous_7)
FNDA:108,(anonymous_8)
DA:17,71
DA:18,237
DA:21,237
DA:22,1099
DA:28,237
DA:31,312
DA:32,196
DA:38,237
DA:39,252
DA:48,237
DA:49,226
DA:51,226
DA:52,139
DA:54,139
DA:56,108
DA:61,237
LF:16
LH:16
BRDA:17,0,0,49
BRDA:18,1,0,60
BRDA:31,2,0,115
BRDA:39,3,0,99
BRDA:39,3,1,153
BRDA:48,4,0,115
BRDA:56,5,0,108
BRDA:56,5,1,108
BRF:8
BRH:8
end_of_record
TN:
SF:app/utils/locale.js
FN:16,(anonymous_0)
FN:45,(anonymous_1)
FN:47,(anonymous_2)
FN:66,(anonymous_3)
FN:67,(anonymous_4)
FNF:5
FNH:5
FNDA:4,(anonymous_0)
FNDA:3,(anonymous_1)
FNDA:6,(anonymous_2)
FNDA:5,(anonymous_3)
FNDA:3,(anonymous_4)
DA:16,9
DA:18,4
DA:25,4
DA:26,4
DA:28,1
DA:29,1
DA:32,1
DA:35,3
DA:45,9
DA:46,3
DA:47,6
DA:48,3
DA:50,3
DA:55,3
DA:66,9
DA:67,5
DA:68,5
DA:71,9
LF:18
LH:18
BRDA:18,0,0,1
BRDA:18,0,1,3
BRDA:19,1,0,1
BRDA:19,1,1,0
BRDA:45,2,0,0
BRDA:45,3,0,0
BRDA:46,4,0,1
BRDA:46,4,1,2
BRDA:68,5,0,5
BRDA:68,5,1,3
BRF:10
BRH:7
end_of_record
TN:
SF:app/utils/password-utils.js
FN:13,(anonymous_0)
FNF:1
FNH:1
FNDA:93,(anonymous_0)
DA:13,70
DA:14,93
LF:2
LH:2
BRDA:15,0,0,62
BRDA:15,0,1,31
BRDA:15,1,0,93
BRDA:15,1,1,83
BRDA:16,2,0,83
BRDA:16,2,1,10
BRDA:16,3,0,93
BRDA:16,3,1,83
BRDA:17,4,0,78
BRDA:17,4,1,15
BRDA:17,5,0,93
BRDA:17,5,1,83
BRDA:18,6,0,72
BRDA:18,6,1,21
BRDA:18,7,0,93
BRDA:18,7,1,83
BRDA:19,8,0,59
BRDA:19,8,1,34
BRDA:19,9,0,93
BRDA:19,9,1,83
BRF:20
BRH:20
end_of_record
TN:
SF:app/utils/phone-utils.js
FN:13,(anonymous_0)
FNF:1
FNH:1
FNDA:49,(anonymous_0)
DA:13,7
DA:14,49
DA:15,47
DA:16,47
DA:17,47
DA:18,34
DA:19,11
DA:21,23
LF:8
LH:8
BRDA:14,0,0,2
BRDA:14,0,1,47
BRDA:17,1,0,13
BRDA:17,1,1,34
BRDA:18,2,0,11
BRDA:18,2,1,23
BRF:6
BRH:6
end_of_record
TN:
SF:app/utils/product-utils.js
FN:23,(anonymous_0)
FN:24,(anonymous_1)
FN:25,(anonymous_2)
FN:27,(anonymous_3)
FNF:4
FNH:4
FNDA:8,(anonymous_0)
FNDA:18,(anonymous_1)
FNDA:30,(anonymous_2)
FNDA:54,(anonymous_3)
DA:23,71
DA:24,8
DA:25,30
DA:26,18
DA:27,54
DA:29,18
DA:34,8
LF:7
LH:7
BRDA:23,0,0,0
BRF:1
BRH:0
end_of_record
TN:
SF:app/utils/queue.js
FN:10,(anonymous_0)
FN:14,(anonymous_1)
FN:18,(anonymous_2)
FN:22,(anonymous_3)
FN:26,(anonymous_4)
FN:30,(anonymous_5)
FNF:6
FNH:6
FNDA:4,(anonymous_0)
FNDA:1,(anonymous_1)
FNDA:4,(anonymous_2)
FNDA:6,(anonymous_3)
FNDA:3,(anonymous_4)
FNDA:1,(anonymous_5)
DA:11,4
DA:15,1
DA:19,4
DA:23,6
DA:27,3
DA:31,1
DA:32,1
DA:33,1
LF:8
LH:8
BRF:0
BRH:0
end_of_record
TN:
SF:app/utils/responsive-image.js
FN:14,(anonymous_0)
FN:16,(anonymous_1)
FN:17,(anonymous_2)
FN:30,(anonymous_3)
FN:51,(anonymous_4)
FN:56,(anonymous_5)
FN:67,(anonymous_6)
FN:80,(anonymous_7)
FN:85,(anonymous_8)
FN:95,(anonymous_9)
FN:97,(anonymous_10)
FN:122,(anonymous_11)
FN:125,(anonymous_12)
FN:130,(anonymous_13)
FN:132,(anonymous_14)
FN:134,(anonymous_15)
FN:142,(anonymous_16)
FN:143,(anonymous_17)
FN:146,(anonymous_18)
FN:160,(anonymous_19)
FN:162,(anonymous_20)
FN:173,(anonymous_21)
FN:183,(anonymous_22)
FN:195,(anonymous_23)
FNF:24
FNH:24
FNDA:759,(anonymous_0)
FNDA:3795,(anonymous_1)
FNDA:4554,(anonymous_2)
FNDA:692,(anonymous_3)
FNDA:688,(anonymous_4)
FNDA:3272,(anonymous_5)
FNDA:688,(anonymous_6)
FNDA:2834,(anonymous_7)
FNDA:5668,(anonymous_8)
FNDA:688,(anonymous_9)
FNDA:4128,(anonymous_10)
FNDA:4128,(anonymous_11)
FNDA:688,(anonymous_12)
FNDA:688,(anonymous_13)
FNDA:3272,(anonymous_14)
FNDA:688,(anonymous_15)
FNDA:146,(anonymous_16)
FNDA:876,(anonymous_17)
FNDA:584,(anonymous_18)
FNDA:3283,(anonymous_19)
FNDA:19693,(anonymous_20)
FNDA:3282,(anonymous_21)
FNDA:5716,(anonymous_22)
FNDA:692,(anonymous_23)
DA:14,71
DA:15,759
DA:16,3795
DA:17,4554
DA:19,71
DA:20,71
DA:21,71
DA:30,71
DA:31,692
DA:32,4
DA:37,688
DA:38,688
DA:40,688
DA:51,71
DA:52,688
DA:54,688
DA:57,3272
DA:67,71
DA:68,688
DA:70,688
DA:71,687
DA:72,687
DA:74,687
DA:77,688
DA:79,688
DA:80,688
DA:81,2834
DA:82,2834
DA:85,5668
DA:88,71
DA:89,71
DA:95,71
DA:96,688
DA:98,4128
DA:99,21
DA:102,4107
DA:103,3896
DA:104,3896
DA:107,3896
DA:109,3896
DA:110,3282
DA:113,614
DA:115,211
DA:116,211
DA:118,0
DA:119,0
DA:122,4128
DA:125,688
DA:130,71
DA:132,3272
DA:134,688
DA:142,71
DA:143,876
DA:146,146
DA:147,584
DA:148,296
DA:149,296
DA:151,288
DA:160,71
DA:161,3283
DA:162,19693
DA:166,3283
DA:173,3282
DA:183,71
DA:186,5716
DA:195,71
DA:196,692
DA:197,692
LF:68
LH:66
BRDA:30,0,0,8
BRDA:31,1,0,4
BRDA:31,1,1,688
BRDA:52,2,0,615
BRDA:52,2,1,73
BRDA:57,3,0,688
BRDA:57,3,1,2584
BRDA:68,4,0,73
BRDA:68,4,1,615
BRDA:70,5,0,687
BRDA:70,5,1,1
BRDA:98,6,0,21
BRDA:98,6,1,4107
BRDA:102,7,0,3896
BRDA:102,7,1,211
BRDA:109,8,0,3282
BRDA:109,8,1,614
BRDA:113,9,0,1
BRDA:113,9,1,613
BRDA:115,10,0,211
BRDA:115,10,1,0
BRDA:132,11,0,8
BRDA:132,11,1,3264
BRDA:147,12,0,296
BRDA:147,12,1,288
BRDA:166,13,0,1
BRDA:166,13,1,3282
BRDA:173,14,0,3282
BRF:28
BRH:27
end_of_record
TN:
SF:app/utils/routes-utils.js
FN:21,(anonymous_0)
FN:37,(anonymous_1)
FN:42,(anonymous_2)
FN:53,(anonymous_3)
FN:59,(anonymous_4)
FN:79,(anonymous_5)
FN:91,(anonymous_6)
FN:104,(anonymous_7)
FN:105,(anonymous_8)
FNF:9
FNH:9
FNDA:9,(anonymous_0)
FNDA:34,(anonymous_1)
FNDA:85,(anonymous_2)
FNDA:20,(anonymous_3)
FNDA:60,(anonymous_4)
FNDA:16,(anonymous_5)
FNDA:24,(anonymous_6)
FNDA:198,(anonymous_7)
FNDA:3196,(anonymous_8)
DA:21,2
DA:22,9
DA:23,9
DA:25,9
DA:27,9
DA:28,9
DA:30,9
DA:31,9
DA:32,18
DA:34,18
DA:35,1
DA:37,17
DA:39,34
DA:40,34
DA:42,34
DA:43,85
DA:44,85
DA:46,34
DA:47,34
DA:49,34
DA:53,10
DA:55,20
DA:59,20
DA:61,60
DA:66,60
DA:74,34
DA:79,8
DA:80,16
DA:86,34
DA:91,8
DA:92,24
DA:100,17
DA:104,9
DA:105,3196
DA:106,168
DA:108,198
DA:110,9
LF:37
LH:37
BRDA:21,0,0,0
BRDA:21,1,0,0
BRDA:22,2,0,0
BRDA:22,2,1,9
BRDA:23,3,0,0
BRDA:23,3,1,9
BRDA:28,4,0,0
BRDA:28,4,1,9
BRDA:34,5,0,1
BRDA:34,5,1,17
BRDA:49,6,0,10
BRDA:49,6,1,24
BRDA:50,7,0,34
BRDA:50,7,1,18
BRDA:74,8,0,8
BRDA:74,8,1,26
BRDA:75,9,0,34
BRDA:75,9,1,16
BRDA:86,10,0,8
BRDA:86,10,1,26
BRDA:87,11,0,34
BRDA:87,11,1,18
BRDA:105,12,0,168
BRDA:105,12,1,30
BRF:24
BRH:19
end_of_record
TN:
SF:app/utils/site-utils.js
FN:18,(anonymous_0)
FN:32,(anonymous_1)
FN:52,(anonymous_2)
FN:60,(anonymous_3)
FN:67,(anonymous_4)
FN:74,(anonymous_5)
FN:88,(anonymous_6)
FN:93,(anonymous_7)
FNF:8
FNH:8
FNDA:16,(anonymous_0)
FNDA:26,(anonymous_1)
FNDA:1543,(anonymous_2)
FNDA:1545,(anonymous_3)
FNDA:2503,(anonymous_4)
FNDA:5003,(anonymous_5)
FNDA:919,(anonymous_6)
FNDA:1214,(anonymous_7)
DA:18,81
DA:19,16
DA:20,1
DA:22,15
DA:23,15
DA:27,15
DA:28,15
DA:32,26
DA:33,15
DA:34,7
DA:38,8
DA:40,8
DA:41,1
DA:45,7
DA:52,81
DA:53,1543
DA:54,1543
DA:56,1543
DA:57,1
DA:60,1545
DA:67,81
DA:68,2503
DA:70,2503
DA:71,1
DA:74,2502
DA:75,5003
DA:76,5003
DA:88,81
DA:89,919
DA:90,919
DA:92,919
DA:94,1214
LF:32
LH:32
BRDA:19,0,0,1
BRDA:19,0,1,15
BRDA:32,1,0,26
BRDA:32,1,1,26
BRDA:32,1,2,24
BRDA:33,2,0,7
BRDA:33,2,1,8
BRDA:40,3,0,1
BRDA:40,3,1,7
BRDA:56,4,0,1
BRDA:56,4,1,1542
BRDA:68,5,0,1
BRDA:68,6,0,1
BRDA:68,7,0,2503
BRDA:68,7,1,1
BRDA:70,8,0,1
BRDA:70,8,1,2502
BRDA:78,9,0,4996
BRDA:78,9,1,7
BRDA:93,10,0,919
BRDA:93,10,1,227
BRDA:94,11,0,1214
BRDA:94,11,1,612
BRF:23
BRH:23
end_of_record
TN:
SF:app/utils/url.js
FN:24,(anonymous_0)
FN:45,(anonymous_1)
FN:58,(anonymous_2)
FN:59,(anonymous_3)
FN:91,(anonymous_4)
FN:92,(anonymous_5)
FN:100,(anonymous_6)
FN:108,(anonymous_7)
FN:116,(anonymous_8)
FN:128,(anonymous_9)
FN:154,(anonymous_10)
FN:183,(anonymous_11)
FN:210,(anonymous_12)
FN:248,(anonymous_13)
FN:251,(anonymous_14)
FNF:15
FNH:15
FNDA:69,(anonymous_0)
FNDA:206,(anonymous_1)
FNDA:777,(anonymous_2)
FNDA:1787,(anonymous_3)
FNDA:51,(anonymous_4)
FNDA:192,(anonymous_5)
FNDA:11,(anonymous_6)
FNDA:629,(anonymous_7)
FNDA:8,(anonymous_8)
FNDA:5,(anonymous_9)
FNDA:1,(anonymous_10)
FNDA:609,(anonymous_11)
FNDA:1558,(anonymous_12)
FNDA:17,(anonymous_13)
FNDA:64,(anonymous_14)
DA:24,81
DA:25,69
DA:45,81
DA:46,206
DA:47,206
DA:49,206
DA:52,206
DA:55,206
DA:58,81
DA:59,777
DA:61,1787
DA:62,5
DA:64,1782
DA:91,81
DA:92,192
DA:100,81
DA:108,629
DA:116,81
DA:128,81
DA:129,5
DA:130,5
DA:131,5
DA:134,5
DA:135,3
DA:136,3
DA:139,5
DA:140,3
DA:141,3
DA:144,5
DA:146,5
DA:149,5
DA:151,5
DA:153,5
DA:154,1
DA:155,1
DA:159,5
DA:161,5
DA:164,5
DA:171,5
DA:183,81
DA:184,609
DA:185,609
DA:186,609
DA:187,609
DA:190,609
DA:192,609
DA:195,609
DA:198,609
DA:201,609
DA:204,609
DA:207,609
DA:210,609
DA:212,1558
DA:216,1558
DA:218,1558
DA:220,1558
DA:221,1558
DA:222,1558
DA:223,29
DA:224,29
DA:225,29
DA:226,29
DA:228,1558
DA:248,81
DA:249,17
DA:250,17
DA:251,17
DA:252,64
DA:253,4
DA:258,17
DA:260,17
LF:71
LH:71
BRDA:55,0,0,203
BRDA:55,0,1,3
BRDA:61,1,0,5
BRDA:61,1,1,1782
BRDA:61,2,0,1787
BRDA:61,2,1,172
BRDA:91,3,0,1
BRDA:91,4,0,1
BRDA:91,5,0,1
BRDA:91,6,0,22
BRDA:128,7,0,0
BRDA:129,8,0,5
BRDA:129,8,1,0
BRDA:134,9,0,3
BRDA:134,9,1,2
BRDA:139,10,0,3
BRDA:139,10,1,2
BRDA:149,11,0,4
BRDA:153,12,0,1
BRDA:153,12,1,4
BRDA:165,13,0,1
BRDA:165,13,1,4
BRDA:168,14,0,5
BRDA:168,14,1,0
BRDA:169,15,0,5
BRDA:169,15,1,1
BRDA:190,16,0,609
BRDA:190,16,1,555
BRDA:190,16,2,555
BRDA:192,17,0,609
BRDA:192,17,1,41
BRDA:192,17,2,0
BRDA:195,18,0,609
BRDA:195,18,1,32
BRDA:195,18,2,601
BRDA:195,18,3,24
BRDA:195,18,4,24
BRDA:198,19,0,609
BRDA:198,19,1,31
BRDA:198,19,2,602
BRDA:198,19,3,24
BRDA:198,19,4,24
BRDA:201,20,0,609
BRDA:201,20,1,589
BRDA:204,21,0,609
BRDA:204,21,1,547
BRDA:204,21,2,86
BRDA:204,21,3,24
BRDA:204,21,4,24
BRDA:207,22,0,609
BRDA:207,22,1,548
BRDA:207,22,2,85
BRDA:207,22,3,24
BRDA:207,22,4,24
BRDA:212,23,0,1558
BRDA:212,23,1,150
BRDA:212,23,2,150
BRDA:212,23,3,150
BRDA:212,23,4,131
BRDA:212,23,5,10
BRDA:212,23,6,0
BRDA:216,24,0,1378
BRDA:216,24,1,180
BRDA:216,25,0,1558
BRDA:216,25,1,1484
BRDA:216,25,2,1484
BRDA:218,26,0,1378
BRDA:218,26,1,180
BRDA:218,27,0,1558
BRDA:218,27,1,1485
BRDA:218,27,2,1484
BRDA:220,28,0,1558
BRDA:220,28,1,34
BRDA:220,28,2,0
BRDA:220,28,3,34
BRDA:222,29,0,29
BRDA:222,29,1,1529
BRDA:224,30,0,29
BRDA:224,30,1,17
BRDA:224,30,2,17
BRDA:225,31,0,29
BRDA:225,31,1,16
BRDA:225,31,2,16
BRDA:252,32,0,4
BRDA:252,32,1,60
BRDA:260,33,0,17
BRDA:260,33,1,1
BRF:87
BRH:81
end_of_record
TN:
SF:app/utils/utils.js
FN:17,(anonymous_0)
FN:21,(anonymous_1)
FN:25,(anonymous_2)
FN:26,(anonymous_3)
FN:27,(anonymous_4)
FN:30,(anonymous_5)
FN:43,(anonymous_6)
FN:44,(anonymous_7)
FN:58,(anonymous_8)
FN:78,(anonymous_9)
FN:85,(anonymous_10)
FN:86,(anonymous_11)
FN:110,(anonymous_12)
FN:126,(anonymous_13)
FN:134,(anonymous_14)
FN:143,(anonymous_15)
FN:151,(anonymous_16)
FN:160,(anonymous_17)
FN:164,(anonymous_18)
FN:174,(anonymous_19)
FN:194,(anonymous_20)
FN:208,(anonymous_21)
FN:218,(anonymous_22)
FN:222,(anonymous_23)
FN:255,(anonymous_24)
FN:260,(anonymous_25)
FN:272,(anonymous_26)
FN:284,(anonymous_27)
FN:292,(anonymous_28)
FNF:29
FNH:27
FNDA:2,(anonymous_0)
FNDA:1,(anonymous_1)
FNDA:3,(anonymous_2)
FNDA:1,(anonymous_3)
FNDA:2,(anonymous_4)
FNDA:1,(anonymous_5)
FNDA:54,(anonymous_6)
FNDA:108,(anonymous_7)
FNDA:58,(anonymous_8)
FNDA:4,(anonymous_9)
FNDA:2,(anonymous_10)
FNDA:2,(anonymous_11)
FNDA:117,(anonymous_12)
FNDA:8,(anonymous_13)
FNDA:10,(anonymous_14)
FNDA:24,(anonymous_15)
FNDA:23,(anonymous_16)
FNDA:22,(anonymous_17)
FNDA:24,(anonymous_18)
FNDA:52,(anonymous_19)
FNDA:0,(anonymous_20)
FNDA:52,(anonymous_21)
FNDA:104,(anonymous_22)
FNDA:237,(anonymous_23)
FNDA:614,(anonymous_24)
FNDA:618,(anonymous_25)
FNDA:9,(anonymous_26)
FNDA:11,(anonymous_27)
FNDA:0,(anonymous_28)
DA:17,81
DA:18,2
DA:19,1
DA:21,1
DA:25,81
DA:26,3
DA:27,3
DA:28,3
DA:29,3
DA:30,3
DA:31,1
DA:32,1
DA:34,3
DA:43,81
DA:44,54
DA:46,108
DA:47,108
DA:49,54
DA:58,81
DA:59,58
DA:60,498
DA:61,2
DA:64,56
DA:65,497
DA:66,1
DA:69,55
DA:78,81
DA:85,81
DA:86,2
DA:87,2
DA:92,2
DA:103,81
DA:110,81
DA:111,117
DA:112,0
DA:114,117
DA:115,117
DA:116,35
DA:118,82
DA:126,81
DA:127,8
DA:134,81
DA:135,10
DA:143,81
DA:151,81
DA:152,23
DA:160,81
DA:161,22
DA:164,24
DA:174,81
DA:175,52
DA:177,52
DA:178,52
DA:179,52
DA:180,52
DA:181,52
DA:184,52
DA:186,52
DA:187,52
DA:194,81
DA:195,0
DA:196,0
DA:197,0
DA:199,0
DA:208,81
DA:209,52
DA:210,0
DA:213,52
DA:214,52
DA:215,52
DA:216,52
DA:217,52
DA:218,52
DA:219,104
DA:220,104
DA:221,104
DA:222,104
DA:223,237
DA:224,237
DA:227,52
DA:228,52
DA:232,52
DA:235,52
DA:238,52
DA:239,52
DA:240,52
DA:241,52
DA:242,52
DA:255,81
DA:256,614
DA:257,0
DA:259,614
DA:260,618
DA:272,81
DA:273,9
DA:274,0
DA:276,9
DA:277,9
DA:278,9
DA:280,9
DA:281,3
DA:283,9
DA:284,11
DA:286,9
DA:287,9
DA:290,0
DA:291,0
DA:292,0
LF:108
LH:97
BRDA:18,0,0,1
BRDA:18,0,1,1
BRDA:25,1,0,2
BRDA:60,2,0,2
BRDA:60,2,1,496
BRDA:60,3,0,498
BRDA:60,3,1,498
BRDA:65,4,0,1
BRDA:65,4,1,496
BRDA:65,5,0,497
BRDA:65,5,1,496
BRDA:85,6,0,1
BRDA:86,7,0,2
BRDA:86,7,1,0
BRDA:87,8,0,1
BRDA:87,8,1,1
BRDA:87,9,0,2
BRDA:87,9,1,1
BRDA:111,10,0,0
BRDA:111,10,1,117
BRDA:115,11,0,35
BRDA:115,11,1,82
BRDA:184,12,0,52
BRDA:184,12,1,32
BRDA:186,13,0,52
BRDA:186,13,1,27
BRDA:196,14,0,0
BRDA:196,14,1,0
BRDA:209,15,0,0
BRDA:209,15,1,52
BRDA:256,16,0,0
BRDA:256,16,1,614
BRDA:260,17,0,618
BRDA:260,17,1,4
BRDA:273,18,0,0
BRDA:273,18,1,9
BRDA:280,19,0,3
BRDA:280,19,1,6
BRDA:284,20,0,11
BRDA:284,20,1,9
BRDA:286,21,0,9
BRDA:286,21,1,0
BRDA:292,22,0,0
BRDA:292,22,1,0
BRF:44
BRH:34
end_of_record
